ARM GAS  /var/folders/3q/0p8b__hx1wx8zj8b56q9glhc0000gn/T//ccgUH73Z.s 			page 1


   1              		.cpu cortex-m0plus
   2              		.arch armv6s-m
   3              		.fpu softvfp
   4              		.eabi_attribute 20, 1
   5              		.eabi_attribute 21, 1
   6              		.eabi_attribute 23, 3
   7              		.eabi_attribute 24, 1
   8              		.eabi_attribute 25, 1
   9              		.eabi_attribute 26, 1
  10              		.eabi_attribute 30, 1
  11              		.eabi_attribute 34, 0
  12              		.eabi_attribute 18, 4
  13              		.file	"sysmem.c"
  14              		.text
  15              	.Ltext0:
  16              		.cfi_sections	.debug_frame
  17              		.file 1 "Core/Src/sysmem.c"
  18              		.section	.text._sbrk,"ax",%progbits
  19              		.align	1
  20              		.global	_sbrk
  21              		.syntax unified
  22              		.code	16
  23              		.thumb_func
  25              	_sbrk:
  26              	.LVL0:
  27              	.LFB0:
   1:Core/Src/sysmem.c **** /**
   2:Core/Src/sysmem.c ****  ******************************************************************************
   3:Core/Src/sysmem.c ****  * @file      sysmem.c
   4:Core/Src/sysmem.c ****  * @author    Generated by STM32CubeMX
   5:Core/Src/sysmem.c ****  * @brief     System Memory calls file
   6:Core/Src/sysmem.c ****  *
   7:Core/Src/sysmem.c ****  *            For more information about which C functions
   8:Core/Src/sysmem.c ****  *            need which of these lowlevel functions
   9:Core/Src/sysmem.c ****  *            please consult the Newlib or Picolibc libc manual
  10:Core/Src/sysmem.c ****  ******************************************************************************
  11:Core/Src/sysmem.c ****  * @attention
  12:Core/Src/sysmem.c ****  *
  13:Core/Src/sysmem.c ****  * Copyright (c) 2025 STMicroelectronics.
  14:Core/Src/sysmem.c ****  * All rights reserved.
  15:Core/Src/sysmem.c ****  *
  16:Core/Src/sysmem.c ****  * This software is licensed under terms that can be found in the LICENSE file
  17:Core/Src/sysmem.c ****  * in the root directory of this software component.
  18:Core/Src/sysmem.c ****  * If no LICENSE file comes with this software, it is provided AS-IS.
  19:Core/Src/sysmem.c ****  *
  20:Core/Src/sysmem.c ****  ******************************************************************************
  21:Core/Src/sysmem.c ****  */
  22:Core/Src/sysmem.c **** 
  23:Core/Src/sysmem.c **** /* Includes */
  24:Core/Src/sysmem.c **** #include <errno.h>
  25:Core/Src/sysmem.c **** #include <stdint.h>
  26:Core/Src/sysmem.c **** #include <stddef.h>
  27:Core/Src/sysmem.c **** 
  28:Core/Src/sysmem.c **** /**
  29:Core/Src/sysmem.c ****  * Pointer to the current high watermark of the heap usage
  30:Core/Src/sysmem.c ****  */
  31:Core/Src/sysmem.c **** static uint8_t *__sbrk_heap_end = NULL;
ARM GAS  /var/folders/3q/0p8b__hx1wx8zj8b56q9glhc0000gn/T//ccgUH73Z.s 			page 2


  32:Core/Src/sysmem.c **** 
  33:Core/Src/sysmem.c **** /**
  34:Core/Src/sysmem.c ****  * @brief _sbrk() allocates memory to the newlib heap and is used by malloc
  35:Core/Src/sysmem.c ****  *        and others from the C library
  36:Core/Src/sysmem.c ****  *
  37:Core/Src/sysmem.c ****  * @verbatim
  38:Core/Src/sysmem.c ****  * ############################################################################
  39:Core/Src/sysmem.c ****  * #  .data  #  .bss  #       newlib heap       #          MSP stack          #
  40:Core/Src/sysmem.c ****  * #         #        #                         # Reserved by _Min_Stack_Size #
  41:Core/Src/sysmem.c ****  * ############################################################################
  42:Core/Src/sysmem.c ****  * ^-- RAM start      ^-- _end                             _estack, RAM end --^
  43:Core/Src/sysmem.c ****  * @endverbatim
  44:Core/Src/sysmem.c ****  *
  45:Core/Src/sysmem.c ****  * This implementation starts allocating at the '_end' linker symbol
  46:Core/Src/sysmem.c ****  * The '_Min_Stack_Size' linker symbol reserves a memory for the MSP stack
  47:Core/Src/sysmem.c ****  * The implementation considers '_estack' linker symbol to be RAM end
  48:Core/Src/sysmem.c ****  * NOTE: If the MSP stack, at any point during execution, grows larger than the
  49:Core/Src/sysmem.c ****  * reserved size, please increase the '_Min_Stack_Size'.
  50:Core/Src/sysmem.c ****  *
  51:Core/Src/sysmem.c ****  * @param incr Memory size
  52:Core/Src/sysmem.c ****  * @return Pointer to allocated memory
  53:Core/Src/sysmem.c ****  */
  54:Core/Src/sysmem.c **** void *_sbrk(ptrdiff_t incr)
  55:Core/Src/sysmem.c **** {
  28              		.loc 1 55 1 view -0
  29              		.cfi_startproc
  30              		@ args = 0, pretend = 0, frame = 0
  31              		@ frame_needed = 0, uses_anonymous_args = 0
  32              		.loc 1 55 1 is_stmt 0 view .LVU1
  33 0000 10B5     		push	{r4, lr}
  34              		.cfi_def_cfa_offset 8
  35              		.cfi_offset 4, -8
  36              		.cfi_offset 14, -4
  37 0002 0300     		movs	r3, r0
  56:Core/Src/sysmem.c ****   extern uint8_t _end; /* Symbol defined in the linker script */
  38              		.loc 1 56 3 is_stmt 1 view .LVU2
  57:Core/Src/sysmem.c ****   extern uint8_t _estack; /* Symbol defined in the linker script */
  39              		.loc 1 57 3 view .LVU3
  58:Core/Src/sysmem.c ****   extern uint32_t _Min_Stack_Size; /* Symbol defined in the linker script */
  40              		.loc 1 58 3 view .LVU4
  59:Core/Src/sysmem.c ****   const uint32_t stack_limit = (uint32_t)&_estack - (uint32_t)&_Min_Stack_Size;
  41              		.loc 1 59 3 view .LVU5
  42              		.loc 1 59 32 is_stmt 0 view .LVU6
  43 0004 0C4A     		ldr	r2, .L7
  44              		.loc 1 59 53 view .LVU7
  45 0006 0D49     		ldr	r1, .L7+4
  60:Core/Src/sysmem.c ****   const uint8_t *max_heap = (uint8_t *)stack_limit;
  46              		.loc 1 60 3 is_stmt 1 view .LVU8
  59:Core/Src/sysmem.c ****   const uint32_t stack_limit = (uint32_t)&_estack - (uint32_t)&_Min_Stack_Size;
  47              		.loc 1 59 51 is_stmt 0 view .LVU9
  48 0008 521A     		subs	r2, r2, r1
  49              	.LVL1:
  61:Core/Src/sysmem.c ****   uint8_t *prev_heap_end;
  50              		.loc 1 61 3 is_stmt 1 view .LVU10
  62:Core/Src/sysmem.c **** 
  63:Core/Src/sysmem.c ****   /* Initialize heap end at first call */
  64:Core/Src/sysmem.c ****   if (NULL == __sbrk_heap_end)
ARM GAS  /var/folders/3q/0p8b__hx1wx8zj8b56q9glhc0000gn/T//ccgUH73Z.s 			page 3


  51              		.loc 1 64 3 view .LVU11
  52              		.loc 1 64 12 is_stmt 0 view .LVU12
  53 000a 0D49     		ldr	r1, .L7+8
  54 000c 0968     		ldr	r1, [r1]
  55              		.loc 1 64 6 view .LVU13
  56 000e 0029     		cmp	r1, #0
  57 0010 07D0     		beq	.L5
  58              	.LVL2:
  59              	.L2:
  65:Core/Src/sysmem.c ****   {
  66:Core/Src/sysmem.c ****     __sbrk_heap_end = &_end;
  67:Core/Src/sysmem.c ****   }
  68:Core/Src/sysmem.c **** 
  69:Core/Src/sysmem.c ****   /* Protect heap from growing into the reserved MSP stack */
  70:Core/Src/sysmem.c ****   if (__sbrk_heap_end + incr > max_heap)
  60              		.loc 1 70 3 is_stmt 1 view .LVU14
  61              		.loc 1 70 23 is_stmt 0 view .LVU15
  62 0012 0B49     		ldr	r1, .L7+8
  63 0014 0868     		ldr	r0, [r1]
  64 0016 C318     		adds	r3, r0, r3
  65              	.LVL3:
  66              		.loc 1 70 6 view .LVU16
  67 0018 9342     		cmp	r3, r2
  68 001a 06D8     		bhi	.L6
  71:Core/Src/sysmem.c ****   {
  72:Core/Src/sysmem.c ****     errno = ENOMEM;
  73:Core/Src/sysmem.c ****     return (void *)-1;
  74:Core/Src/sysmem.c ****   }
  75:Core/Src/sysmem.c **** 
  76:Core/Src/sysmem.c ****   prev_heap_end = __sbrk_heap_end;
  69              		.loc 1 76 3 is_stmt 1 view .LVU17
  70              	.LVL4:
  77:Core/Src/sysmem.c ****   __sbrk_heap_end += incr;
  71              		.loc 1 77 3 view .LVU18
  72              		.loc 1 77 19 is_stmt 0 view .LVU19
  73 001c 084A     		ldr	r2, .L7+8
  74              	.LVL5:
  75              		.loc 1 77 19 view .LVU20
  76 001e 1360     		str	r3, [r2]
  78:Core/Src/sysmem.c **** 
  79:Core/Src/sysmem.c ****   return (void *)prev_heap_end;
  77              		.loc 1 79 3 is_stmt 1 view .LVU21
  78              	.LVL6:
  79              	.L1:
  80:Core/Src/sysmem.c **** }
  80              		.loc 1 80 1 is_stmt 0 view .LVU22
  81              		@ sp needed
  82 0020 10BD     		pop	{r4, pc}
  83              	.LVL7:
  84              	.L5:
  66:Core/Src/sysmem.c ****   }
  85              		.loc 1 66 5 is_stmt 1 view .LVU23
  66:Core/Src/sysmem.c ****   }
  86              		.loc 1 66 21 is_stmt 0 view .LVU24
  87 0022 0749     		ldr	r1, .L7+8
  88 0024 0748     		ldr	r0, .L7+12
  89              	.LVL8:
ARM GAS  /var/folders/3q/0p8b__hx1wx8zj8b56q9glhc0000gn/T//ccgUH73Z.s 			page 4


  66:Core/Src/sysmem.c ****   }
  90              		.loc 1 66 21 view .LVU25
  91 0026 0860     		str	r0, [r1]
  92 0028 F3E7     		b	.L2
  93              	.LVL9:
  94              	.L6:
  72:Core/Src/sysmem.c ****     return (void *)-1;
  95              		.loc 1 72 5 is_stmt 1 view .LVU26
  96 002a FFF7FEFF 		bl	__errno
  97              	.LVL10:
  72:Core/Src/sysmem.c ****     return (void *)-1;
  98              		.loc 1 72 11 is_stmt 0 discriminator 1 view .LVU27
  99 002e 0C23     		movs	r3, #12
 100 0030 0360     		str	r3, [r0]
  73:Core/Src/sysmem.c ****   }
 101              		.loc 1 73 5 is_stmt 1 view .LVU28
  73:Core/Src/sysmem.c ****   }
 102              		.loc 1 73 12 is_stmt 0 view .LVU29
 103 0032 0120     		movs	r0, #1
 104 0034 4042     		rsbs	r0, r0, #0
 105 0036 F3E7     		b	.L1
 106              	.L8:
 107              		.align	2
 108              	.L7:
 109 0038 00000000 		.word	_estack
 110 003c 00000000 		.word	_Min_Stack_Size
 111 0040 00000000 		.word	__sbrk_heap_end
 112 0044 00000000 		.word	_end
 113              		.cfi_endproc
 114              	.LFE0:
 116              		.section	.bss.__sbrk_heap_end,"aw",%nobits
 117              		.align	2
 120              	__sbrk_heap_end:
 121 0000 00000000 		.space	4
 122              		.text
 123              	.Letext0:
 124              		.file 2 "/Users/killzyy/Library/Application Support/Code/User/globalStorage/bmd.stm32-for-vscode/@
 125              		.file 3 "/Users/killzyy/Library/Application Support/Code/User/globalStorage/bmd.stm32-for-vscode/@
 126              		.file 4 "/Users/killzyy/Library/Application Support/Code/User/globalStorage/bmd.stm32-for-vscode/@
 127              		.file 5 "/Users/killzyy/Library/Application Support/Code/User/globalStorage/bmd.stm32-for-vscode/@
ARM GAS  /var/folders/3q/0p8b__hx1wx8zj8b56q9glhc0000gn/T//ccgUH73Z.s 			page 5


DEFINED SYMBOLS
                            *ABS*:00000000 sysmem.c
/var/folders/3q/0p8b__hx1wx8zj8b56q9glhc0000gn/T//ccgUH73Z.s:19     .text._sbrk:00000000 $t
/var/folders/3q/0p8b__hx1wx8zj8b56q9glhc0000gn/T//ccgUH73Z.s:25     .text._sbrk:00000000 _sbrk
/var/folders/3q/0p8b__hx1wx8zj8b56q9glhc0000gn/T//ccgUH73Z.s:109    .text._sbrk:00000038 $d
/var/folders/3q/0p8b__hx1wx8zj8b56q9glhc0000gn/T//ccgUH73Z.s:120    .bss.__sbrk_heap_end:00000000 __sbrk_heap_end
/var/folders/3q/0p8b__hx1wx8zj8b56q9glhc0000gn/T//ccgUH73Z.s:117    .bss.__sbrk_heap_end:00000000 $d

UNDEFINED SYMBOLS
__errno
_estack
_Min_Stack_Size
_end
