ARM GAS  /var/folders/3q/0p8b__hx1wx8zj8b56q9glhc0000gn/T//ccY9OKZI.s 			page 1


   1              		.cpu cortex-m0plus
   2              		.arch armv6s-m
   3              		.fpu softvfp
   4              		.eabi_attribute 20, 1
   5              		.eabi_attribute 21, 1
   6              		.eabi_attribute 23, 3
   7              		.eabi_attribute 24, 1
   8              		.eabi_attribute 25, 1
   9              		.eabi_attribute 26, 1
  10              		.eabi_attribute 30, 1
  11              		.eabi_attribute 34, 0
  12              		.eabi_attribute 18, 4
  13              		.file	"stm32c0xx_hal_rcc_ex.c"
  14              		.text
  15              		.section	.text.HAL_RCCEx_PeriphCLKConfig,"ax",%progbits
  16              		.align	1
  17              		.global	HAL_RCCEx_PeriphCLKConfig
  18              		.syntax unified
  19              		.code	16
  20              		.thumb_func
  22              	HAL_RCCEx_PeriphCLKConfig:
  23              		@ args = 0, pretend = 0, frame = 8
  24              		@ frame_needed = 0, uses_anonymous_args = 0
  25 0000 70B5     		push	{r4, r5, r6, lr}
  26 0002 82B0     		sub	sp, sp, #8
  27 0004 0400     		movs	r4, r0
  28 0006 0368     		ldr	r3, [r0]
  29 0008 5B06     		lsls	r3, r3, #25
  30 000a 50D5     		bpl	.L15
  31 000c 424B     		ldr	r3, .L27
  32 000e DB6B     		ldr	r3, [r3, #60]
  33 0010 DB00     		lsls	r3, r3, #3
  34 0012 35D4     		bmi	.L16
  35 0014 404B     		ldr	r3, .L27
  36 0016 DA6B     		ldr	r2, [r3, #60]
  37 0018 8021     		movs	r1, #128
  38 001a 4905     		lsls	r1, r1, #21
  39 001c 0A43     		orrs	r2, r1
  40 001e DA63     		str	r2, [r3, #60]
  41 0020 DB6B     		ldr	r3, [r3, #60]
  42 0022 0B40     		ands	r3, r1
  43 0024 0193     		str	r3, [sp, #4]
  44 0026 019B     		ldr	r3, [sp, #4]
  45 0028 0125     		movs	r5, #1
  46              	.L3:
  47 002a 3B4B     		ldr	r3, .L27
  48 002c D96D     		ldr	r1, [r3, #92]
  49 002e C022     		movs	r2, #192
  50 0030 9200     		lsls	r2, r2, #2
  51 0032 0B00     		movs	r3, r1
  52 0034 1340     		ands	r3, r2
  53 0036 1142     		tst	r1, r2
  54 0038 35D0     		beq	.L17
  55 003a A269     		ldr	r2, [r4, #24]
  56 003c 9A42     		cmp	r2, r3
  57 003e 0DD0     		beq	.L5
  58 0040 354A     		ldr	r2, .L27
ARM GAS  /var/folders/3q/0p8b__hx1wx8zj8b56q9glhc0000gn/T//ccY9OKZI.s 			page 2


  59 0042 D36D     		ldr	r3, [r2, #92]
  60 0044 3549     		ldr	r1, .L27+4
  61 0046 0B40     		ands	r3, r1
  62 0048 D06D     		ldr	r0, [r2, #92]
  63 004a 8021     		movs	r1, #128
  64 004c 4902     		lsls	r1, r1, #9
  65 004e 0143     		orrs	r1, r0
  66 0050 D165     		str	r1, [r2, #92]
  67 0052 D16D     		ldr	r1, [r2, #92]
  68 0054 3248     		ldr	r0, .L27+8
  69 0056 0140     		ands	r1, r0
  70 0058 D165     		str	r1, [r2, #92]
  71 005a D365     		str	r3, [r2, #92]
  72              	.L5:
  73 005c DB07     		lsls	r3, r3, #31
  74 005e 11D4     		bmi	.L25
  75              	.L6:
  76 0060 2D4A     		ldr	r2, .L27
  77 0062 D36D     		ldr	r3, [r2, #92]
  78 0064 2D49     		ldr	r1, .L27+4
  79 0066 0B40     		ands	r3, r1
  80 0068 A169     		ldr	r1, [r4, #24]
  81 006a 0B43     		orrs	r3, r1
  82 006c D365     		str	r3, [r2, #92]
  83 006e 0020     		movs	r0, #0
  84              	.L9:
  85 0070 012D     		cmp	r5, #1
  86 0072 1DD1     		bne	.L2
  87 0074 284A     		ldr	r2, .L27
  88 0076 D36B     		ldr	r3, [r2, #60]
  89 0078 2A49     		ldr	r1, .L27+12
  90 007a 0B40     		ands	r3, r1
  91 007c D363     		str	r3, [r2, #60]
  92 007e 17E0     		b	.L2
  93              	.L16:
  94 0080 0025     		movs	r5, #0
  95 0082 D2E7     		b	.L3
  96              	.L25:
  97 0084 FFF7FEFF 		bl	HAL_GetTick
  98 0088 0600     		movs	r6, r0
  99              	.L7:
 100 008a 234B     		ldr	r3, .L27
 101 008c DB6D     		ldr	r3, [r3, #92]
 102 008e 9B07     		lsls	r3, r3, #30
 103 0090 07D4     		bmi	.L26
 104 0092 FFF7FEFF 		bl	HAL_GetTick
 105 0096 801B     		subs	r0, r0, r6
 106 0098 234B     		ldr	r3, .L27+16
 107 009a 9842     		cmp	r0, r3
 108 009c F5D9     		bls	.L7
 109 009e 0320     		movs	r0, #3
 110 00a0 02E0     		b	.L4
 111              	.L26:
 112 00a2 0020     		movs	r0, #0
 113 00a4 00E0     		b	.L4
 114              	.L17:
 115 00a6 0020     		movs	r0, #0
ARM GAS  /var/folders/3q/0p8b__hx1wx8zj8b56q9glhc0000gn/T//ccY9OKZI.s 			page 3


 116              	.L4:
 117 00a8 0028     		cmp	r0, #0
 118 00aa E1D1     		bne	.L9
 119 00ac D8E7     		b	.L6
 120              	.L15:
 121 00ae 0020     		movs	r0, #0
 122              	.L2:
 123 00b0 2368     		ldr	r3, [r4]
 124 00b2 DB07     		lsls	r3, r3, #31
 125 00b4 06D5     		bpl	.L10
 126 00b6 184A     		ldr	r2, .L27
 127 00b8 536D     		ldr	r3, [r2, #84]
 128 00ba 0321     		movs	r1, #3
 129 00bc 8B43     		bics	r3, r1
 130 00be A168     		ldr	r1, [r4, #8]
 131 00c0 0B43     		orrs	r3, r1
 132 00c2 5365     		str	r3, [r2, #84]
 133              	.L10:
 134 00c4 2368     		ldr	r3, [r4]
 135 00c6 9B07     		lsls	r3, r3, #30
 136 00c8 06D5     		bpl	.L11
 137 00ca 134A     		ldr	r2, .L27
 138 00cc 536D     		ldr	r3, [r2, #84]
 139 00ce 1749     		ldr	r1, .L27+20
 140 00d0 0B40     		ands	r3, r1
 141 00d2 E168     		ldr	r1, [r4, #12]
 142 00d4 0B43     		orrs	r3, r1
 143 00d6 5365     		str	r3, [r2, #84]
 144              	.L11:
 145 00d8 2368     		ldr	r3, [r4]
 146 00da 9B06     		lsls	r3, r3, #26
 147 00dc 06D5     		bpl	.L12
 148 00de 0E4A     		ldr	r2, .L27
 149 00e0 536D     		ldr	r3, [r2, #84]
 150 00e2 9B00     		lsls	r3, r3, #2
 151 00e4 9B08     		lsrs	r3, r3, #2
 152 00e6 6169     		ldr	r1, [r4, #20]
 153 00e8 0B43     		orrs	r3, r1
 154 00ea 5365     		str	r3, [r2, #84]
 155              	.L12:
 156 00ec 2368     		ldr	r3, [r4]
 157 00ee 5B07     		lsls	r3, r3, #29
 158 00f0 06D5     		bpl	.L13
 159 00f2 094A     		ldr	r2, .L27
 160 00f4 536D     		ldr	r3, [r2, #84]
 161 00f6 0E49     		ldr	r1, .L27+24
 162 00f8 0B40     		ands	r3, r1
 163 00fa 2169     		ldr	r1, [r4, #16]
 164 00fc 0B43     		orrs	r3, r1
 165 00fe 5365     		str	r3, [r2, #84]
 166              	.L13:
 167 0100 2368     		ldr	r3, [r4]
 168 0102 1B06     		lsls	r3, r3, #24
 169 0104 06D5     		bpl	.L14
 170 0106 044A     		ldr	r2, .L27
 171 0108 1368     		ldr	r3, [r2]
 172 010a E021     		movs	r1, #224
ARM GAS  /var/folders/3q/0p8b__hx1wx8zj8b56q9glhc0000gn/T//ccY9OKZI.s 			page 4


 173 010c 8B43     		bics	r3, r1
 174 010e 6168     		ldr	r1, [r4, #4]
 175 0110 0B43     		orrs	r3, r1
 176 0112 1360     		str	r3, [r2]
 177              	.L14:
 178 0114 02B0     		add	sp, sp, #8
 179              		@ sp needed
 180 0116 70BD     		pop	{r4, r5, r6, pc}
 181              	.L28:
 182              		.align	2
 183              	.L27:
 184 0118 00100240 		.word	1073876992
 185 011c FFFCFFFF 		.word	-769
 186 0120 FFFFFEFF 		.word	-65537
 187 0124 FFFFFFEF 		.word	-268435457
 188 0128 88130000 		.word	5000
 189 012c FFCFFFFF 		.word	-12289
 190 0130 FF3FFFFF 		.word	-49153
 192              		.section	.text.HAL_RCCEx_GetPeriphCLKConfig,"ax",%progbits
 193              		.align	1
 194              		.global	HAL_RCCEx_GetPeriphCLKConfig
 195              		.syntax unified
 196              		.code	16
 197              		.thumb_func
 199              	HAL_RCCEx_GetPeriphCLKConfig:
 200              		@ args = 0, pretend = 0, frame = 0
 201              		@ frame_needed = 0, uses_anonymous_args = 0
 202              		@ link register save eliminated.
 203 0000 E723     		movs	r3, #231
 204 0002 0360     		str	r3, [r0]
 205 0004 0E4B     		ldr	r3, .L30
 206 0006 596D     		ldr	r1, [r3, #84]
 207 0008 0322     		movs	r2, #3
 208 000a 0A40     		ands	r2, r1
 209 000c 8260     		str	r2, [r0, #8]
 210 000e 5A6D     		ldr	r2, [r3, #84]
 211 0010 C021     		movs	r1, #192
 212 0012 8901     		lsls	r1, r1, #6
 213 0014 0A40     		ands	r2, r1
 214 0016 C260     		str	r2, [r0, #12]
 215 0018 DA6D     		ldr	r2, [r3, #92]
 216 001a C021     		movs	r1, #192
 217 001c 8900     		lsls	r1, r1, #2
 218 001e 0A40     		ands	r2, r1
 219 0020 8261     		str	r2, [r0, #24]
 220 0022 5A6D     		ldr	r2, [r3, #84]
 221 0024 920F     		lsrs	r2, r2, #30
 222 0026 9207     		lsls	r2, r2, #30
 223 0028 4261     		str	r2, [r0, #20]
 224 002a 5A6D     		ldr	r2, [r3, #84]
 225 002c C021     		movs	r1, #192
 226 002e 0902     		lsls	r1, r1, #8
 227 0030 0A40     		ands	r2, r1
 228 0032 0261     		str	r2, [r0, #16]
 229 0034 1A68     		ldr	r2, [r3]
 230 0036 E023     		movs	r3, #224
 231 0038 1340     		ands	r3, r2
ARM GAS  /var/folders/3q/0p8b__hx1wx8zj8b56q9glhc0000gn/T//ccY9OKZI.s 			page 5


 232 003a 4360     		str	r3, [r0, #4]
 233              		@ sp needed
 234 003c 7047     		bx	lr
 235              	.L31:
 236 003e C046     		.align	2
 237              	.L30:
 238 0040 00100240 		.word	1073876992
 240              		.section	.text.HAL_RCCEx_GetPeriphCLKFreq,"ax",%progbits
 241              		.align	1
 242              		.global	HAL_RCCEx_GetPeriphCLKFreq
 243              		.syntax unified
 244              		.code	16
 245              		.thumb_func
 247              	HAL_RCCEx_GetPeriphCLKFreq:
 248              		@ args = 0, pretend = 0, frame = 0
 249              		@ frame_needed = 0, uses_anonymous_args = 0
 250 0000 10B5     		push	{r4, lr}
 251 0002 4028     		cmp	r0, #64
 252 0004 24D0     		beq	.L61
 253 0006 0428     		cmp	r0, #4
 254 0008 00D1     		bne	.LCB274
 255 000a A7E0     		b	.L37	@long jump
 256              	.LCB274:
 257 000c 47D8     		bhi	.L38
 258 000e 0128     		cmp	r0, #1
 259 0010 5DD0     		beq	.L39
 260 0012 0228     		cmp	r0, #2
 261 0014 41D1     		bne	.L62
 262 0016 694B     		ldr	r3, .L74
 263 0018 5A6D     		ldr	r2, [r3, #84]
 264 001a C023     		movs	r3, #192
 265 001c 9B01     		lsls	r3, r3, #6
 266 001e 1100     		movs	r1, r2
 267 0020 1940     		ands	r1, r3
 268 0022 1A42     		tst	r2, r3
 269 0024 00D1     		bne	.LCB288
 270 0026 89E0     		b	.L63	@long jump
 271              	.LCB288:
 272 0028 8023     		movs	r3, #128
 273 002a 5B01     		lsls	r3, r3, #5
 274 002c 9942     		cmp	r1, r3
 275 002e 00D1     		bne	.LCB292
 276 0030 87E0     		b	.L64	@long jump
 277              	.LCB292:
 278 0032 624B     		ldr	r3, .L74
 279 0034 1A68     		ldr	r2, [r3]
 280 0036 8023     		movs	r3, #128
 281 0038 DB00     		lsls	r3, r3, #3
 282 003a 1000     		movs	r0, r2
 283 003c 1840     		ands	r0, r3
 284 003e 1A42     		tst	r2, r3
 285 0040 2AD0     		beq	.L32
 286 0042 8023     		movs	r3, #128
 287 0044 9B01     		lsls	r3, r3, #6
 288 0046 9942     		cmp	r1, r3
 289 0048 00D1     		bne	.LCB304
 290 004a 7DE0     		b	.L65	@long jump
ARM GAS  /var/folders/3q/0p8b__hx1wx8zj8b56q9glhc0000gn/T//ccY9OKZI.s 			page 6


 291              	.LCB304:
 292 004c 0020     		movs	r0, #0
 293 004e 23E0     		b	.L32
 294              	.L61:
 295 0050 5A4A     		ldr	r2, .L74
 296 0052 D36D     		ldr	r3, [r2, #92]
 297 0054 C021     		movs	r1, #192
 298 0056 8900     		lsls	r1, r1, #2
 299 0058 0B40     		ands	r3, r1
 300 005a D26D     		ldr	r2, [r2, #92]
 301 005c 9207     		lsls	r2, r2, #30
 302 005e 04D5     		bpl	.L34
 303 0060 8022     		movs	r2, #128
 304 0062 5200     		lsls	r2, r2, #1
 305 0064 9342     		cmp	r3, r2
 306 0066 00D1     		bne	.LCB323
 307 0068 9BE0     		b	.L50	@long jump
 308              	.LCB323:
 309              	.L34:
 310 006a 544A     		ldr	r2, .L74
 311 006c 126E     		ldr	r2, [r2, #96]
 312 006e 9207     		lsls	r2, r2, #30
 313 0070 04D5     		bpl	.L36
 314 0072 8022     		movs	r2, #128
 315 0074 9200     		lsls	r2, r2, #2
 316 0076 9342     		cmp	r3, r2
 317 0078 00D1     		bne	.LCB334
 318 007a 95E0     		b	.L51	@long jump
 319              	.LCB334:
 320              	.L36:
 321 007c 4F4A     		ldr	r2, .L74
 322 007e 1168     		ldr	r1, [r2]
 323 0080 8022     		movs	r2, #128
 324 0082 9202     		lsls	r2, r2, #10
 325 0084 0800     		movs	r0, r1
 326 0086 1040     		ands	r0, r2
 327 0088 1142     		tst	r1, r2
 328 008a 05D0     		beq	.L32
 329 008c C022     		movs	r2, #192
 330 008e 9200     		lsls	r2, r2, #2
 331 0090 9342     		cmp	r3, r2
 332 0092 00D1     		bne	.LCB347
 333 0094 8BE0     		b	.L52	@long jump
 334              	.LCB347:
 335 0096 0020     		movs	r0, #0
 336              	.L32:
 337              		@ sp needed
 338 0098 10BD     		pop	{r4, pc}
 339              	.L62:
 340 009a 0020     		movs	r0, #0
 341 009c FCE7     		b	.L32
 342              	.L38:
 343 009e 2028     		cmp	r0, #32
 344 00a0 13D1     		bne	.L66
 345 00a2 464B     		ldr	r3, .L74
 346 00a4 5B6D     		ldr	r3, [r3, #84]
 347 00a6 9B0F     		lsrs	r3, r3, #30
ARM GAS  /var/folders/3q/0p8b__hx1wx8zj8b56q9glhc0000gn/T//ccY9OKZI.s 			page 7


 348 00a8 9907     		lsls	r1, r3, #30
 349 00aa 002B     		cmp	r3, #0
 350 00ac 39D0     		beq	.L67
 351 00ae 434B     		ldr	r3, .L74
 352 00b0 1A68     		ldr	r2, [r3]
 353 00b2 8023     		movs	r3, #128
 354 00b4 DB00     		lsls	r3, r3, #3
 355 00b6 1000     		movs	r0, r2
 356 00b8 1840     		ands	r0, r3
 357 00ba 1A42     		tst	r2, r3
 358 00bc ECD0     		beq	.L32
 359 00be 8023     		movs	r3, #128
 360 00c0 1B06     		lsls	r3, r3, #24
 361 00c2 9942     		cmp	r1, r3
 362 00c4 30D0     		beq	.L68
 363 00c6 0020     		movs	r0, #0
 364 00c8 E6E7     		b	.L32
 365              	.L66:
 366 00ca 0020     		movs	r0, #0
 367 00cc E4E7     		b	.L32
 368              	.L39:
 369 00ce 3B4B     		ldr	r3, .L74
 370 00d0 5B6D     		ldr	r3, [r3, #84]
 371 00d2 0322     		movs	r2, #3
 372 00d4 1100     		movs	r1, r2
 373 00d6 1940     		ands	r1, r3
 374 00d8 1A42     		tst	r2, r3
 375 00da 12D0     		beq	.L69
 376 00dc 0129     		cmp	r1, #1
 377 00de 13D0     		beq	.L70
 378 00e0 364B     		ldr	r3, .L74
 379 00e2 1B68     		ldr	r3, [r3]
 380 00e4 5B05     		lsls	r3, r3, #21
 381 00e6 01D5     		bpl	.L44
 382 00e8 0229     		cmp	r1, #2
 383 00ea 10D0     		beq	.L71
 384              	.L44:
 385 00ec 334B     		ldr	r3, .L74
 386 00ee DB6D     		ldr	r3, [r3, #92]
 387 00f0 0222     		movs	r2, #2
 388 00f2 1000     		movs	r0, r2
 389 00f4 1840     		ands	r0, r3
 390 00f6 1A42     		tst	r2, r3
 391 00f8 CED0     		beq	.L32
 392 00fa 0329     		cmp	r1, #3
 393 00fc 59D0     		beq	.L53
 394 00fe 0020     		movs	r0, #0
 395 0100 CAE7     		b	.L32
 396              	.L69:
 397 0102 FFF7FEFF 		bl	HAL_RCC_GetPCLK1Freq
 398 0106 C7E7     		b	.L32
 399              	.L70:
 400 0108 FFF7FEFF 		bl	HAL_RCC_GetSysClockFreq
 401 010c C4E7     		b	.L32
 402              	.L71:
 403 010e 2B4B     		ldr	r3, .L74
 404 0110 1B68     		ldr	r3, [r3]
ARM GAS  /var/folders/3q/0p8b__hx1wx8zj8b56q9glhc0000gn/T//ccY9OKZI.s 			page 8


 405 0112 5B09     		lsrs	r3, r3, #5
 406 0114 0531     		adds	r1, r1, #5
 407 0116 1940     		ands	r1, r3
 408 0118 0131     		adds	r1, r1, #1
 409 011a 2948     		ldr	r0, .L74+4
 410 011c FFF7FEFF 		bl	__aeabi_uidiv
 411 0120 BAE7     		b	.L32
 412              	.L67:
 413 0122 FFF7FEFF 		bl	HAL_RCC_GetSysClockFreq
 414 0126 B7E7     		b	.L32
 415              	.L68:
 416 0128 244B     		ldr	r3, .L74
 417 012a 1B68     		ldr	r3, [r3]
 418 012c 5B09     		lsrs	r3, r3, #5
 419 012e 0721     		movs	r1, #7
 420 0130 1940     		ands	r1, r3
 421 0132 0131     		adds	r1, r1, #1
 422 0134 2248     		ldr	r0, .L74+4
 423 0136 FFF7FEFF 		bl	__aeabi_uidiv
 424 013a ADE7     		b	.L32
 425              	.L63:
 426 013c FFF7FEFF 		bl	HAL_RCC_GetPCLK1Freq
 427 0140 AAE7     		b	.L32
 428              	.L64:
 429 0142 FFF7FEFF 		bl	HAL_RCC_GetSysClockFreq
 430 0146 A7E7     		b	.L32
 431              	.L65:
 432 0148 1C4B     		ldr	r3, .L74
 433 014a 1B68     		ldr	r3, [r3]
 434 014c 5B09     		lsrs	r3, r3, #5
 435 014e 0721     		movs	r1, #7
 436 0150 1940     		ands	r1, r3
 437 0152 0131     		adds	r1, r1, #1
 438 0154 1A48     		ldr	r0, .L74+4
 439 0156 FFF7FEFF 		bl	__aeabi_uidiv
 440 015a 9DE7     		b	.L32
 441              	.L37:
 442 015c 174B     		ldr	r3, .L74
 443 015e 5A6D     		ldr	r2, [r3, #84]
 444 0160 C023     		movs	r3, #192
 445 0162 1B02     		lsls	r3, r3, #8
 446 0164 1100     		movs	r1, r2
 447 0166 1940     		ands	r1, r3
 448 0168 1A42     		tst	r2, r3
 449 016a 0DD0     		beq	.L72
 450 016c 134B     		ldr	r3, .L74
 451 016e 1B68     		ldr	r3, [r3]
 452 0170 5B05     		lsls	r3, r3, #21
 453 0172 03D5     		bpl	.L49
 454 0174 8023     		movs	r3, #128
 455 0176 1B02     		lsls	r3, r3, #8
 456 0178 9942     		cmp	r1, r3
 457 017a 08D0     		beq	.L73
 458              	.L49:
 459 017c C023     		movs	r3, #192
 460 017e 1B02     		lsls	r3, r3, #8
 461 0180 9942     		cmp	r1, r3
ARM GAS  /var/folders/3q/0p8b__hx1wx8zj8b56q9glhc0000gn/T//ccY9OKZI.s 			page 9


 462 0182 19D0     		beq	.L56
 463 0184 0020     		movs	r0, #0
 464 0186 87E7     		b	.L32
 465              	.L72:
 466 0188 FFF7FEFF 		bl	HAL_RCC_GetSysClockFreq
 467 018c 84E7     		b	.L32
 468              	.L73:
 469 018e 0B4B     		ldr	r3, .L74
 470 0190 1B68     		ldr	r3, [r3]
 471 0192 5B09     		lsrs	r3, r3, #5
 472 0194 0721     		movs	r1, #7
 473 0196 1940     		ands	r1, r3
 474 0198 0131     		adds	r1, r1, #1
 475 019a 0948     		ldr	r0, .L74+4
 476 019c FFF7FEFF 		bl	__aeabi_uidiv
 477 01a0 7AE7     		b	.L32
 478              	.L50:
 479 01a2 8020     		movs	r0, #128
 480 01a4 0002     		lsls	r0, r0, #8
 481 01a6 77E7     		b	.L32
 482              	.L51:
 483 01a8 FA20     		movs	r0, #250
 484 01aa C001     		lsls	r0, r0, #7
 485 01ac 74E7     		b	.L32
 486              	.L52:
 487 01ae 0548     		ldr	r0, .L74+8
 488 01b0 72E7     		b	.L32
 489              	.L53:
 490 01b2 8020     		movs	r0, #128
 491 01b4 0002     		lsls	r0, r0, #8
 492 01b6 6FE7     		b	.L32
 493              	.L56:
 494 01b8 0348     		ldr	r0, .L74+12
 495 01ba 6DE7     		b	.L32
 496              	.L75:
 497              		.align	2
 498              	.L74:
 499 01bc 00100240 		.word	1073876992
 500 01c0 006CDC02 		.word	48000000
 501 01c4 60E31600 		.word	1500000
 502 01c8 0080BB00 		.word	12288000
 504              		.section	.text.HAL_RCCEx_EnableLSCO,"ax",%progbits
 505              		.align	1
 506              		.global	HAL_RCCEx_EnableLSCO
 507              		.syntax unified
 508              		.code	16
 509              		.thumb_func
 511              	HAL_RCCEx_EnableLSCO:
 512              		@ args = 0, pretend = 0, frame = 24
 513              		@ frame_needed = 0, uses_anonymous_args = 0
 514 0000 30B5     		push	{r4, r5, lr}
 515 0002 87B0     		sub	sp, sp, #28
 516 0004 0500     		movs	r5, r0
 517 0006 0F4C     		ldr	r4, .L77
 518 0008 626B     		ldr	r2, [r4, #52]
 519 000a 0123     		movs	r3, #1
 520 000c 1A43     		orrs	r2, r3
ARM GAS  /var/folders/3q/0p8b__hx1wx8zj8b56q9glhc0000gn/T//ccY9OKZI.s 			page 10


 521 000e 6263     		str	r2, [r4, #52]
 522 0010 626B     		ldr	r2, [r4, #52]
 523 0012 1340     		ands	r3, r2
 524 0014 0093     		str	r3, [sp]
 525 0016 009B     		ldr	r3, [sp]
 526 0018 01A9     		add	r1, sp, #4
 527 001a 0423     		movs	r3, #4
 528 001c 0193     		str	r3, [sp, #4]
 529 001e 013B     		subs	r3, r3, #1
 530 0020 4B60     		str	r3, [r1, #4]
 531 0022 CB60     		str	r3, [r1, #12]
 532 0024 0023     		movs	r3, #0
 533 0026 8B60     		str	r3, [r1, #8]
 534 0028 A020     		movs	r0, #160
 535 002a C005     		lsls	r0, r0, #23
 536 002c FFF7FEFF 		bl	HAL_GPIO_Init
 537 0030 E06D     		ldr	r0, [r4, #92]
 538 0032 054B     		ldr	r3, .L77+4
 539 0034 1840     		ands	r0, r3
 540 0036 2843     		orrs	r0, r5
 541 0038 8023     		movs	r3, #128
 542 003a 5B04     		lsls	r3, r3, #17
 543 003c 0343     		orrs	r3, r0
 544 003e E365     		str	r3, [r4, #92]
 545 0040 07B0     		add	sp, sp, #28
 546              		@ sp needed
 547 0042 30BD     		pop	{r4, r5, pc}
 548              	.L78:
 549              		.align	2
 550              	.L77:
 551 0044 00100240 		.word	1073876992
 552 0048 FFFFFFFC 		.word	-50331649
 554              		.section	.text.HAL_RCCEx_DisableLSCO,"ax",%progbits
 555              		.align	1
 556              		.global	HAL_RCCEx_DisableLSCO
 557              		.syntax unified
 558              		.code	16
 559              		.thumb_func
 561              	HAL_RCCEx_DisableLSCO:
 562              		@ args = 0, pretend = 0, frame = 0
 563              		@ frame_needed = 0, uses_anonymous_args = 0
 564              		@ link register save eliminated.
 565 0000 024A     		ldr	r2, .L80
 566 0002 D36D     		ldr	r3, [r2, #92]
 567 0004 0249     		ldr	r1, .L80+4
 568 0006 0B40     		ands	r3, r1
 569 0008 D365     		str	r3, [r2, #92]
 570              		@ sp needed
 571 000a 7047     		bx	lr
 572              	.L81:
 573              		.align	2
 574              	.L80:
 575 000c 00100240 		.word	1073876992
 576 0010 FFFFFFFE 		.word	-16777217
 578              		.global	__aeabi_uidiv
 579              		.ident	"GCC: (xPack GNU Arm Embedded GCC arm64) 14.2.1 20241119"
ARM GAS  /var/folders/3q/0p8b__hx1wx8zj8b56q9glhc0000gn/T//ccY9OKZI.s 			page 11


DEFINED SYMBOLS
                            *ABS*:00000000 stm32c0xx_hal_rcc_ex.c
/var/folders/3q/0p8b__hx1wx8zj8b56q9glhc0000gn/T//ccY9OKZI.s:16     .text.HAL_RCCEx_PeriphCLKConfig:00000000 $t
/var/folders/3q/0p8b__hx1wx8zj8b56q9glhc0000gn/T//ccY9OKZI.s:22     .text.HAL_RCCEx_PeriphCLKConfig:00000000 HAL_RCCEx_PeriphCLKConfig
/var/folders/3q/0p8b__hx1wx8zj8b56q9glhc0000gn/T//ccY9OKZI.s:184    .text.HAL_RCCEx_PeriphCLKConfig:00000118 $d
/var/folders/3q/0p8b__hx1wx8zj8b56q9glhc0000gn/T//ccY9OKZI.s:193    .text.HAL_RCCEx_GetPeriphCLKConfig:00000000 $t
/var/folders/3q/0p8b__hx1wx8zj8b56q9glhc0000gn/T//ccY9OKZI.s:199    .text.HAL_RCCEx_GetPeriphCLKConfig:00000000 HAL_RCCEx_GetPeriphCLKConfig
/var/folders/3q/0p8b__hx1wx8zj8b56q9glhc0000gn/T//ccY9OKZI.s:238    .text.HAL_RCCEx_GetPeriphCLKConfig:00000040 $d
/var/folders/3q/0p8b__hx1wx8zj8b56q9glhc0000gn/T//ccY9OKZI.s:241    .text.HAL_RCCEx_GetPeriphCLKFreq:00000000 $t
/var/folders/3q/0p8b__hx1wx8zj8b56q9glhc0000gn/T//ccY9OKZI.s:247    .text.HAL_RCCEx_GetPeriphCLKFreq:00000000 HAL_RCCEx_GetPeriphCLKFreq
/var/folders/3q/0p8b__hx1wx8zj8b56q9glhc0000gn/T//ccY9OKZI.s:499    .text.HAL_RCCEx_GetPeriphCLKFreq:000001bc $d
/var/folders/3q/0p8b__hx1wx8zj8b56q9glhc0000gn/T//ccY9OKZI.s:505    .text.HAL_RCCEx_EnableLSCO:00000000 $t
/var/folders/3q/0p8b__hx1wx8zj8b56q9glhc0000gn/T//ccY9OKZI.s:511    .text.HAL_RCCEx_EnableLSCO:00000000 HAL_RCCEx_EnableLSCO
/var/folders/3q/0p8b__hx1wx8zj8b56q9glhc0000gn/T//ccY9OKZI.s:551    .text.HAL_RCCEx_EnableLSCO:00000044 $d
/var/folders/3q/0p8b__hx1wx8zj8b56q9glhc0000gn/T//ccY9OKZI.s:555    .text.HAL_RCCEx_DisableLSCO:00000000 $t
/var/folders/3q/0p8b__hx1wx8zj8b56q9glhc0000gn/T//ccY9OKZI.s:561    .text.HAL_RCCEx_DisableLSCO:00000000 HAL_RCCEx_DisableLSCO
/var/folders/3q/0p8b__hx1wx8zj8b56q9glhc0000gn/T//ccY9OKZI.s:575    .text.HAL_RCCEx_DisableLSCO:0000000c $d

UNDEFINED SYMBOLS
HAL_GetTick
HAL_RCC_GetPCLK1Freq
HAL_RCC_GetSysClockFreq
__aeabi_uidiv
HAL_GPIO_Init
