ARM GAS  /var/folders/3q/0p8b__hx1wx8zj8b56q9glhc0000gn/T//ccwH39qU.s 			page 1


   1              		.cpu cortex-m0plus
   2              		.arch armv6s-m
   3              		.fpu softvfp
   4              		.eabi_attribute 20, 1
   5              		.eabi_attribute 21, 1
   6              		.eabi_attribute 23, 3
   7              		.eabi_attribute 24, 1
   8              		.eabi_attribute 25, 1
   9              		.eabi_attribute 26, 1
  10              		.eabi_attribute 30, 1
  11              		.eabi_attribute 34, 0
  12              		.eabi_attribute 18, 4
  13              		.file	"stm32c0xx_hal_adc_ex.c"
  14              		.text
  15              		.section	.text.HAL_ADCEx_Calibration_Start,"ax",%progbits
  16              		.align	1
  17              		.global	HAL_ADCEx_Calibration_Start
  18              		.syntax unified
  19              		.code	16
  20              		.thumb_func
  22              	HAL_ADCEx_Calibration_Start:
  23              		@ args = 0, pretend = 0, frame = 8
  24              		@ frame_needed = 0, uses_anonymous_args = 0
  25 0000 F0B5     		push	{r4, r5, r6, r7, lr}
  26 0002 83B0     		sub	sp, sp, #12
  27 0004 0400     		movs	r4, r0
  28 0006 0023     		movs	r3, #0
  29 0008 0193     		str	r3, [sp, #4]
  30 000a 5433     		adds	r3, r3, #84
  31 000c C35C     		ldrb	r3, [r0, r3]
  32 000e 012B     		cmp	r3, #1
  33 0010 00D1     		bne	.LCB12
  34 0012 A6E0     		b	.L16	@long jump
  35              	.LCB12:
  36 0014 0126     		movs	r6, #1
  37 0016 5423     		movs	r3, #84
  38 0018 C654     		strb	r6, [r0, r3]
  39 001a FFF7FEFF 		bl	ADC_Disable
  40 001e 0500     		movs	r5, r0
  41 0020 2368     		ldr	r3, [r4]
  42 0022 9A68     		ldr	r2, [r3, #8]
  43 0024 3100     		movs	r1, r6
  44 0026 1140     		ands	r1, r2
  45 0028 1642     		tst	r6, r2
  46 002a 09D0     		beq	.L3
  47 002c A36D     		ldr	r3, [r4, #88]
  48 002e 1022     		movs	r2, #16
  49 0030 1343     		orrs	r3, r2
  50 0032 A365     		str	r3, [r4, #88]
  51              	.L4:
  52 0034 5423     		movs	r3, #84
  53 0036 0022     		movs	r2, #0
  54 0038 E254     		strb	r2, [r4, r3]
  55              	.L2:
  56 003a 2800     		movs	r0, r5
  57 003c 03B0     		add	sp, sp, #12
  58              		@ sp needed
ARM GAS  /var/folders/3q/0p8b__hx1wx8zj8b56q9glhc0000gn/T//ccwH39qU.s 			page 2


  59 003e F0BD     		pop	{r4, r5, r6, r7, pc}
  60              	.L3:
  61 0040 A26D     		ldr	r2, [r4, #88]
  62 0042 4948     		ldr	r0, .L20
  63 0044 0240     		ands	r2, r0
  64 0046 0630     		adds	r0, r0, #6
  65 0048 FF30     		adds	r0, r0, #255
  66 004a 0243     		orrs	r2, r0
  67 004c A265     		str	r2, [r4, #88]
  68 004e DE68     		ldr	r6, [r3, #12]
  69 0050 464A     		ldr	r2, .L20+4
  70 0052 1640     		ands	r6, r2
  71 0054 DA68     		ldr	r2, [r3, #12]
  72 0056 4648     		ldr	r0, .L20+8
  73 0058 0240     		ands	r2, r0
  74 005a DA60     		str	r2, [r3, #12]
  75 005c 0800     		movs	r0, r1
  76 005e 06E0     		b	.L5
  77              	.L19:
  78 0060 B422     		movs	r2, #180
  79 0062 9A58     		ldr	r2, [r3, r2]
  80 0064 7F23     		movs	r3, #127
  81 0066 1340     		ands	r3, r2
  82 0068 0133     		adds	r3, r3, #1
  83 006a C018     		adds	r0, r0, r3
  84 006c 0131     		adds	r1, r1, #1
  85              	.L5:
  86 006e 0729     		cmp	r1, #7
  87 0070 1DD8     		bhi	.L18
  88 0072 2768     		ldr	r7, [r4]
  89 0074 BA68     		ldr	r2, [r7, #8]
  90 0076 3F4B     		ldr	r3, .L20+12
  91 0078 1A40     		ands	r2, r3
  92 007a 1833     		adds	r3, r3, #24
  93 007c 1343     		orrs	r3, r2
  94 007e BB60     		str	r3, [r7, #8]
  95              	.L6:
  96 0080 2368     		ldr	r3, [r4]
  97 0082 9A68     		ldr	r2, [r3, #8]
  98 0084 002A     		cmp	r2, #0
  99 0086 EBDA     		bge	.L19
 100 0088 019B     		ldr	r3, [sp, #4]
 101 008a 0133     		adds	r3, r3, #1
 102 008c 0193     		str	r3, [sp, #4]
 103 008e 019A     		ldr	r2, [sp, #4]
 104 0090 AE23     		movs	r3, #174
 105 0092 9B02     		lsls	r3, r3, #10
 106 0094 9A42     		cmp	r2, r3
 107 0096 F3D3     		bcc	.L6
 108 0098 A36D     		ldr	r3, [r4, #88]
 109 009a 1222     		movs	r2, #18
 110 009c 9343     		bics	r3, r2
 111 009e 023A     		subs	r2, r2, #2
 112 00a0 1343     		orrs	r3, r2
 113 00a2 A365     		str	r3, [r4, #88]
 114 00a4 5423     		movs	r3, #84
 115 00a6 0022     		movs	r2, #0
ARM GAS  /var/folders/3q/0p8b__hx1wx8zj8b56q9glhc0000gn/T//ccwH39qU.s 			page 3


 116 00a8 E254     		strb	r2, [r4, r3]
 117 00aa 0125     		movs	r5, #1
 118 00ac C5E7     		b	.L2
 119              	.L18:
 120 00ae 4B08     		lsrs	r3, r1, #1
 121 00b0 1818     		adds	r0, r3, r0
 122 00b2 FFF7FEFF 		bl	__aeabi_uidiv
 123 00b6 2268     		ldr	r2, [r4]
 124 00b8 9368     		ldr	r3, [r2, #8]
 125 00ba 2E49     		ldr	r1, .L20+12
 126 00bc 0B40     		ands	r3, r1
 127 00be 0121     		movs	r1, #1
 128 00c0 0B43     		orrs	r3, r1
 129 00c2 9360     		str	r3, [r2, #8]
 130 00c4 2268     		ldr	r2, [r4]
 131 00c6 1169     		ldr	r1, [r2, #16]
 132 00c8 8023     		movs	r3, #128
 133 00ca DB05     		lsls	r3, r3, #23
 134 00cc 9942     		cmp	r1, r3
 135 00ce 17D2     		bcs	.L10
 136 00d0 294B     		ldr	r3, .L20+16
 137 00d2 1B68     		ldr	r3, [r3]
 138 00d4 F021     		movs	r1, #240
 139 00d6 8903     		lsls	r1, r1, #14
 140 00d8 0B40     		ands	r3, r1
 141 00da E021     		movs	r1, #224
 142 00dc 4903     		lsls	r1, r1, #13
 143 00de 8B42     		cmp	r3, r1
 144 00e0 0ED3     		bcc	.L10
 145 00e2 9B0C     		lsrs	r3, r3, #18
 146 00e4 033B     		subs	r3, r3, #3
 147 00e6 0121     		movs	r1, #1
 148 00e8 9940     		lsls	r1, r1, r3
 149 00ea 0091     		str	r1, [sp]
 150 00ec 009B     		ldr	r3, [sp]
 151 00ee 5B08     		lsrs	r3, r3, #1
 152 00f0 0093     		str	r3, [sp]
 153 00f2 02E0     		b	.L11
 154              	.L12:
 155 00f4 009B     		ldr	r3, [sp]
 156 00f6 013B     		subs	r3, r3, #1
 157 00f8 0093     		str	r3, [sp]
 158              	.L11:
 159 00fa 009B     		ldr	r3, [sp]
 160 00fc 002B     		cmp	r3, #0
 161 00fe F9D1     		bne	.L12
 162              	.L10:
 163 0100 B421     		movs	r1, #180
 164 0102 5358     		ldr	r3, [r2, r1]
 165 0104 7F27     		movs	r7, #127
 166 0106 BB43     		bics	r3, r7
 167 0108 1843     		orrs	r0, r3
 168 010a 5050     		str	r0, [r2, r1]
 169 010c 2268     		ldr	r2, [r4]
 170 010e 9368     		ldr	r3, [r2, #8]
 171 0110 1849     		ldr	r1, .L20+12
 172 0112 0B40     		ands	r3, r1
ARM GAS  /var/folders/3q/0p8b__hx1wx8zj8b56q9glhc0000gn/T//ccwH39qU.s 			page 4


 173 0114 0221     		movs	r1, #2
 174 0116 0B43     		orrs	r3, r1
 175 0118 9360     		str	r3, [r2, #8]
 176 011a FFF7FEFF 		bl	HAL_GetTick
 177 011e 0700     		movs	r7, r0
 178              	.L13:
 179 0120 2368     		ldr	r3, [r4]
 180 0122 9A68     		ldr	r2, [r3, #8]
 181 0124 D207     		lsls	r2, r2, #31
 182 0126 09D4     		bmi	.L14
 183 0128 DA68     		ldr	r2, [r3, #12]
 184 012a 3243     		orrs	r2, r6
 185 012c DA60     		str	r2, [r3, #12]
 186 012e A36D     		ldr	r3, [r4, #88]
 187 0130 0322     		movs	r2, #3
 188 0132 9343     		bics	r3, r2
 189 0134 023A     		subs	r2, r2, #2
 190 0136 1343     		orrs	r3, r2
 191 0138 A365     		str	r3, [r4, #88]
 192 013a 7BE7     		b	.L4
 193              	.L14:
 194 013c FFF7FEFF 		bl	HAL_GetTick
 195 0140 C01B     		subs	r0, r0, r7
 196 0142 0228     		cmp	r0, #2
 197 0144 ECD9     		bls	.L13
 198 0146 2368     		ldr	r3, [r4]
 199 0148 9B68     		ldr	r3, [r3, #8]
 200 014a DB07     		lsls	r3, r3, #31
 201 014c E8D5     		bpl	.L13
 202 014e A36D     		ldr	r3, [r4, #88]
 203 0150 1022     		movs	r2, #16
 204 0152 1343     		orrs	r3, r2
 205 0154 A365     		str	r3, [r4, #88]
 206 0156 E36D     		ldr	r3, [r4, #92]
 207 0158 0F3A     		subs	r2, r2, #15
 208 015a 1343     		orrs	r3, r2
 209 015c E365     		str	r3, [r4, #92]
 210 015e 0125     		movs	r5, #1
 211 0160 6BE7     		b	.L2
 212              	.L16:
 213 0162 0225     		movs	r5, #2
 214 0164 69E7     		b	.L2
 215              	.L21:
 216 0166 C046     		.align	2
 217              	.L20:
 218 0168 FDFEFFFF 		.word	-259
 219 016c 03800000 		.word	32771
 220 0170 FC7FFFFF 		.word	-32772
 221 0174 E8FFFF7F 		.word	2147483624
 222 0178 08270140 		.word	1073817352
 224              		.section	.text.HAL_ADCEx_Calibration_GetValue,"ax",%progbits
 225              		.align	1
 226              		.global	HAL_ADCEx_Calibration_GetValue
 227              		.syntax unified
 228              		.code	16
 229              		.thumb_func
 231              	HAL_ADCEx_Calibration_GetValue:
ARM GAS  /var/folders/3q/0p8b__hx1wx8zj8b56q9glhc0000gn/T//ccwH39qU.s 			page 5


 232              		@ args = 0, pretend = 0, frame = 0
 233              		@ frame_needed = 0, uses_anonymous_args = 0
 234              		@ link register save eliminated.
 235 0000 0268     		ldr	r2, [r0]
 236 0002 B423     		movs	r3, #180
 237 0004 D358     		ldr	r3, [r2, r3]
 238 0006 7F20     		movs	r0, #127
 239 0008 1840     		ands	r0, r3
 240              		@ sp needed
 241 000a 7047     		bx	lr
 243              		.section	.text.HAL_ADCEx_Calibration_SetValue,"ax",%progbits
 244              		.align	1
 245              		.global	HAL_ADCEx_Calibration_SetValue
 246              		.syntax unified
 247              		.code	16
 248              		.thumb_func
 250              	HAL_ADCEx_Calibration_SetValue:
 251              		@ args = 0, pretend = 0, frame = 0
 252              		@ frame_needed = 0, uses_anonymous_args = 0
 253 0000 30B5     		push	{r4, r5, lr}
 254 0002 0300     		movs	r3, r0
 255 0004 5422     		movs	r2, #84
 256 0006 825C     		ldrb	r2, [r0, r2]
 257 0008 012A     		cmp	r2, #1
 258 000a 27D0     		beq	.L28
 259 000c 5422     		movs	r2, #84
 260 000e 0120     		movs	r0, #1
 261 0010 9854     		strb	r0, [r3, r2]
 262 0012 1A68     		ldr	r2, [r3]
 263 0014 9068     		ldr	r0, [r2, #8]
 264 0016 0424     		movs	r4, #4
 265 0018 2500     		movs	r5, r4
 266 001a 0540     		ands	r5, r0
 267 001c 0442     		tst	r4, r0
 268 001e 00D0     		beq	.L25
 269 0020 0125     		movs	r5, #1
 270              	.L25:
 271 0022 9068     		ldr	r0, [r2, #8]
 272 0024 C007     		lsls	r0, r0, #31
 273 0026 0CD5     		bpl	.L26
 274 0028 002D     		cmp	r5, #0
 275 002a 0AD1     		bne	.L26
 276 002c B420     		movs	r0, #180
 277 002e 1458     		ldr	r4, [r2, r0]
 278 0030 7F35     		adds	r5, r5, #127
 279 0032 AC43     		bics	r4, r5
 280 0034 1450     		str	r4, [r2, r0]
 281 0036 1C68     		ldr	r4, [r3]
 282 0038 2258     		ldr	r2, [r4, r0]
 283 003a 0A43     		orrs	r2, r1
 284 003c 2250     		str	r2, [r4, r0]
 285 003e 0020     		movs	r0, #0
 286 0040 08E0     		b	.L27
 287              	.L26:
 288 0042 9A6D     		ldr	r2, [r3, #88]
 289 0044 2021     		movs	r1, #32
 290 0046 0A43     		orrs	r2, r1
ARM GAS  /var/folders/3q/0p8b__hx1wx8zj8b56q9glhc0000gn/T//ccwH39qU.s 			page 6


 291 0048 9A65     		str	r2, [r3, #88]
 292 004a DA6D     		ldr	r2, [r3, #92]
 293 004c 1F39     		subs	r1, r1, #31
 294 004e 0A43     		orrs	r2, r1
 295 0050 DA65     		str	r2, [r3, #92]
 296 0052 0120     		movs	r0, #1
 297              	.L27:
 298 0054 5422     		movs	r2, #84
 299 0056 0021     		movs	r1, #0
 300 0058 9954     		strb	r1, [r3, r2]
 301              	.L24:
 302              		@ sp needed
 303 005a 30BD     		pop	{r4, r5, pc}
 304              	.L28:
 305 005c 0220     		movs	r0, #2
 306 005e FCE7     		b	.L24
 308              		.section	.text.HAL_ADCEx_LevelOutOfWindow2Callback,"ax",%progbits
 309              		.align	1
 310              		.weak	HAL_ADCEx_LevelOutOfWindow2Callback
 311              		.syntax unified
 312              		.code	16
 313              		.thumb_func
 315              	HAL_ADCEx_LevelOutOfWindow2Callback:
 316              		@ args = 0, pretend = 0, frame = 0
 317              		@ frame_needed = 0, uses_anonymous_args = 0
 318              		@ link register save eliminated.
 319              		@ sp needed
 320 0000 7047     		bx	lr
 322              		.section	.text.HAL_ADCEx_LevelOutOfWindow3Callback,"ax",%progbits
 323              		.align	1
 324              		.weak	HAL_ADCEx_LevelOutOfWindow3Callback
 325              		.syntax unified
 326              		.code	16
 327              		.thumb_func
 329              	HAL_ADCEx_LevelOutOfWindow3Callback:
 330              		@ args = 0, pretend = 0, frame = 0
 331              		@ frame_needed = 0, uses_anonymous_args = 0
 332              		@ link register save eliminated.
 333              		@ sp needed
 334 0000 7047     		bx	lr
 336              		.section	.text.HAL_ADCEx_EndOfSamplingCallback,"ax",%progbits
 337              		.align	1
 338              		.weak	HAL_ADCEx_EndOfSamplingCallback
 339              		.syntax unified
 340              		.code	16
 341              		.thumb_func
 343              	HAL_ADCEx_EndOfSamplingCallback:
 344              		@ args = 0, pretend = 0, frame = 0
 345              		@ frame_needed = 0, uses_anonymous_args = 0
 346              		@ link register save eliminated.
 347              		@ sp needed
 348 0000 7047     		bx	lr
 350              		.section	.text.HAL_ADCEx_ChannelConfigReadyCallback,"ax",%progbits
 351              		.align	1
 352              		.weak	HAL_ADCEx_ChannelConfigReadyCallback
 353              		.syntax unified
 354              		.code	16
ARM GAS  /var/folders/3q/0p8b__hx1wx8zj8b56q9glhc0000gn/T//ccwH39qU.s 			page 7


 355              		.thumb_func
 357              	HAL_ADCEx_ChannelConfigReadyCallback:
 358              		@ args = 0, pretend = 0, frame = 0
 359              		@ frame_needed = 0, uses_anonymous_args = 0
 360              		@ link register save eliminated.
 361              		@ sp needed
 362 0000 7047     		bx	lr
 364              		.section	.text.HAL_ADCEx_DisableVoltageRegulator,"ax",%progbits
 365              		.align	1
 366              		.global	HAL_ADCEx_DisableVoltageRegulator
 367              		.syntax unified
 368              		.code	16
 369              		.thumb_func
 371              	HAL_ADCEx_DisableVoltageRegulator:
 372              		@ args = 0, pretend = 0, frame = 0
 373              		@ frame_needed = 0, uses_anonymous_args = 0
 374              		@ link register save eliminated.
 375 0000 0368     		ldr	r3, [r0]
 376 0002 9A68     		ldr	r2, [r3, #8]
 377 0004 D207     		lsls	r2, r2, #31
 378 0006 05D4     		bmi	.L36
 379 0008 9A68     		ldr	r2, [r3, #8]
 380 000a 0349     		ldr	r1, .L37
 381 000c 0A40     		ands	r2, r1
 382 000e 9A60     		str	r2, [r3, #8]
 383 0010 0020     		movs	r0, #0
 384              	.L35:
 385              		@ sp needed
 386 0012 7047     		bx	lr
 387              	.L36:
 388 0014 0120     		movs	r0, #1
 389 0016 FCE7     		b	.L35
 390              	.L38:
 391              		.align	2
 392              	.L37:
 393 0018 E8FFFF6F 		.word	1879048168
 395              		.global	__aeabi_uidiv
 396              		.ident	"GCC: (xPack GNU Arm Embedded GCC arm64) 14.2.1 20241119"
ARM GAS  /var/folders/3q/0p8b__hx1wx8zj8b56q9glhc0000gn/T//ccwH39qU.s 			page 8


DEFINED SYMBOLS
                            *ABS*:00000000 stm32c0xx_hal_adc_ex.c
/var/folders/3q/0p8b__hx1wx8zj8b56q9glhc0000gn/T//ccwH39qU.s:16     .text.HAL_ADCEx_Calibration_Start:00000000 $t
/var/folders/3q/0p8b__hx1wx8zj8b56q9glhc0000gn/T//ccwH39qU.s:22     .text.HAL_ADCEx_Calibration_Start:00000000 HAL_ADCEx_Calibration_Start
/var/folders/3q/0p8b__hx1wx8zj8b56q9glhc0000gn/T//ccwH39qU.s:218    .text.HAL_ADCEx_Calibration_Start:00000168 $d
/var/folders/3q/0p8b__hx1wx8zj8b56q9glhc0000gn/T//ccwH39qU.s:225    .text.HAL_ADCEx_Calibration_GetValue:00000000 $t
/var/folders/3q/0p8b__hx1wx8zj8b56q9glhc0000gn/T//ccwH39qU.s:231    .text.HAL_ADCEx_Calibration_GetValue:00000000 HAL_ADCEx_Calibration_GetValue
/var/folders/3q/0p8b__hx1wx8zj8b56q9glhc0000gn/T//ccwH39qU.s:244    .text.HAL_ADCEx_Calibration_SetValue:00000000 $t
/var/folders/3q/0p8b__hx1wx8zj8b56q9glhc0000gn/T//ccwH39qU.s:250    .text.HAL_ADCEx_Calibration_SetValue:00000000 HAL_ADCEx_Calibration_SetValue
/var/folders/3q/0p8b__hx1wx8zj8b56q9glhc0000gn/T//ccwH39qU.s:309    .text.HAL_ADCEx_LevelOutOfWindow2Callback:00000000 $t
/var/folders/3q/0p8b__hx1wx8zj8b56q9glhc0000gn/T//ccwH39qU.s:315    .text.HAL_ADCEx_LevelOutOfWindow2Callback:00000000 HAL_ADCEx_LevelOutOfWindow2Callback
/var/folders/3q/0p8b__hx1wx8zj8b56q9glhc0000gn/T//ccwH39qU.s:323    .text.HAL_ADCEx_LevelOutOfWindow3Callback:00000000 $t
/var/folders/3q/0p8b__hx1wx8zj8b56q9glhc0000gn/T//ccwH39qU.s:329    .text.HAL_ADCEx_LevelOutOfWindow3Callback:00000000 HAL_ADCEx_LevelOutOfWindow3Callback
/var/folders/3q/0p8b__hx1wx8zj8b56q9glhc0000gn/T//ccwH39qU.s:337    .text.HAL_ADCEx_EndOfSamplingCallback:00000000 $t
/var/folders/3q/0p8b__hx1wx8zj8b56q9glhc0000gn/T//ccwH39qU.s:343    .text.HAL_ADCEx_EndOfSamplingCallback:00000000 HAL_ADCEx_EndOfSamplingCallback
/var/folders/3q/0p8b__hx1wx8zj8b56q9glhc0000gn/T//ccwH39qU.s:351    .text.HAL_ADCEx_ChannelConfigReadyCallback:00000000 $t
/var/folders/3q/0p8b__hx1wx8zj8b56q9glhc0000gn/T//ccwH39qU.s:357    .text.HAL_ADCEx_ChannelConfigReadyCallback:00000000 HAL_ADCEx_ChannelConfigReadyCallback
/var/folders/3q/0p8b__hx1wx8zj8b56q9glhc0000gn/T//ccwH39qU.s:365    .text.HAL_ADCEx_DisableVoltageRegulator:00000000 $t
/var/folders/3q/0p8b__hx1wx8zj8b56q9glhc0000gn/T//ccwH39qU.s:371    .text.HAL_ADCEx_DisableVoltageRegulator:00000000 HAL_ADCEx_DisableVoltageRegulator
/var/folders/3q/0p8b__hx1wx8zj8b56q9glhc0000gn/T//ccwH39qU.s:393    .text.HAL_ADCEx_DisableVoltageRegulator:00000018 $d

UNDEFINED SYMBOLS
ADC_Disable
__aeabi_uidiv
HAL_GetTick
