ARM GAS  /var/folders/3q/0p8b__hx1wx8zj8b56q9glhc0000gn/T//ccRp4bH3.s 			page 1


   1              		.cpu cortex-m0plus
   2              		.arch armv6s-m
   3              		.fpu softvfp
   4              		.eabi_attribute 20, 1
   5              		.eabi_attribute 21, 1
   6              		.eabi_attribute 23, 3
   7              		.eabi_attribute 24, 1
   8              		.eabi_attribute 25, 1
   9              		.eabi_attribute 26, 1
  10              		.eabi_attribute 30, 1
  11              		.eabi_attribute 34, 0
  12              		.eabi_attribute 18, 4
  13              		.file	"stm32c0xx_hal_msp.c"
  14              		.text
  15              		.section	.text.HAL_MspInit,"ax",%progbits
  16              		.align	1
  17              		.global	HAL_MspInit
  18              		.syntax unified
  19              		.code	16
  20              		.thumb_func
  22              	HAL_MspInit:
  23              		@ args = 0, pretend = 0, frame = 8
  24              		@ frame_needed = 0, uses_anonymous_args = 0
  25              		@ link register save eliminated.
  26 0000 82B0     		sub	sp, sp, #8
  27 0002 0A4B     		ldr	r3, .L2
  28 0004 196C     		ldr	r1, [r3, #64]
  29 0006 0122     		movs	r2, #1
  30 0008 1143     		orrs	r1, r2
  31 000a 1964     		str	r1, [r3, #64]
  32 000c 196C     		ldr	r1, [r3, #64]
  33 000e 0A40     		ands	r2, r1
  34 0010 0092     		str	r2, [sp]
  35 0012 009A     		ldr	r2, [sp]
  36 0014 DA6B     		ldr	r2, [r3, #60]
  37 0016 8021     		movs	r1, #128
  38 0018 4905     		lsls	r1, r1, #21
  39 001a 0A43     		orrs	r2, r1
  40 001c DA63     		str	r2, [r3, #60]
  41 001e DB6B     		ldr	r3, [r3, #60]
  42 0020 0B40     		ands	r3, r1
  43 0022 0193     		str	r3, [sp, #4]
  44 0024 019B     		ldr	r3, [sp, #4]
  45 0026 02B0     		add	sp, sp, #8
  46              		@ sp needed
  47 0028 7047     		bx	lr
  48              	.L3:
  49 002a C046     		.align	2
  50              	.L2:
  51 002c 00100240 		.word	1073876992
  53              		.section	.text.HAL_ADC_MspInit,"ax",%progbits
  54              		.align	1
  55              		.global	HAL_ADC_MspInit
  56              		.syntax unified
  57              		.code	16
  58              		.thumb_func
  60              	HAL_ADC_MspInit:
ARM GAS  /var/folders/3q/0p8b__hx1wx8zj8b56q9glhc0000gn/T//ccRp4bH3.s 			page 2


  61              		@ args = 0, pretend = 0, frame = 56
  62              		@ frame_needed = 0, uses_anonymous_args = 0
  63 0000 30B5     		push	{r4, r5, lr}
  64 0002 8FB0     		sub	sp, sp, #60
  65 0004 0400     		movs	r4, r0
  66 0006 1422     		movs	r2, #20
  67 0008 0021     		movs	r1, #0
  68 000a 09A8     		add	r0, sp, #36
  69 000c FFF7FEFF 		bl	memset
  70 0010 1C22     		movs	r2, #28
  71 0012 0021     		movs	r1, #0
  72 0014 02A8     		add	r0, sp, #8
  73 0016 FFF7FEFF 		bl	memset
  74 001a 2268     		ldr	r2, [r4]
  75 001c 234B     		ldr	r3, .L11
  76 001e 9A42     		cmp	r2, r3
  77 0020 01D0     		beq	.L8
  78              	.L4:
  79 0022 0FB0     		add	sp, sp, #60
  80              		@ sp needed
  81 0024 30BD     		pop	{r4, r5, pc}
  82              	.L8:
  83 0026 2023     		movs	r3, #32
  84 0028 0293     		str	r3, [sp, #8]
  85 002a 02A8     		add	r0, sp, #8
  86 002c FFF7FEFF 		bl	HAL_RCCEx_PeriphCLKConfig
  87 0030 0028     		cmp	r0, #0
  88 0032 35D1     		bne	.L9
  89              	.L6:
  90 0034 1E4B     		ldr	r3, .L11+4
  91 0036 1A6C     		ldr	r2, [r3, #64]
  92 0038 8021     		movs	r1, #128
  93 003a 4903     		lsls	r1, r1, #13
  94 003c 0A43     		orrs	r2, r1
  95 003e 1A64     		str	r2, [r3, #64]
  96 0040 1A6C     		ldr	r2, [r3, #64]
  97 0042 0A40     		ands	r2, r1
  98 0044 0092     		str	r2, [sp]
  99 0046 009A     		ldr	r2, [sp]
 100 0048 596B     		ldr	r1, [r3, #52]
 101 004a 0122     		movs	r2, #1
 102 004c 1143     		orrs	r1, r2
 103 004e 5963     		str	r1, [r3, #52]
 104 0050 5B6B     		ldr	r3, [r3, #52]
 105 0052 1A40     		ands	r2, r3
 106 0054 0192     		str	r2, [sp, #4]
 107 0056 019B     		ldr	r3, [sp, #4]
 108 0058 09A9     		add	r1, sp, #36
 109 005a 0223     		movs	r3, #2
 110 005c 0993     		str	r3, [sp, #36]
 111 005e 0133     		adds	r3, r3, #1
 112 0060 4B60     		str	r3, [r1, #4]
 113 0062 0025     		movs	r5, #0
 114 0064 8D60     		str	r5, [r1, #8]
 115 0066 A020     		movs	r0, #160
 116 0068 C005     		lsls	r0, r0, #23
 117 006a FFF7FEFF 		bl	HAL_GPIO_Init
ARM GAS  /var/folders/3q/0p8b__hx1wx8zj8b56q9glhc0000gn/T//ccRp4bH3.s 			page 3


 118 006e 1148     		ldr	r0, .L11+8
 119 0070 114B     		ldr	r3, .L11+12
 120 0072 0360     		str	r3, [r0]
 121 0074 0523     		movs	r3, #5
 122 0076 4360     		str	r3, [r0, #4]
 123 0078 8560     		str	r5, [r0, #8]
 124 007a C560     		str	r5, [r0, #12]
 125 007c 7B33     		adds	r3, r3, #123
 126 007e 0361     		str	r3, [r0, #16]
 127 0080 8033     		adds	r3, r3, #128
 128 0082 4361     		str	r3, [r0, #20]
 129 0084 8023     		movs	r3, #128
 130 0086 DB00     		lsls	r3, r3, #3
 131 0088 8361     		str	r3, [r0, #24]
 132 008a 2023     		movs	r3, #32
 133 008c C361     		str	r3, [r0, #28]
 134 008e 0562     		str	r5, [r0, #32]
 135 0090 FFF7FEFF 		bl	HAL_DMA_Init
 136 0094 0028     		cmp	r0, #0
 137 0096 06D1     		bne	.L10
 138              	.L7:
 139 0098 064B     		ldr	r3, .L11+8
 140 009a 2365     		str	r3, [r4, #80]
 141 009c 9C62     		str	r4, [r3, #40]
 142 009e C0E7     		b	.L4
 143              	.L9:
 144 00a0 FFF7FEFF 		bl	Error_Handler
 145 00a4 C6E7     		b	.L6
 146              	.L10:
 147 00a6 FFF7FEFF 		bl	Error_Handler
 148 00aa F5E7     		b	.L7
 149              	.L12:
 150              		.align	2
 151              	.L11:
 152 00ac 00240140 		.word	1073816576
 153 00b0 00100240 		.word	1073876992
 154 00b4 00000000 		.word	hdma_adc1
 155 00b8 08000240 		.word	1073872904
 157              		.section	.text.HAL_ADC_MspDeInit,"ax",%progbits
 158              		.align	1
 159              		.global	HAL_ADC_MspDeInit
 160              		.syntax unified
 161              		.code	16
 162              		.thumb_func
 164              	HAL_ADC_MspDeInit:
 165              		@ args = 0, pretend = 0, frame = 0
 166              		@ frame_needed = 0, uses_anonymous_args = 0
 167 0000 10B5     		push	{r4, lr}
 168 0002 0400     		movs	r4, r0
 169 0004 0268     		ldr	r2, [r0]
 170 0006 094B     		ldr	r3, .L16
 171 0008 9A42     		cmp	r2, r3
 172 000a 00D0     		beq	.L15
 173              	.L13:
 174              		@ sp needed
 175 000c 10BD     		pop	{r4, pc}
 176              	.L15:
ARM GAS  /var/folders/3q/0p8b__hx1wx8zj8b56q9glhc0000gn/T//ccRp4bH3.s 			page 4


 177 000e 084A     		ldr	r2, .L16+4
 178 0010 136C     		ldr	r3, [r2, #64]
 179 0012 0849     		ldr	r1, .L16+8
 180 0014 0B40     		ands	r3, r1
 181 0016 1364     		str	r3, [r2, #64]
 182 0018 A020     		movs	r0, #160
 183 001a 0221     		movs	r1, #2
 184 001c C005     		lsls	r0, r0, #23
 185 001e FFF7FEFF 		bl	HAL_GPIO_DeInit
 186 0022 206D     		ldr	r0, [r4, #80]
 187 0024 FFF7FEFF 		bl	HAL_DMA_DeInit
 188 0028 F0E7     		b	.L13
 189              	.L17:
 190 002a C046     		.align	2
 191              	.L16:
 192 002c 00240140 		.word	1073816576
 193 0030 00100240 		.word	1073876992
 194 0034 FFFFEFFF 		.word	-1048577
 196              		.section	.text.HAL_UART_MspInit,"ax",%progbits
 197              		.align	1
 198              		.global	HAL_UART_MspInit
 199              		.syntax unified
 200              		.code	16
 201              		.thumb_func
 203              	HAL_UART_MspInit:
 204              		@ args = 0, pretend = 0, frame = 32
 205              		@ frame_needed = 0, uses_anonymous_args = 0
 206 0000 10B5     		push	{r4, lr}
 207 0002 88B0     		sub	sp, sp, #32
 208 0004 0400     		movs	r4, r0
 209 0006 1422     		movs	r2, #20
 210 0008 0021     		movs	r1, #0
 211 000a 03A8     		add	r0, sp, #12
 212 000c FFF7FEFF 		bl	memset
 213 0010 2268     		ldr	r2, [r4]
 214 0012 114B     		ldr	r3, .L21
 215 0014 9A42     		cmp	r2, r3
 216 0016 01D0     		beq	.L20
 217              	.L18:
 218 0018 08B0     		add	sp, sp, #32
 219              		@ sp needed
 220 001a 10BD     		pop	{r4, pc}
 221              	.L20:
 222 001c 0F4B     		ldr	r3, .L21+4
 223 001e DA6B     		ldr	r2, [r3, #60]
 224 0020 8021     		movs	r1, #128
 225 0022 8902     		lsls	r1, r1, #10
 226 0024 0A43     		orrs	r2, r1
 227 0026 DA63     		str	r2, [r3, #60]
 228 0028 DA6B     		ldr	r2, [r3, #60]
 229 002a 0A40     		ands	r2, r1
 230 002c 0192     		str	r2, [sp, #4]
 231 002e 019A     		ldr	r2, [sp, #4]
 232 0030 596B     		ldr	r1, [r3, #52]
 233 0032 0122     		movs	r2, #1
 234 0034 1143     		orrs	r1, r2
 235 0036 5963     		str	r1, [r3, #52]
ARM GAS  /var/folders/3q/0p8b__hx1wx8zj8b56q9glhc0000gn/T//ccRp4bH3.s 			page 5


 236 0038 5B6B     		ldr	r3, [r3, #52]
 237 003a 1340     		ands	r3, r2
 238 003c 0293     		str	r3, [sp, #8]
 239 003e 029B     		ldr	r3, [sp, #8]
 240 0040 03A9     		add	r1, sp, #12
 241 0042 0C23     		movs	r3, #12
 242 0044 0393     		str	r3, [sp, #12]
 243 0046 0A3B     		subs	r3, r3, #10
 244 0048 4B60     		str	r3, [r1, #4]
 245 004a 0A61     		str	r2, [r1, #16]
 246 004c A020     		movs	r0, #160
 247 004e C005     		lsls	r0, r0, #23
 248 0050 FFF7FEFF 		bl	HAL_GPIO_Init
 249 0054 E0E7     		b	.L18
 250              	.L22:
 251 0056 C046     		.align	2
 252              	.L21:
 253 0058 00440040 		.word	1073759232
 254 005c 00100240 		.word	1073876992
 256              		.section	.text.HAL_UART_MspDeInit,"ax",%progbits
 257              		.align	1
 258              		.global	HAL_UART_MspDeInit
 259              		.syntax unified
 260              		.code	16
 261              		.thumb_func
 263              	HAL_UART_MspDeInit:
 264              		@ args = 0, pretend = 0, frame = 0
 265              		@ frame_needed = 0, uses_anonymous_args = 0
 266 0000 10B5     		push	{r4, lr}
 267 0002 0268     		ldr	r2, [r0]
 268 0004 074B     		ldr	r3, .L26
 269 0006 9A42     		cmp	r2, r3
 270 0008 00D0     		beq	.L25
 271              	.L23:
 272              		@ sp needed
 273 000a 10BD     		pop	{r4, pc}
 274              	.L25:
 275 000c 064A     		ldr	r2, .L26+4
 276 000e D36B     		ldr	r3, [r2, #60]
 277 0010 0649     		ldr	r1, .L26+8
 278 0012 0B40     		ands	r3, r1
 279 0014 D363     		str	r3, [r2, #60]
 280 0016 A020     		movs	r0, #160
 281 0018 0C21     		movs	r1, #12
 282 001a C005     		lsls	r0, r0, #23
 283 001c FFF7FEFF 		bl	HAL_GPIO_DeInit
 284 0020 F3E7     		b	.L23
 285              	.L27:
 286 0022 C046     		.align	2
 287              	.L26:
 288 0024 00440040 		.word	1073759232
 289 0028 00100240 		.word	1073876992
 290 002c FFFFFDFF 		.word	-131073
 292              		.ident	"GCC: (xPack GNU Arm Embedded GCC arm64) 14.2.1 20241119"
ARM GAS  /var/folders/3q/0p8b__hx1wx8zj8b56q9glhc0000gn/T//ccRp4bH3.s 			page 6


DEFINED SYMBOLS
                            *ABS*:00000000 stm32c0xx_hal_msp.c
/var/folders/3q/0p8b__hx1wx8zj8b56q9glhc0000gn/T//ccRp4bH3.s:16     .text.HAL_MspInit:00000000 $t
/var/folders/3q/0p8b__hx1wx8zj8b56q9glhc0000gn/T//ccRp4bH3.s:22     .text.HAL_MspInit:00000000 HAL_MspInit
/var/folders/3q/0p8b__hx1wx8zj8b56q9glhc0000gn/T//ccRp4bH3.s:51     .text.HAL_MspInit:0000002c $d
/var/folders/3q/0p8b__hx1wx8zj8b56q9glhc0000gn/T//ccRp4bH3.s:54     .text.HAL_ADC_MspInit:00000000 $t
/var/folders/3q/0p8b__hx1wx8zj8b56q9glhc0000gn/T//ccRp4bH3.s:60     .text.HAL_ADC_MspInit:00000000 HAL_ADC_MspInit
/var/folders/3q/0p8b__hx1wx8zj8b56q9glhc0000gn/T//ccRp4bH3.s:152    .text.HAL_ADC_MspInit:000000ac $d
/var/folders/3q/0p8b__hx1wx8zj8b56q9glhc0000gn/T//ccRp4bH3.s:158    .text.HAL_ADC_MspDeInit:00000000 $t
/var/folders/3q/0p8b__hx1wx8zj8b56q9glhc0000gn/T//ccRp4bH3.s:164    .text.HAL_ADC_MspDeInit:00000000 HAL_ADC_MspDeInit
/var/folders/3q/0p8b__hx1wx8zj8b56q9glhc0000gn/T//ccRp4bH3.s:192    .text.HAL_ADC_MspDeInit:0000002c $d
/var/folders/3q/0p8b__hx1wx8zj8b56q9glhc0000gn/T//ccRp4bH3.s:197    .text.HAL_UART_MspInit:00000000 $t
/var/folders/3q/0p8b__hx1wx8zj8b56q9glhc0000gn/T//ccRp4bH3.s:203    .text.HAL_UART_MspInit:00000000 HAL_UART_MspInit
/var/folders/3q/0p8b__hx1wx8zj8b56q9glhc0000gn/T//ccRp4bH3.s:253    .text.HAL_UART_MspInit:00000058 $d
/var/folders/3q/0p8b__hx1wx8zj8b56q9glhc0000gn/T//ccRp4bH3.s:257    .text.HAL_UART_MspDeInit:00000000 $t
/var/folders/3q/0p8b__hx1wx8zj8b56q9glhc0000gn/T//ccRp4bH3.s:263    .text.HAL_UART_MspDeInit:00000000 HAL_UART_MspDeInit
/var/folders/3q/0p8b__hx1wx8zj8b56q9glhc0000gn/T//ccRp4bH3.s:288    .text.HAL_UART_MspDeInit:00000024 $d

UNDEFINED SYMBOLS
memset
HAL_RCCEx_PeriphCLKConfig
HAL_GPIO_Init
HAL_DMA_Init
Error_Handler
hdma_adc1
HAL_GPIO_DeInit
HAL_DMA_DeInit
