ARM GAS  /var/folders/3q/0p8b__hx1wx8zj8b56q9glhc0000gn/T//ccSw7wTF.s 			page 1


   1              		.cpu cortex-m0plus
   2              		.arch armv6s-m
   3              		.fpu softvfp
   4              		.eabi_attribute 20, 1
   5              		.eabi_attribute 21, 1
   6              		.eabi_attribute 23, 3
   7              		.eabi_attribute 24, 1
   8              		.eabi_attribute 25, 1
   9              		.eabi_attribute 26, 1
  10              		.eabi_attribute 30, 1
  11              		.eabi_attribute 34, 0
  12              		.eabi_attribute 18, 4
  13              		.file	"stm32c0xx_hal_rcc.c"
  14              		.text
  15              		.section	.text.HAL_RCC_DeInit,"ax",%progbits
  16              		.align	1
  17              		.global	HAL_RCC_DeInit
  18              		.syntax unified
  19              		.code	16
  20              		.thumb_func
  22              	HAL_RCC_DeInit:
  23              		@ args = 0, pretend = 0, frame = 0
  24              		@ frame_needed = 0, uses_anonymous_args = 0
  25 0000 70B5     		push	{r4, r5, r6, lr}
  26 0002 FFF7FEFF 		bl	HAL_GetTick
  27 0006 0400     		movs	r4, r0
  28 0008 264A     		ldr	r2, .L15
  29 000a 1168     		ldr	r1, [r2]
  30 000c 8023     		movs	r3, #128
  31 000e 5B00     		lsls	r3, r3, #1
  32 0010 0B43     		orrs	r3, r1
  33 0012 1360     		str	r3, [r2]
  34              	.L2:
  35 0014 234B     		ldr	r3, .L15
  36 0016 1B68     		ldr	r3, [r3]
  37 0018 5B05     		lsls	r3, r3, #21
  38 001a 06D4     		bmi	.L12
  39 001c FFF7FEFF 		bl	HAL_GetTick
  40 0020 001B     		subs	r0, r0, r4
  41 0022 0228     		cmp	r0, #2
  42 0024 F6D9     		bls	.L2
  43 0026 0320     		movs	r0, #3
  44              	.L3:
  45              		@ sp needed
  46 0028 70BD     		pop	{r4, r5, r6, pc}
  47              	.L12:
  48 002a 1E4D     		ldr	r5, .L15
  49 002c 8023     		movs	r3, #128
  50 002e DB01     		lsls	r3, r3, #7
  51 0030 6B60     		str	r3, [r5, #4]
  52 0032 FFF7FEFF 		bl	HAL_GetTick
  53 0036 0400     		movs	r4, r0
  54 0038 0023     		movs	r3, #0
  55 003a AB60     		str	r3, [r5, #8]
  56              	.L5:
  57 003c 194B     		ldr	r3, .L15
  58 003e 9B68     		ldr	r3, [r3, #8]
ARM GAS  /var/folders/3q/0p8b__hx1wx8zj8b56q9glhc0000gn/T//ccSw7wTF.s 			page 2


  59 0040 3822     		movs	r2, #56
  60 0042 1A42     		tst	r2, r3
  61 0044 07D0     		beq	.L13
  62 0046 FFF7FEFF 		bl	HAL_GetTick
  63 004a 001B     		subs	r0, r0, r4
  64 004c 164B     		ldr	r3, .L15+4
  65 004e 9842     		cmp	r0, r3
  66 0050 F4D9     		bls	.L5
  67 0052 0320     		movs	r0, #3
  68 0054 E8E7     		b	.L3
  69              	.L13:
  70 0056 FFF7FEFF 		bl	HAL_GetTick
  71 005a 0400     		movs	r4, r0
  72 005c 114A     		ldr	r2, .L15
  73 005e 1368     		ldr	r3, [r2]
  74 0060 1249     		ldr	r1, .L15+8
  75 0062 0B40     		ands	r3, r1
  76 0064 1360     		str	r3, [r2]
  77              	.L7:
  78 0066 0F4B     		ldr	r3, .L15
  79 0068 1B68     		ldr	r3, [r3]
  80 006a 9B03     		lsls	r3, r3, #14
  81 006c 06D5     		bpl	.L14
  82 006e FFF7FEFF 		bl	HAL_GetTick
  83 0072 001B     		subs	r0, r0, r4
  84 0074 6428     		cmp	r0, #100
  85 0076 F6D9     		bls	.L7
  86 0078 0320     		movs	r0, #3
  87 007a D5E7     		b	.L3
  88              	.L14:
  89 007c 094B     		ldr	r3, .L15
  90 007e 1A68     		ldr	r2, [r3]
  91 0080 0B49     		ldr	r1, .L15+12
  92 0082 0A40     		ands	r2, r1
  93 0084 1A60     		str	r2, [r3]
  94 0086 0022     		movs	r2, #0
  95 0088 9A61     		str	r2, [r3, #24]
  96 008a 013A     		subs	r2, r2, #1
  97 008c 1A62     		str	r2, [r3, #32]
  98 008e 094B     		ldr	r3, .L15+16
  99 0090 094A     		ldr	r2, .L15+20
 100 0092 1A60     		str	r2, [r3]
 101 0094 094B     		ldr	r3, .L15+24
 102 0096 1868     		ldr	r0, [r3]
 103 0098 FFF7FEFF 		bl	HAL_InitTick
 104 009c 0028     		cmp	r0, #0
 105 009e C3D0     		beq	.L3
 106 00a0 0120     		movs	r0, #1
 107 00a2 C1E7     		b	.L3
 108              	.L16:
 109              		.align	2
 110              	.L15:
 111 00a4 00100240 		.word	1073876992
 112 00a8 88130000 		.word	5000
 113 00ac FFFFFEFF 		.word	-65537
 114 00b0 FFFFFBFF 		.word	-262145
 115 00b4 00000000 		.word	SystemCoreClock
ARM GAS  /var/folders/3q/0p8b__hx1wx8zj8b56q9glhc0000gn/T//ccSw7wTF.s 			page 3


 116 00b8 006CDC02 		.word	48000000
 117 00bc 00000000 		.word	uwTickPrio
 119              		.section	.text.HAL_RCC_OscConfig,"ax",%progbits
 120              		.align	1
 121              		.global	HAL_RCC_OscConfig
 122              		.syntax unified
 123              		.code	16
 124              		.thumb_func
 126              	HAL_RCC_OscConfig:
 127              		@ args = 0, pretend = 0, frame = 0
 128              		@ frame_needed = 0, uses_anonymous_args = 0
 129 0000 70B5     		push	{r4, r5, r6, lr}
 130 0002 041E     		subs	r4, r0, #0
 131 0004 00D1     		bne	.LCB131
 132 0006 39E1     		b	.L52	@long jump
 133              	.LCB131:
 134 0008 0368     		ldr	r3, [r0]
 135 000a DB07     		lsls	r3, r3, #31
 136 000c 2CD5     		bpl	.L19
 137 000e A14B     		ldr	r3, .L84
 138 0010 9A68     		ldr	r2, [r3, #8]
 139 0012 3823     		movs	r3, #56
 140 0014 1340     		ands	r3, r2
 141 0016 082B     		cmp	r3, #8
 142 0018 22D0     		beq	.L70
 143 001a 4368     		ldr	r3, [r0, #4]
 144 001c 8022     		movs	r2, #128
 145 001e 5202     		lsls	r2, r2, #9
 146 0020 9342     		cmp	r3, r2
 147 0022 2ED0     		beq	.L71
 148 0024 A022     		movs	r2, #160
 149 0026 D202     		lsls	r2, r2, #11
 150 0028 9342     		cmp	r3, r2
 151 002a 31D0     		beq	.L72
 152 002c 994B     		ldr	r3, .L84
 153 002e 1A68     		ldr	r2, [r3]
 154 0030 9949     		ldr	r1, .L84+4
 155 0032 0A40     		ands	r2, r1
 156 0034 1A60     		str	r2, [r3]
 157 0036 1A68     		ldr	r2, [r3]
 158 0038 9849     		ldr	r1, .L84+8
 159 003a 0A40     		ands	r2, r1
 160 003c 1A60     		str	r2, [r3]
 161              	.L22:
 162 003e 6368     		ldr	r3, [r4, #4]
 163 0040 002B     		cmp	r3, #0
 164 0042 31D0     		beq	.L24
 165 0044 FFF7FEFF 		bl	HAL_GetTick
 166 0048 0500     		movs	r5, r0
 167              	.L25:
 168 004a 924B     		ldr	r3, .L84
 169 004c 1B68     		ldr	r3, [r3]
 170 004e 9B03     		lsls	r3, r3, #14
 171 0050 0AD4     		bmi	.L19
 172 0052 FFF7FEFF 		bl	HAL_GetTick
 173 0056 401B     		subs	r0, r0, r5
 174 0058 6428     		cmp	r0, #100
ARM GAS  /var/folders/3q/0p8b__hx1wx8zj8b56q9glhc0000gn/T//ccSw7wTF.s 			page 4


 175 005a F6D9     		bls	.L25
 176 005c 0320     		movs	r0, #3
 177 005e 0EE1     		b	.L18
 178              	.L70:
 179 0060 4368     		ldr	r3, [r0, #4]
 180 0062 002B     		cmp	r3, #0
 181 0064 00D1     		bne	.LCB188
 182 0066 0BE1     		b	.L73	@long jump
 183              	.LCB188:
 184              	.L19:
 185 0068 2368     		ldr	r3, [r4]
 186 006a 9B07     		lsls	r3, r3, #30
 187 006c 47D5     		bpl	.L29
 188 006e 894B     		ldr	r3, .L84
 189 0070 9B68     		ldr	r3, [r3, #8]
 190 0072 3822     		movs	r2, #56
 191 0074 1A42     		tst	r2, r3
 192 0076 61D1     		bne	.L30
 193 0078 E368     		ldr	r3, [r4, #12]
 194 007a 002B     		cmp	r3, #0
 195 007c 22D1     		bne	.L74
 196 007e 0120     		movs	r0, #1
 197 0080 FDE0     		b	.L18
 198              	.L71:
 199 0082 844A     		ldr	r2, .L84
 200 0084 1168     		ldr	r1, [r2]
 201 0086 8023     		movs	r3, #128
 202 0088 5B02     		lsls	r3, r3, #9
 203 008a 0B43     		orrs	r3, r1
 204 008c 1360     		str	r3, [r2]
 205 008e D6E7     		b	.L22
 206              	.L72:
 207 0090 804B     		ldr	r3, .L84
 208 0092 1968     		ldr	r1, [r3]
 209 0094 8022     		movs	r2, #128
 210 0096 D202     		lsls	r2, r2, #11
 211 0098 0A43     		orrs	r2, r1
 212 009a 1A60     		str	r2, [r3]
 213 009c 1968     		ldr	r1, [r3]
 214 009e 8022     		movs	r2, #128
 215 00a0 5202     		lsls	r2, r2, #9
 216 00a2 0A43     		orrs	r2, r1
 217 00a4 1A60     		str	r2, [r3]
 218 00a6 CAE7     		b	.L22
 219              	.L24:
 220 00a8 FFF7FEFF 		bl	HAL_GetTick
 221 00ac 0500     		movs	r5, r0
 222              	.L27:
 223 00ae 794B     		ldr	r3, .L84
 224 00b0 1B68     		ldr	r3, [r3]
 225 00b2 9B03     		lsls	r3, r3, #14
 226 00b4 D8D5     		bpl	.L19
 227 00b6 FFF7FEFF 		bl	HAL_GetTick
 228 00ba 401B     		subs	r0, r0, r5
 229 00bc 6428     		cmp	r0, #100
 230 00be F6D9     		bls	.L27
 231 00c0 0320     		movs	r0, #3
ARM GAS  /var/folders/3q/0p8b__hx1wx8zj8b56q9glhc0000gn/T//ccSw7wTF.s 			page 5


 232 00c2 DCE0     		b	.L18
 233              	.L74:
 234 00c4 734B     		ldr	r3, .L84
 235 00c6 5A68     		ldr	r2, [r3, #4]
 236 00c8 7549     		ldr	r1, .L84+12
 237 00ca 0A40     		ands	r2, r1
 238 00cc 6169     		ldr	r1, [r4, #20]
 239 00ce 0902     		lsls	r1, r1, #8
 240 00d0 0A43     		orrs	r2, r1
 241 00d2 5A60     		str	r2, [r3, #4]
 242 00d4 1A68     		ldr	r2, [r3]
 243 00d6 7349     		ldr	r1, .L84+16
 244 00d8 0A40     		ands	r2, r1
 245 00da 2169     		ldr	r1, [r4, #16]
 246 00dc 0A43     		orrs	r2, r1
 247 00de 1A60     		str	r2, [r3]
 248 00e0 1B68     		ldr	r3, [r3]
 249 00e2 DB0A     		lsrs	r3, r3, #11
 250 00e4 0722     		movs	r2, #7
 251 00e6 1A40     		ands	r2, r3
 252 00e8 6F4B     		ldr	r3, .L84+20
 253 00ea D340     		lsrs	r3, r3, r2
 254 00ec 6F4A     		ldr	r2, .L84+24
 255 00ee 1360     		str	r3, [r2]
 256 00f0 6F4B     		ldr	r3, .L84+28
 257 00f2 1868     		ldr	r0, [r3]
 258 00f4 FFF7FEFF 		bl	HAL_InitTick
 259 00f8 0028     		cmp	r0, #0
 260 00fa 00D0     		beq	.LCB281
 261 00fc C2E0     		b	.L75	@long jump
 262              	.LCB281:
 263              	.L29:
 264 00fe 2368     		ldr	r3, [r4]
 265 0100 1B07     		lsls	r3, r3, #28
 266 0102 57D5     		bpl	.L36
 267 0104 634B     		ldr	r3, .L84
 268 0106 9A68     		ldr	r2, [r3, #8]
 269 0108 3823     		movs	r3, #56
 270 010a 1340     		ands	r3, r2
 271 010c 182B     		cmp	r3, #24
 272 010e 4ED0     		beq	.L76
 273 0110 A369     		ldr	r3, [r4, #24]
 274 0112 002B     		cmp	r3, #0
 275 0114 77D0     		beq	.L38
 276 0116 5F4A     		ldr	r2, .L84
 277 0118 136E     		ldr	r3, [r2, #96]
 278 011a 0121     		movs	r1, #1
 279 011c 0B43     		orrs	r3, r1
 280 011e 1366     		str	r3, [r2, #96]
 281 0120 FFF7FEFF 		bl	HAL_GetTick
 282 0124 0500     		movs	r5, r0
 283              	.L39:
 284 0126 5B4B     		ldr	r3, .L84
 285 0128 1B6E     		ldr	r3, [r3, #96]
 286 012a 9B07     		lsls	r3, r3, #30
 287 012c 42D4     		bmi	.L36
 288 012e FFF7FEFF 		bl	HAL_GetTick
ARM GAS  /var/folders/3q/0p8b__hx1wx8zj8b56q9glhc0000gn/T//ccSw7wTF.s 			page 6


 289 0132 401B     		subs	r0, r0, r5
 290 0134 0228     		cmp	r0, #2
 291 0136 F6D9     		bls	.L39
 292 0138 0320     		movs	r0, #3
 293 013a A0E0     		b	.L18
 294              	.L30:
 295 013c E368     		ldr	r3, [r4, #12]
 296 013e 002B     		cmp	r3, #0
 297 0140 22D0     		beq	.L31
 298 0142 544A     		ldr	r2, .L84
 299 0144 1368     		ldr	r3, [r2]
 300 0146 5749     		ldr	r1, .L84+16
 301 0148 0B40     		ands	r3, r1
 302 014a 2169     		ldr	r1, [r4, #16]
 303 014c 0B43     		orrs	r3, r1
 304 014e 1360     		str	r3, [r2]
 305 0150 1168     		ldr	r1, [r2]
 306 0152 8023     		movs	r3, #128
 307 0154 5B00     		lsls	r3, r3, #1
 308 0156 0B43     		orrs	r3, r1
 309 0158 1360     		str	r3, [r2]
 310 015a FFF7FEFF 		bl	HAL_GetTick
 311 015e 0500     		movs	r5, r0
 312              	.L32:
 313 0160 4C4B     		ldr	r3, .L84
 314 0162 1B68     		ldr	r3, [r3]
 315 0164 5B05     		lsls	r3, r3, #21
 316 0166 06D4     		bmi	.L77
 317 0168 FFF7FEFF 		bl	HAL_GetTick
 318 016c 401B     		subs	r0, r0, r5
 319 016e 0228     		cmp	r0, #2
 320 0170 F6D9     		bls	.L32
 321 0172 0320     		movs	r0, #3
 322 0174 83E0     		b	.L18
 323              	.L77:
 324 0176 4749     		ldr	r1, .L84
 325 0178 4B68     		ldr	r3, [r1, #4]
 326 017a 494A     		ldr	r2, .L84+12
 327 017c 1340     		ands	r3, r2
 328 017e 6269     		ldr	r2, [r4, #20]
 329 0180 1202     		lsls	r2, r2, #8
 330 0182 1343     		orrs	r3, r2
 331 0184 4B60     		str	r3, [r1, #4]
 332 0186 BAE7     		b	.L29
 333              	.L31:
 334 0188 424A     		ldr	r2, .L84
 335 018a 1368     		ldr	r3, [r2]
 336 018c 4949     		ldr	r1, .L84+32
 337 018e 0B40     		ands	r3, r1
 338 0190 1360     		str	r3, [r2]
 339 0192 FFF7FEFF 		bl	HAL_GetTick
 340 0196 0500     		movs	r5, r0
 341              	.L34:
 342 0198 3E4B     		ldr	r3, .L84
 343 019a 1B68     		ldr	r3, [r3]
 344 019c 5B05     		lsls	r3, r3, #21
 345 019e AED5     		bpl	.L29
ARM GAS  /var/folders/3q/0p8b__hx1wx8zj8b56q9glhc0000gn/T//ccSw7wTF.s 			page 7


 346 01a0 FFF7FEFF 		bl	HAL_GetTick
 347 01a4 401B     		subs	r0, r0, r5
 348 01a6 0228     		cmp	r0, #2
 349 01a8 F6D9     		bls	.L34
 350 01aa 0320     		movs	r0, #3
 351 01ac 67E0     		b	.L18
 352              	.L76:
 353 01ae A369     		ldr	r3, [r4, #24]
 354 01b0 002B     		cmp	r3, #0
 355 01b2 69D0     		beq	.L78
 356              	.L36:
 357 01b4 2368     		ldr	r3, [r4]
 358 01b6 5B07     		lsls	r3, r3, #29
 359 01b8 68D5     		bpl	.L63
 360 01ba 364B     		ldr	r3, .L84
 361 01bc 9A68     		ldr	r2, [r3, #8]
 362 01be 3823     		movs	r3, #56
 363 01c0 1340     		ands	r3, r2
 364 01c2 202B     		cmp	r3, #32
 365 01c4 32D0     		beq	.L79
 366 01c6 A368     		ldr	r3, [r4, #8]
 367 01c8 012B     		cmp	r3, #1
 368 01ca 34D0     		beq	.L80
 369 01cc 052B     		cmp	r3, #5
 370 01ce 38D0     		beq	.L81
 371 01d0 304B     		ldr	r3, .L84
 372 01d2 DA6D     		ldr	r2, [r3, #92]
 373 01d4 0121     		movs	r1, #1
 374 01d6 8A43     		bics	r2, r1
 375 01d8 DA65     		str	r2, [r3, #92]
 376 01da DA6D     		ldr	r2, [r3, #92]
 377 01dc 0331     		adds	r1, r1, #3
 378 01de 8A43     		bics	r2, r1
 379 01e0 DA65     		str	r2, [r3, #92]
 380              	.L45:
 381 01e2 A368     		ldr	r3, [r4, #8]
 382 01e4 002B     		cmp	r3, #0
 383 01e6 38D0     		beq	.L47
 384 01e8 FFF7FEFF 		bl	HAL_GetTick
 385 01ec 0400     		movs	r4, r0
 386              	.L48:
 387 01ee 294B     		ldr	r3, .L84
 388 01f0 DB6D     		ldr	r3, [r3, #92]
 389 01f2 9B07     		lsls	r3, r3, #30
 390 01f4 2FD4     		bmi	.L82
 391 01f6 FFF7FEFF 		bl	HAL_GetTick
 392 01fa 001B     		subs	r0, r0, r4
 393 01fc 2E4B     		ldr	r3, .L84+36
 394 01fe 9842     		cmp	r0, r3
 395 0200 F5D9     		bls	.L48
 396 0202 0320     		movs	r0, #3
 397 0204 3BE0     		b	.L18
 398              	.L38:
 399 0206 234A     		ldr	r2, .L84
 400 0208 136E     		ldr	r3, [r2, #96]
 401 020a 0121     		movs	r1, #1
 402 020c 8B43     		bics	r3, r1
ARM GAS  /var/folders/3q/0p8b__hx1wx8zj8b56q9glhc0000gn/T//ccSw7wTF.s 			page 8


 403 020e 1366     		str	r3, [r2, #96]
 404 0210 FFF7FEFF 		bl	HAL_GetTick
 405 0214 0500     		movs	r5, r0
 406              	.L41:
 407 0216 1F4B     		ldr	r3, .L84
 408 0218 1B6E     		ldr	r3, [r3, #96]
 409 021a 9B07     		lsls	r3, r3, #30
 410 021c CAD5     		bpl	.L36
 411 021e FFF7FEFF 		bl	HAL_GetTick
 412 0222 401B     		subs	r0, r0, r5
 413 0224 0228     		cmp	r0, #2
 414 0226 F6D9     		bls	.L41
 415 0228 0320     		movs	r0, #3
 416 022a 28E0     		b	.L18
 417              	.L79:
 418 022c A368     		ldr	r3, [r4, #8]
 419 022e 002B     		cmp	r3, #0
 420 0230 2ED0     		beq	.L64
 421 0232 0020     		movs	r0, #0
 422 0234 23E0     		b	.L18
 423              	.L80:
 424 0236 174A     		ldr	r2, .L84
 425 0238 D36D     		ldr	r3, [r2, #92]
 426 023a 0121     		movs	r1, #1
 427 023c 0B43     		orrs	r3, r1
 428 023e D365     		str	r3, [r2, #92]
 429 0240 CFE7     		b	.L45
 430              	.L81:
 431 0242 144B     		ldr	r3, .L84
 432 0244 DA6D     		ldr	r2, [r3, #92]
 433 0246 0421     		movs	r1, #4
 434 0248 0A43     		orrs	r2, r1
 435 024a DA65     		str	r2, [r3, #92]
 436 024c DA6D     		ldr	r2, [r3, #92]
 437 024e 0339     		subs	r1, r1, #3
 438 0250 0A43     		orrs	r2, r1
 439 0252 DA65     		str	r2, [r3, #92]
 440 0254 C5E7     		b	.L45
 441              	.L82:
 442 0256 0020     		movs	r0, #0
 443 0258 11E0     		b	.L18
 444              	.L47:
 445 025a FFF7FEFF 		bl	HAL_GetTick
 446 025e 0400     		movs	r4, r0
 447              	.L50:
 448 0260 0C4B     		ldr	r3, .L84
 449 0262 DB6D     		ldr	r3, [r3, #92]
 450 0264 9B07     		lsls	r3, r3, #30
 451 0266 07D5     		bpl	.L83
 452 0268 FFF7FEFF 		bl	HAL_GetTick
 453 026c 001B     		subs	r0, r0, r4
 454 026e 124B     		ldr	r3, .L84+36
 455 0270 9842     		cmp	r0, r3
 456 0272 F5D9     		bls	.L50
 457 0274 0320     		movs	r0, #3
 458 0276 02E0     		b	.L18
 459              	.L83:
ARM GAS  /var/folders/3q/0p8b__hx1wx8zj8b56q9glhc0000gn/T//ccSw7wTF.s 			page 9


 460 0278 0020     		movs	r0, #0
 461 027a 00E0     		b	.L18
 462              	.L52:
 463 027c 0120     		movs	r0, #1
 464              	.L18:
 465              		@ sp needed
 466 027e 70BD     		pop	{r4, r5, r6, pc}
 467              	.L73:
 468 0280 0120     		movs	r0, #1
 469 0282 FCE7     		b	.L18
 470              	.L75:
 471 0284 0120     		movs	r0, #1
 472 0286 FAE7     		b	.L18
 473              	.L78:
 474 0288 0120     		movs	r0, #1
 475 028a F8E7     		b	.L18
 476              	.L63:
 477 028c 0020     		movs	r0, #0
 478 028e F6E7     		b	.L18
 479              	.L64:
 480 0290 0120     		movs	r0, #1
 481 0292 F4E7     		b	.L18
 482              	.L85:
 483              		.align	2
 484              	.L84:
 485 0294 00100240 		.word	1073876992
 486 0298 FFFFFEFF 		.word	-65537
 487 029c FFFFFBFF 		.word	-262145
 488 02a0 FF80FFFF 		.word	-32513
 489 02a4 FFC7FFFF 		.word	-14337
 490 02a8 006CDC02 		.word	48000000
 491 02ac 00000000 		.word	SystemCoreClock
 492 02b0 00000000 		.word	uwTickPrio
 493 02b4 FFFEFFFF 		.word	-257
 494 02b8 88130000 		.word	5000
 496              		.section	.text.HAL_RCC_MCOConfig,"ax",%progbits
 497              		.align	1
 498              		.global	HAL_RCC_MCOConfig
 499              		.syntax unified
 500              		.code	16
 501              		.thumb_func
 503              	HAL_RCC_MCOConfig:
 504              		@ args = 0, pretend = 0, frame = 24
 505              		@ frame_needed = 0, uses_anonymous_args = 0
 506 0000 F0B5     		push	{r4, r5, r6, r7, lr}
 507 0002 CE46     		mov	lr, r9
 508 0004 4746     		mov	r7, r8
 509 0006 80B5     		push	{r7, lr}
 510 0008 87B0     		sub	sp, sp, #28
 511 000a 0300     		movs	r3, r0
 512 000c 8846     		mov	r8, r1
 513 000e 1500     		movs	r5, r2
 514 0010 01A9     		add	r1, sp, #4
 515 0012 0222     		movs	r2, #2
 516 0014 4A60     		str	r2, [r1, #4]
 517 0016 0132     		adds	r2, r2, #1
 518 0018 CA60     		str	r2, [r1, #12]
ARM GAS  /var/folders/3q/0p8b__hx1wx8zj8b56q9glhc0000gn/T//ccSw7wTF.s 			page 10


 519 001a 0022     		movs	r2, #0
 520 001c 8A60     		str	r2, [r1, #8]
 521 001e 8026     		movs	r6, #128
 522 0020 7605     		lsls	r6, r6, #21
 523 0022 0640     		ands	r6, r0
 524 0024 000C     		lsrs	r0, r0, #16
 525 0026 0F32     		adds	r2, r2, #15
 526 0028 0240     		ands	r2, r0
 527 002a A020     		movs	r0, #160
 528 002c 4003     		lsls	r0, r0, #13
 529 002e 1018     		adds	r0, r2, r0
 530 0030 8002     		lsls	r0, r0, #10
 531 0032 8146     		mov	r9, r0
 532 0034 144C     		ldr	r4, .L89
 533 0036 676B     		ldr	r7, [r4, #52]
 534 0038 0120     		movs	r0, #1
 535 003a 9040     		lsls	r0, r0, r2
 536 003c 0200     		movs	r2, r0
 537 003e 3A43     		orrs	r2, r7
 538 0040 6263     		str	r2, [r4, #52]
 539 0042 1A04     		lsls	r2, r3, #16
 540 0044 120C     		lsrs	r2, r2, #16
 541 0046 0192     		str	r2, [sp, #4]
 542 0048 1B0D     		lsrs	r3, r3, #20
 543 004a FF22     		movs	r2, #255
 544 004c 1340     		ands	r3, r2
 545 004e 0B61     		str	r3, [r1, #16]
 546 0050 4846     		mov	r0, r9
 547 0052 FFF7FEFF 		bl	HAL_GPIO_Init
 548 0056 002E     		cmp	r6, #0
 549 0058 0CD1     		bne	.L87
 550 005a A368     		ldr	r3, [r4, #8]
 551 005c 0B49     		ldr	r1, .L89+4
 552 005e 0B40     		ands	r3, r1
 553 0060 4146     		mov	r1, r8
 554 0062 2943     		orrs	r1, r5
 555 0064 0D00     		movs	r5, r1
 556 0066 1D43     		orrs	r5, r3
 557 0068 A560     		str	r5, [r4, #8]
 558              	.L86:
 559 006a 07B0     		add	sp, sp, #28
 560              		@ sp needed
 561 006c C0BC     		pop	{r6, r7}
 562 006e B946     		mov	r9, r7
 563 0070 B046     		mov	r8, r6
 564 0072 F0BD     		pop	{r4, r5, r6, r7, pc}
 565              	.L87:
 566 0074 044A     		ldr	r2, .L89
 567 0076 9368     		ldr	r3, [r2, #8]
 568 0078 0549     		ldr	r1, .L89+8
 569 007a 0B40     		ands	r3, r1
 570 007c 4446     		mov	r4, r8
 571 007e 2C43     		orrs	r4, r5
 572 0080 1C43     		orrs	r4, r3
 573 0082 9460     		str	r4, [r2, #8]
 574 0084 F1E7     		b	.L86
 575              	.L90:
ARM GAS  /var/folders/3q/0p8b__hx1wx8zj8b56q9glhc0000gn/T//ccSw7wTF.s 			page 11


 576 0086 C046     		.align	2
 577              	.L89:
 578 0088 00100240 		.word	1073876992
 579 008c FFFFFF88 		.word	-1996488705
 580 0090 FFFF88FF 		.word	-7798785
 582              		.section	.text.HAL_RCC_GetSysClockFreq,"ax",%progbits
 583              		.align	1
 584              		.global	HAL_RCC_GetSysClockFreq
 585              		.syntax unified
 586              		.code	16
 587              		.thumb_func
 589              	HAL_RCC_GetSysClockFreq:
 590              		@ args = 0, pretend = 0, frame = 0
 591              		@ frame_needed = 0, uses_anonymous_args = 0
 592              		@ link register save eliminated.
 593 0000 144B     		ldr	r3, .L98
 594 0002 9B68     		ldr	r3, [r3, #8]
 595 0004 3822     		movs	r2, #56
 596 0006 1A42     		tst	r2, r3
 597 0008 07D1     		bne	.L92
 598 000a 124B     		ldr	r3, .L98
 599 000c 1A68     		ldr	r2, [r3]
 600 000e D20A     		lsrs	r2, r2, #11
 601 0010 0723     		movs	r3, #7
 602 0012 1340     		ands	r3, r2
 603 0014 1048     		ldr	r0, .L98+4
 604 0016 D840     		lsrs	r0, r0, r3
 605              	.L91:
 606              		@ sp needed
 607 0018 7047     		bx	lr
 608              	.L92:
 609 001a 0E4B     		ldr	r3, .L98
 610 001c 9A68     		ldr	r2, [r3, #8]
 611 001e 3823     		movs	r3, #56
 612 0020 1340     		ands	r3, r2
 613 0022 082B     		cmp	r3, #8
 614 0024 10D0     		beq	.L94
 615 0026 0B4B     		ldr	r3, .L98
 616 0028 9A68     		ldr	r2, [r3, #8]
 617 002a 3823     		movs	r3, #56
 618 002c 1340     		ands	r3, r2
 619 002e 202B     		cmp	r3, #32
 620 0030 0CD0     		beq	.L95
 621 0032 084B     		ldr	r3, .L98
 622 0034 9A68     		ldr	r2, [r3, #8]
 623 0036 3823     		movs	r3, #56
 624 0038 1340     		ands	r3, r2
 625 003a 182B     		cmp	r3, #24
 626 003c 01D0     		beq	.L97
 627 003e 0020     		movs	r0, #0
 628 0040 EAE7     		b	.L91
 629              	.L97:
 630 0042 FA20     		movs	r0, #250
 631 0044 C001     		lsls	r0, r0, #7
 632 0046 E7E7     		b	.L91
 633              	.L94:
 634 0048 0348     		ldr	r0, .L98+4
ARM GAS  /var/folders/3q/0p8b__hx1wx8zj8b56q9glhc0000gn/T//ccSw7wTF.s 			page 12


 635 004a E5E7     		b	.L91
 636              	.L95:
 637 004c 8020     		movs	r0, #128
 638 004e 0002     		lsls	r0, r0, #8
 639 0050 E2E7     		b	.L91
 640              	.L99:
 641 0052 C046     		.align	2
 642              	.L98:
 643 0054 00100240 		.word	1073876992
 644 0058 006CDC02 		.word	48000000
 646              		.section	.text.HAL_RCC_ClockConfig,"ax",%progbits
 647              		.align	1
 648              		.global	HAL_RCC_ClockConfig
 649              		.syntax unified
 650              		.code	16
 651              		.thumb_func
 653              	HAL_RCC_ClockConfig:
 654              		@ args = 0, pretend = 0, frame = 0
 655              		@ frame_needed = 0, uses_anonymous_args = 0
 656 0000 70B5     		push	{r4, r5, r6, lr}
 657 0002 0400     		movs	r4, r0
 658 0004 0D00     		movs	r5, r1
 659 0006 0028     		cmp	r0, #0
 660 0008 00D1     		bne	.LCB758
 661 000a A4E0     		b	.L118	@long jump
 662              	.LCB758:
 663 000c 544B     		ldr	r3, .L138
 664 000e 1A68     		ldr	r2, [r3]
 665 0010 0723     		movs	r3, #7
 666 0012 1340     		ands	r3, r2
 667 0014 8B42     		cmp	r3, r1
 668 0016 21D3     		bcc	.L133
 669              	.L102:
 670 0018 2368     		ldr	r3, [r4]
 671 001a 9A07     		lsls	r2, r3, #30
 672 001c 10D5     		bpl	.L105
 673 001e 5B07     		lsls	r3, r3, #29
 674 0020 07D5     		bpl	.L106
 675 0022 5049     		ldr	r1, .L138+4
 676 0024 8A68     		ldr	r2, [r1, #8]
 677 0026 504B     		ldr	r3, .L138+8
 678 0028 1A40     		ands	r2, r3
 679 002a B023     		movs	r3, #176
 680 002c 1B01     		lsls	r3, r3, #4
 681 002e 1343     		orrs	r3, r2
 682 0030 8B60     		str	r3, [r1, #8]
 683              	.L106:
 684 0032 4C4A     		ldr	r2, .L138+4
 685 0034 9368     		ldr	r3, [r2, #8]
 686 0036 4D49     		ldr	r1, .L138+12
 687 0038 0B40     		ands	r3, r1
 688 003a E168     		ldr	r1, [r4, #12]
 689 003c 0B43     		orrs	r3, r1
 690 003e 9360     		str	r3, [r2, #8]
 691              	.L105:
 692 0040 2368     		ldr	r3, [r4]
 693 0042 DB07     		lsls	r3, r3, #31
ARM GAS  /var/folders/3q/0p8b__hx1wx8zj8b56q9glhc0000gn/T//ccSw7wTF.s 			page 13


 694 0044 4CD5     		bpl	.L107
 695 0046 6368     		ldr	r3, [r4, #4]
 696 0048 012B     		cmp	r3, #1
 697 004a 1ED0     		beq	.L134
 698 004c 002B     		cmp	r3, #0
 699 004e 39D1     		bne	.L110
 700 0050 444A     		ldr	r2, .L138+4
 701 0052 1268     		ldr	r2, [r2]
 702 0054 5205     		lsls	r2, r2, #21
 703 0056 1CD4     		bmi	.L109
 704 0058 0120     		movs	r0, #1
 705 005a 64E0     		b	.L101
 706              	.L133:
 707 005c 404A     		ldr	r2, .L138
 708 005e 1368     		ldr	r3, [r2]
 709 0060 0721     		movs	r1, #7
 710 0062 8B43     		bics	r3, r1
 711 0064 2B43     		orrs	r3, r5
 712 0066 1360     		str	r3, [r2]
 713 0068 FFF7FEFF 		bl	HAL_GetTick
 714 006c 0600     		movs	r6, r0
 715              	.L103:
 716 006e 3C4B     		ldr	r3, .L138
 717 0070 1A68     		ldr	r2, [r3]
 718 0072 0723     		movs	r3, #7
 719 0074 1340     		ands	r3, r2
 720 0076 AB42     		cmp	r3, r5
 721 0078 CED0     		beq	.L102
 722 007a FFF7FEFF 		bl	HAL_GetTick
 723 007e 801B     		subs	r0, r0, r6
 724 0080 3B4A     		ldr	r2, .L138+16
 725 0082 9042     		cmp	r0, r2
 726 0084 F3D9     		bls	.L103
 727 0086 0320     		movs	r0, #3
 728 0088 4DE0     		b	.L101
 729              	.L134:
 730 008a 364A     		ldr	r2, .L138+4
 731 008c 1268     		ldr	r2, [r2]
 732 008e 9203     		lsls	r2, r2, #14
 733 0090 63D5     		bpl	.L135
 734              	.L109:
 735 0092 3449     		ldr	r1, .L138+4
 736 0094 8A68     		ldr	r2, [r1, #8]
 737 0096 0720     		movs	r0, #7
 738 0098 8243     		bics	r2, r0
 739 009a 1343     		orrs	r3, r2
 740 009c 8B60     		str	r3, [r1, #8]
 741 009e FFF7FEFF 		bl	HAL_GetTick
 742 00a2 0600     		movs	r6, r0
 743              	.L112:
 744 00a4 2F4B     		ldr	r3, .L138+4
 745 00a6 9B68     		ldr	r3, [r3, #8]
 746 00a8 3822     		movs	r2, #56
 747 00aa 1A40     		ands	r2, r3
 748 00ac 6368     		ldr	r3, [r4, #4]
 749 00ae DB00     		lsls	r3, r3, #3
 750 00b0 9A42     		cmp	r2, r3
ARM GAS  /var/folders/3q/0p8b__hx1wx8zj8b56q9glhc0000gn/T//ccSw7wTF.s 			page 14


 751 00b2 15D0     		beq	.L107
 752 00b4 FFF7FEFF 		bl	HAL_GetTick
 753 00b8 801B     		subs	r0, r0, r6
 754 00ba 2D4B     		ldr	r3, .L138+16
 755 00bc 9842     		cmp	r0, r3
 756 00be F1D9     		bls	.L112
 757 00c0 0320     		movs	r0, #3
 758 00c2 30E0     		b	.L101
 759              	.L110:
 760 00c4 032B     		cmp	r3, #3
 761 00c6 05D0     		beq	.L136
 762 00c8 264A     		ldr	r2, .L138+4
 763 00ca D26D     		ldr	r2, [r2, #92]
 764 00cc 9207     		lsls	r2, r2, #30
 765 00ce E0D4     		bmi	.L109
 766 00d0 0120     		movs	r0, #1
 767 00d2 28E0     		b	.L101
 768              	.L136:
 769 00d4 234A     		ldr	r2, .L138+4
 770 00d6 126E     		ldr	r2, [r2, #96]
 771 00d8 9207     		lsls	r2, r2, #30
 772 00da DAD4     		bmi	.L109
 773 00dc 0120     		movs	r0, #1
 774 00de 22E0     		b	.L101
 775              	.L107:
 776 00e0 1F4B     		ldr	r3, .L138
 777 00e2 1A68     		ldr	r2, [r3]
 778 00e4 0723     		movs	r3, #7
 779 00e6 1340     		ands	r3, r2
 780 00e8 AB42     		cmp	r3, r5
 781 00ea 1DD8     		bhi	.L137
 782              	.L114:
 783 00ec 2368     		ldr	r3, [r4]
 784 00ee 5B07     		lsls	r3, r3, #29
 785 00f0 06D5     		bpl	.L117
 786 00f2 1C4A     		ldr	r2, .L138+4
 787 00f4 9368     		ldr	r3, [r2, #8]
 788 00f6 1F49     		ldr	r1, .L138+20
 789 00f8 0B40     		ands	r3, r1
 790 00fa 2169     		ldr	r1, [r4, #16]
 791 00fc 0B43     		orrs	r3, r1
 792 00fe 9360     		str	r3, [r2, #8]
 793              	.L117:
 794 0100 FFF7FEFF 		bl	HAL_RCC_GetSysClockFreq
 795 0104 174B     		ldr	r3, .L138+4
 796 0106 9A68     		ldr	r2, [r3, #8]
 797 0108 120A     		lsrs	r2, r2, #8
 798 010a 0F23     		movs	r3, #15
 799 010c 1340     		ands	r3, r2
 800 010e 1A4A     		ldr	r2, .L138+24
 801 0110 9B00     		lsls	r3, r3, #2
 802 0112 9A58     		ldr	r2, [r3, r2]
 803 0114 1F23     		movs	r3, #31
 804 0116 1340     		ands	r3, r2
 805 0118 D840     		lsrs	r0, r0, r3
 806 011a 184B     		ldr	r3, .L138+28
 807 011c 1860     		str	r0, [r3]
ARM GAS  /var/folders/3q/0p8b__hx1wx8zj8b56q9glhc0000gn/T//ccSw7wTF.s 			page 15


 808 011e 184B     		ldr	r3, .L138+32
 809 0120 1868     		ldr	r0, [r3]
 810 0122 FFF7FEFF 		bl	HAL_InitTick
 811              	.L101:
 812              		@ sp needed
 813 0126 70BD     		pop	{r4, r5, r6, pc}
 814              	.L137:
 815 0128 0D4A     		ldr	r2, .L138
 816 012a 1368     		ldr	r3, [r2]
 817 012c 0721     		movs	r1, #7
 818 012e 8B43     		bics	r3, r1
 819 0130 2B43     		orrs	r3, r5
 820 0132 1360     		str	r3, [r2]
 821 0134 FFF7FEFF 		bl	HAL_GetTick
 822 0138 0600     		movs	r6, r0
 823              	.L115:
 824 013a 094B     		ldr	r3, .L138
 825 013c 1A68     		ldr	r2, [r3]
 826 013e 0723     		movs	r3, #7
 827 0140 1340     		ands	r3, r2
 828 0142 AB42     		cmp	r3, r5
 829 0144 D2D0     		beq	.L114
 830 0146 FFF7FEFF 		bl	HAL_GetTick
 831 014a 801B     		subs	r0, r0, r6
 832 014c 084B     		ldr	r3, .L138+16
 833 014e 9842     		cmp	r0, r3
 834 0150 F3D9     		bls	.L115
 835 0152 0320     		movs	r0, #3
 836 0154 E7E7     		b	.L101
 837              	.L118:
 838 0156 0120     		movs	r0, #1
 839 0158 E5E7     		b	.L101
 840              	.L135:
 841 015a 0120     		movs	r0, #1
 842 015c E3E7     		b	.L101
 843              	.L139:
 844 015e C046     		.align	2
 845              	.L138:
 846 0160 00200240 		.word	1073881088
 847 0164 00100240 		.word	1073876992
 848 0168 FF84FFFF 		.word	-31489
 849 016c FFF0FFFF 		.word	-3841
 850 0170 88130000 		.word	5000
 851 0174 FF8FFFFF 		.word	-28673
 852 0178 00000000 		.word	AHBPrescTable
 853 017c 00000000 		.word	SystemCoreClock
 854 0180 00000000 		.word	uwTickPrio
 856              		.section	.text.HAL_RCC_GetHCLKFreq,"ax",%progbits
 857              		.align	1
 858              		.global	HAL_RCC_GetHCLKFreq
 859              		.syntax unified
 860              		.code	16
 861              		.thumb_func
 863              	HAL_RCC_GetHCLKFreq:
 864              		@ args = 0, pretend = 0, frame = 0
 865              		@ frame_needed = 0, uses_anonymous_args = 0
 866 0000 10B5     		push	{r4, lr}
ARM GAS  /var/folders/3q/0p8b__hx1wx8zj8b56q9glhc0000gn/T//ccSw7wTF.s 			page 16


 867 0002 FFF7FEFF 		bl	HAL_RCC_GetSysClockFreq
 868 0006 074B     		ldr	r3, .L141
 869 0008 9A68     		ldr	r2, [r3, #8]
 870 000a 120A     		lsrs	r2, r2, #8
 871 000c 0F23     		movs	r3, #15
 872 000e 1340     		ands	r3, r2
 873 0010 054A     		ldr	r2, .L141+4
 874 0012 9B00     		lsls	r3, r3, #2
 875 0014 9A58     		ldr	r2, [r3, r2]
 876 0016 1F23     		movs	r3, #31
 877 0018 1340     		ands	r3, r2
 878 001a D840     		lsrs	r0, r0, r3
 879 001c 034B     		ldr	r3, .L141+8
 880 001e 1860     		str	r0, [r3]
 881              		@ sp needed
 882 0020 10BD     		pop	{r4, pc}
 883              	.L142:
 884 0022 C046     		.align	2
 885              	.L141:
 886 0024 00100240 		.word	1073876992
 887 0028 00000000 		.word	AHBPrescTable
 888 002c 00000000 		.word	SystemCoreClock
 890              		.section	.text.HAL_RCC_GetPCLK1Freq,"ax",%progbits
 891              		.align	1
 892              		.global	HAL_RCC_GetPCLK1Freq
 893              		.syntax unified
 894              		.code	16
 895              		.thumb_func
 897              	HAL_RCC_GetPCLK1Freq:
 898              		@ args = 0, pretend = 0, frame = 0
 899              		@ frame_needed = 0, uses_anonymous_args = 0
 900 0000 10B5     		push	{r4, lr}
 901 0002 FFF7FEFF 		bl	HAL_RCC_GetHCLKFreq
 902 0006 064B     		ldr	r3, .L144
 903 0008 9A68     		ldr	r2, [r3, #8]
 904 000a 120B     		lsrs	r2, r2, #12
 905 000c 0723     		movs	r3, #7
 906 000e 1340     		ands	r3, r2
 907 0010 044A     		ldr	r2, .L144+4
 908 0012 9B00     		lsls	r3, r3, #2
 909 0014 9A58     		ldr	r2, [r3, r2]
 910 0016 1F23     		movs	r3, #31
 911 0018 1340     		ands	r3, r2
 912 001a D840     		lsrs	r0, r0, r3
 913              		@ sp needed
 914 001c 10BD     		pop	{r4, pc}
 915              	.L145:
 916 001e C046     		.align	2
 917              	.L144:
 918 0020 00100240 		.word	1073876992
 919 0024 00000000 		.word	APBPrescTable
 921              		.section	.text.HAL_RCC_GetOscConfig,"ax",%progbits
 922              		.align	1
 923              		.global	HAL_RCC_GetOscConfig
 924              		.syntax unified
 925              		.code	16
 926              		.thumb_func
ARM GAS  /var/folders/3q/0p8b__hx1wx8zj8b56q9glhc0000gn/T//ccSw7wTF.s 			page 17


 928              	HAL_RCC_GetOscConfig:
 929              		@ args = 0, pretend = 0, frame = 0
 930              		@ frame_needed = 0, uses_anonymous_args = 0
 931 0000 10B5     		push	{r4, lr}
 932 0002 0F23     		movs	r3, #15
 933 0004 0360     		str	r3, [r0]
 934 0006 0E4A     		ldr	r2, .L147
 935 0008 1368     		ldr	r3, [r2]
 936 000a A021     		movs	r1, #160
 937 000c C902     		lsls	r1, r1, #11
 938 000e 1940     		ands	r1, r3
 939 0010 4160     		str	r1, [r0, #4]
 940 0012 8021     		movs	r1, #128
 941 0014 4900     		lsls	r1, r1, #1
 942 0016 1940     		ands	r1, r3
 943 0018 C160     		str	r1, [r0, #12]
 944 001a 5468     		ldr	r4, [r2, #4]
 945 001c 240A     		lsrs	r4, r4, #8
 946 001e 7F21     		movs	r1, #127
 947 0020 2140     		ands	r1, r4
 948 0022 4161     		str	r1, [r0, #20]
 949 0024 DB0A     		lsrs	r3, r3, #11
 950 0026 0721     		movs	r1, #7
 951 0028 0B40     		ands	r3, r1
 952 002a 0361     		str	r3, [r0, #16]
 953 002c D16D     		ldr	r1, [r2, #92]
 954 002e 0523     		movs	r3, #5
 955 0030 0B40     		ands	r3, r1
 956 0032 8360     		str	r3, [r0, #8]
 957 0034 126E     		ldr	r2, [r2, #96]
 958 0036 0123     		movs	r3, #1
 959 0038 1340     		ands	r3, r2
 960 003a 8361     		str	r3, [r0, #24]
 961              		@ sp needed
 962 003c 10BD     		pop	{r4, pc}
 963              	.L148:
 964 003e C046     		.align	2
 965              	.L147:
 966 0040 00100240 		.word	1073876992
 968              		.section	.text.HAL_RCC_GetClockConfig,"ax",%progbits
 969              		.align	1
 970              		.global	HAL_RCC_GetClockConfig
 971              		.syntax unified
 972              		.code	16
 973              		.thumb_func
 975              	HAL_RCC_GetClockConfig:
 976              		@ args = 0, pretend = 0, frame = 0
 977              		@ frame_needed = 0, uses_anonymous_args = 0
 978 0000 30B5     		push	{r4, r5, lr}
 979 0002 0723     		movs	r3, #7
 980 0004 0360     		str	r3, [r0]
 981 0006 0A4A     		ldr	r2, .L150
 982 0008 9468     		ldr	r4, [r2, #8]
 983 000a 1C40     		ands	r4, r3
 984 000c 4460     		str	r4, [r0, #4]
 985 000e 0024     		movs	r4, #0
 986 0010 8460     		str	r4, [r0, #8]
ARM GAS  /var/folders/3q/0p8b__hx1wx8zj8b56q9glhc0000gn/T//ccSw7wTF.s 			page 18


 987 0012 9468     		ldr	r4, [r2, #8]
 988 0014 F025     		movs	r5, #240
 989 0016 2D01     		lsls	r5, r5, #4
 990 0018 2C40     		ands	r4, r5
 991 001a C460     		str	r4, [r0, #12]
 992 001c 9268     		ldr	r2, [r2, #8]
 993 001e E024     		movs	r4, #224
 994 0020 E401     		lsls	r4, r4, #7
 995 0022 2240     		ands	r2, r4
 996 0024 0261     		str	r2, [r0, #16]
 997 0026 034A     		ldr	r2, .L150+4
 998 0028 1268     		ldr	r2, [r2]
 999 002a 1340     		ands	r3, r2
 1000 002c 0B60     		str	r3, [r1]
 1001              		@ sp needed
 1002 002e 30BD     		pop	{r4, r5, pc}
 1003              	.L151:
 1004              		.align	2
 1005              	.L150:
 1006 0030 00100240 		.word	1073876992
 1007 0034 00200240 		.word	1073881088
 1009              		.section	.text.HAL_RCC_EnableCSS,"ax",%progbits
 1010              		.align	1
 1011              		.global	HAL_RCC_EnableCSS
 1012              		.syntax unified
 1013              		.code	16
 1014              		.thumb_func
 1016              	HAL_RCC_EnableCSS:
 1017              		@ args = 0, pretend = 0, frame = 0
 1018              		@ frame_needed = 0, uses_anonymous_args = 0
 1019              		@ link register save eliminated.
 1020 0000 034A     		ldr	r2, .L153
 1021 0002 1168     		ldr	r1, [r2]
 1022 0004 8023     		movs	r3, #128
 1023 0006 1B03     		lsls	r3, r3, #12
 1024 0008 0B43     		orrs	r3, r1
 1025 000a 1360     		str	r3, [r2]
 1026              		@ sp needed
 1027 000c 7047     		bx	lr
 1028              	.L154:
 1029 000e C046     		.align	2
 1030              	.L153:
 1031 0010 00100240 		.word	1073876992
 1033              		.section	.text.HAL_RCC_EnableLSECSS,"ax",%progbits
 1034              		.align	1
 1035              		.global	HAL_RCC_EnableLSECSS
 1036              		.syntax unified
 1037              		.code	16
 1038              		.thumb_func
 1040              	HAL_RCC_EnableLSECSS:
 1041              		@ args = 0, pretend = 0, frame = 0
 1042              		@ frame_needed = 0, uses_anonymous_args = 0
 1043              		@ link register save eliminated.
 1044 0000 024A     		ldr	r2, .L156
 1045 0002 D36D     		ldr	r3, [r2, #92]
 1046 0004 2021     		movs	r1, #32
 1047 0006 0B43     		orrs	r3, r1
ARM GAS  /var/folders/3q/0p8b__hx1wx8zj8b56q9glhc0000gn/T//ccSw7wTF.s 			page 19


 1048 0008 D365     		str	r3, [r2, #92]
 1049              		@ sp needed
 1050 000a 7047     		bx	lr
 1051              	.L157:
 1052              		.align	2
 1053              	.L156:
 1054 000c 00100240 		.word	1073876992
 1056              		.section	.text.HAL_RCC_DisableLSECSS,"ax",%progbits
 1057              		.align	1
 1058              		.global	HAL_RCC_DisableLSECSS
 1059              		.syntax unified
 1060              		.code	16
 1061              		.thumb_func
 1063              	HAL_RCC_DisableLSECSS:
 1064              		@ args = 0, pretend = 0, frame = 0
 1065              		@ frame_needed = 0, uses_anonymous_args = 0
 1066              		@ link register save eliminated.
 1067 0000 024A     		ldr	r2, .L159
 1068 0002 D36D     		ldr	r3, [r2, #92]
 1069 0004 2021     		movs	r1, #32
 1070 0006 8B43     		bics	r3, r1
 1071 0008 D365     		str	r3, [r2, #92]
 1072              		@ sp needed
 1073 000a 7047     		bx	lr
 1074              	.L160:
 1075              		.align	2
 1076              	.L159:
 1077 000c 00100240 		.word	1073876992
 1079              		.section	.text.HAL_RCC_CSSCallback,"ax",%progbits
 1080              		.align	1
 1081              		.weak	HAL_RCC_CSSCallback
 1082              		.syntax unified
 1083              		.code	16
 1084              		.thumb_func
 1086              	HAL_RCC_CSSCallback:
 1087              		@ args = 0, pretend = 0, frame = 0
 1088              		@ frame_needed = 0, uses_anonymous_args = 0
 1089              		@ link register save eliminated.
 1090              		@ sp needed
 1091 0000 7047     		bx	lr
 1093              		.section	.text.HAL_RCC_LSECSSCallback,"ax",%progbits
 1094              		.align	1
 1095              		.weak	HAL_RCC_LSECSSCallback
 1096              		.syntax unified
 1097              		.code	16
 1098              		.thumb_func
 1100              	HAL_RCC_LSECSSCallback:
 1101              		@ args = 0, pretend = 0, frame = 0
 1102              		@ frame_needed = 0, uses_anonymous_args = 0
 1103              		@ link register save eliminated.
 1104              		@ sp needed
 1105 0000 7047     		bx	lr
 1107              		.section	.text.HAL_RCC_NMI_IRQHandler,"ax",%progbits
 1108              		.align	1
 1109              		.global	HAL_RCC_NMI_IRQHandler
 1110              		.syntax unified
 1111              		.code	16
ARM GAS  /var/folders/3q/0p8b__hx1wx8zj8b56q9glhc0000gn/T//ccSw7wTF.s 			page 20


 1112              		.thumb_func
 1114              	HAL_RCC_NMI_IRQHandler:
 1115              		@ args = 0, pretend = 0, frame = 0
 1116              		@ frame_needed = 0, uses_anonymous_args = 0
 1117 0000 10B5     		push	{r4, lr}
 1118 0002 084A     		ldr	r2, .L170
 1119 0004 D469     		ldr	r4, [r2, #28]
 1120 0006 C023     		movs	r3, #192
 1121 0008 9B00     		lsls	r3, r3, #2
 1122 000a 2340     		ands	r3, r4
 1123 000c 1362     		str	r3, [r2, #32]
 1124 000e E305     		lsls	r3, r4, #23
 1125 0010 02D4     		bmi	.L168
 1126              	.L164:
 1127 0012 A405     		lsls	r4, r4, #22
 1128 0014 03D4     		bmi	.L169
 1129              	.L163:
 1130              		@ sp needed
 1131 0016 10BD     		pop	{r4, pc}
 1132              	.L168:
 1133 0018 FFF7FEFF 		bl	HAL_RCC_CSSCallback
 1134 001c F9E7     		b	.L164
 1135              	.L169:
 1136 001e FFF7FEFF 		bl	HAL_RCC_LSECSSCallback
 1137 0022 F8E7     		b	.L163
 1138              	.L171:
 1139              		.align	2
 1140              	.L170:
 1141 0024 00100240 		.word	1073876992
 1143              		.ident	"GCC: (xPack GNU Arm Embedded GCC arm64) 14.2.1 20241119"
ARM GAS  /var/folders/3q/0p8b__hx1wx8zj8b56q9glhc0000gn/T//ccSw7wTF.s 			page 21


DEFINED SYMBOLS
                            *ABS*:00000000 stm32c0xx_hal_rcc.c
/var/folders/3q/0p8b__hx1wx8zj8b56q9glhc0000gn/T//ccSw7wTF.s:16     .text.HAL_RCC_DeInit:00000000 $t
/var/folders/3q/0p8b__hx1wx8zj8b56q9glhc0000gn/T//ccSw7wTF.s:22     .text.HAL_RCC_DeInit:00000000 HAL_RCC_DeInit
/var/folders/3q/0p8b__hx1wx8zj8b56q9glhc0000gn/T//ccSw7wTF.s:111    .text.HAL_RCC_DeInit:000000a4 $d
/var/folders/3q/0p8b__hx1wx8zj8b56q9glhc0000gn/T//ccSw7wTF.s:120    .text.HAL_RCC_OscConfig:00000000 $t
/var/folders/3q/0p8b__hx1wx8zj8b56q9glhc0000gn/T//ccSw7wTF.s:126    .text.HAL_RCC_OscConfig:00000000 HAL_RCC_OscConfig
/var/folders/3q/0p8b__hx1wx8zj8b56q9glhc0000gn/T//ccSw7wTF.s:485    .text.HAL_RCC_OscConfig:00000294 $d
/var/folders/3q/0p8b__hx1wx8zj8b56q9glhc0000gn/T//ccSw7wTF.s:497    .text.HAL_RCC_MCOConfig:00000000 $t
/var/folders/3q/0p8b__hx1wx8zj8b56q9glhc0000gn/T//ccSw7wTF.s:503    .text.HAL_RCC_MCOConfig:00000000 HAL_RCC_MCOConfig
/var/folders/3q/0p8b__hx1wx8zj8b56q9glhc0000gn/T//ccSw7wTF.s:578    .text.HAL_RCC_MCOConfig:00000088 $d
/var/folders/3q/0p8b__hx1wx8zj8b56q9glhc0000gn/T//ccSw7wTF.s:583    .text.HAL_RCC_GetSysClockFreq:00000000 $t
/var/folders/3q/0p8b__hx1wx8zj8b56q9glhc0000gn/T//ccSw7wTF.s:589    .text.HAL_RCC_GetSysClockFreq:00000000 HAL_RCC_GetSysClockFreq
/var/folders/3q/0p8b__hx1wx8zj8b56q9glhc0000gn/T//ccSw7wTF.s:643    .text.HAL_RCC_GetSysClockFreq:00000054 $d
/var/folders/3q/0p8b__hx1wx8zj8b56q9glhc0000gn/T//ccSw7wTF.s:647    .text.HAL_RCC_ClockConfig:00000000 $t
/var/folders/3q/0p8b__hx1wx8zj8b56q9glhc0000gn/T//ccSw7wTF.s:653    .text.HAL_RCC_ClockConfig:00000000 HAL_RCC_ClockConfig
/var/folders/3q/0p8b__hx1wx8zj8b56q9glhc0000gn/T//ccSw7wTF.s:846    .text.HAL_RCC_ClockConfig:00000160 $d
/var/folders/3q/0p8b__hx1wx8zj8b56q9glhc0000gn/T//ccSw7wTF.s:857    .text.HAL_RCC_GetHCLKFreq:00000000 $t
/var/folders/3q/0p8b__hx1wx8zj8b56q9glhc0000gn/T//ccSw7wTF.s:863    .text.HAL_RCC_GetHCLKFreq:00000000 HAL_RCC_GetHCLKFreq
/var/folders/3q/0p8b__hx1wx8zj8b56q9glhc0000gn/T//ccSw7wTF.s:886    .text.HAL_RCC_GetHCLKFreq:00000024 $d
/var/folders/3q/0p8b__hx1wx8zj8b56q9glhc0000gn/T//ccSw7wTF.s:891    .text.HAL_RCC_GetPCLK1Freq:00000000 $t
/var/folders/3q/0p8b__hx1wx8zj8b56q9glhc0000gn/T//ccSw7wTF.s:897    .text.HAL_RCC_GetPCLK1Freq:00000000 HAL_RCC_GetPCLK1Freq
/var/folders/3q/0p8b__hx1wx8zj8b56q9glhc0000gn/T//ccSw7wTF.s:918    .text.HAL_RCC_GetPCLK1Freq:00000020 $d
/var/folders/3q/0p8b__hx1wx8zj8b56q9glhc0000gn/T//ccSw7wTF.s:922    .text.HAL_RCC_GetOscConfig:00000000 $t
/var/folders/3q/0p8b__hx1wx8zj8b56q9glhc0000gn/T//ccSw7wTF.s:928    .text.HAL_RCC_GetOscConfig:00000000 HAL_RCC_GetOscConfig
/var/folders/3q/0p8b__hx1wx8zj8b56q9glhc0000gn/T//ccSw7wTF.s:966    .text.HAL_RCC_GetOscConfig:00000040 $d
/var/folders/3q/0p8b__hx1wx8zj8b56q9glhc0000gn/T//ccSw7wTF.s:969    .text.HAL_RCC_GetClockConfig:00000000 $t
/var/folders/3q/0p8b__hx1wx8zj8b56q9glhc0000gn/T//ccSw7wTF.s:975    .text.HAL_RCC_GetClockConfig:00000000 HAL_RCC_GetClockConfig
/var/folders/3q/0p8b__hx1wx8zj8b56q9glhc0000gn/T//ccSw7wTF.s:1006   .text.HAL_RCC_GetClockConfig:00000030 $d
/var/folders/3q/0p8b__hx1wx8zj8b56q9glhc0000gn/T//ccSw7wTF.s:1010   .text.HAL_RCC_EnableCSS:00000000 $t
/var/folders/3q/0p8b__hx1wx8zj8b56q9glhc0000gn/T//ccSw7wTF.s:1016   .text.HAL_RCC_EnableCSS:00000000 HAL_RCC_EnableCSS
/var/folders/3q/0p8b__hx1wx8zj8b56q9glhc0000gn/T//ccSw7wTF.s:1031   .text.HAL_RCC_EnableCSS:00000010 $d
/var/folders/3q/0p8b__hx1wx8zj8b56q9glhc0000gn/T//ccSw7wTF.s:1034   .text.HAL_RCC_EnableLSECSS:00000000 $t
/var/folders/3q/0p8b__hx1wx8zj8b56q9glhc0000gn/T//ccSw7wTF.s:1040   .text.HAL_RCC_EnableLSECSS:00000000 HAL_RCC_EnableLSECSS
/var/folders/3q/0p8b__hx1wx8zj8b56q9glhc0000gn/T//ccSw7wTF.s:1054   .text.HAL_RCC_EnableLSECSS:0000000c $d
/var/folders/3q/0p8b__hx1wx8zj8b56q9glhc0000gn/T//ccSw7wTF.s:1057   .text.HAL_RCC_DisableLSECSS:00000000 $t
/var/folders/3q/0p8b__hx1wx8zj8b56q9glhc0000gn/T//ccSw7wTF.s:1063   .text.HAL_RCC_DisableLSECSS:00000000 HAL_RCC_DisableLSECSS
/var/folders/3q/0p8b__hx1wx8zj8b56q9glhc0000gn/T//ccSw7wTF.s:1077   .text.HAL_RCC_DisableLSECSS:0000000c $d
/var/folders/3q/0p8b__hx1wx8zj8b56q9glhc0000gn/T//ccSw7wTF.s:1080   .text.HAL_RCC_CSSCallback:00000000 $t
/var/folders/3q/0p8b__hx1wx8zj8b56q9glhc0000gn/T//ccSw7wTF.s:1086   .text.HAL_RCC_CSSCallback:00000000 HAL_RCC_CSSCallback
/var/folders/3q/0p8b__hx1wx8zj8b56q9glhc0000gn/T//ccSw7wTF.s:1094   .text.HAL_RCC_LSECSSCallback:00000000 $t
/var/folders/3q/0p8b__hx1wx8zj8b56q9glhc0000gn/T//ccSw7wTF.s:1100   .text.HAL_RCC_LSECSSCallback:00000000 HAL_RCC_LSECSSCallback
/var/folders/3q/0p8b__hx1wx8zj8b56q9glhc0000gn/T//ccSw7wTF.s:1108   .text.HAL_RCC_NMI_IRQHandler:00000000 $t
/var/folders/3q/0p8b__hx1wx8zj8b56q9glhc0000gn/T//ccSw7wTF.s:1114   .text.HAL_RCC_NMI_IRQHandler:00000000 HAL_RCC_NMI_IRQHandler
/var/folders/3q/0p8b__hx1wx8zj8b56q9glhc0000gn/T//ccSw7wTF.s:1141   .text.HAL_RCC_NMI_IRQHandler:00000024 $d

UNDEFINED SYMBOLS
HAL_GetTick
HAL_InitTick
SystemCoreClock
uwTickPrio
HAL_GPIO_Init
AHBPrescTable
APBPrescTable
