ARM GAS  /var/folders/3q/0p8b__hx1wx8zj8b56q9glhc0000gn/T//cc9p0LAa.s 			page 1


   1              		.cpu cortex-m0plus
   2              		.arch armv6s-m
   3              		.fpu softvfp
   4              		.eabi_attribute 20, 1
   5              		.eabi_attribute 21, 1
   6              		.eabi_attribute 23, 3
   7              		.eabi_attribute 24, 1
   8              		.eabi_attribute 25, 1
   9              		.eabi_attribute 26, 1
  10              		.eabi_attribute 30, 1
  11              		.eabi_attribute 34, 0
  12              		.eabi_attribute 18, 4
  13              		.file	"stm32c0xx_hal_flash_ex.c"
  14              		.text
  15              		.section	.text.FLASH_MassErase,"ax",%progbits
  16              		.align	1
  17              		.syntax unified
  18              		.code	16
  19              		.thumb_func
  21              	FLASH_MassErase:
  22              		@ args = 0, pretend = 0, frame = 0
  23              		@ frame_needed = 0, uses_anonymous_args = 0
  24              		@ link register save eliminated.
  25 0000 024A     		ldr	r2, .L2
  26 0002 5169     		ldr	r1, [r2, #20]
  27 0004 024B     		ldr	r3, .L2+4
  28 0006 0B43     		orrs	r3, r1
  29 0008 5361     		str	r3, [r2, #20]
  30              		@ sp needed
  31 000a 7047     		bx	lr
  32              	.L3:
  33              		.align	2
  34              	.L2:
  35 000c 00200240 		.word	1073881088
  36 0010 04000100 		.word	65540
  38              		.section	.text.FLASH_OB_WRPConfig,"ax",%progbits
  39              		.align	1
  40              		.syntax unified
  41              		.code	16
  42              		.thumb_func
  44              	FLASH_OB_WRPConfig:
  45              		@ args = 0, pretend = 0, frame = 0
  46              		@ frame_needed = 0, uses_anonymous_args = 0
  47              		@ link register save eliminated.
  48 0000 0128     		cmp	r0, #1
  49 0002 04D0     		beq	.L5
  50 0004 1204     		lsls	r2, r2, #16
  51 0006 0A43     		orrs	r2, r1
  52 0008 034B     		ldr	r3, .L7
  53 000a 1A63     		str	r2, [r3, #48]
  54              	.L4:
  55              		@ sp needed
  56 000c 7047     		bx	lr
  57              	.L5:
  58 000e 1204     		lsls	r2, r2, #16
  59 0010 0A43     		orrs	r2, r1
  60 0012 014B     		ldr	r3, .L7
ARM GAS  /var/folders/3q/0p8b__hx1wx8zj8b56q9glhc0000gn/T//cc9p0LAa.s 			page 2


  61 0014 DA62     		str	r2, [r3, #44]
  62 0016 F9E7     		b	.L4
  63              	.L8:
  64              		.align	2
  65              	.L7:
  66 0018 00200240 		.word	1073881088
  68              		.section	.text.FLASH_OB_OptrConfig,"ax",%progbits
  69              		.align	1
  70              		.syntax unified
  71              		.code	16
  72              		.thumb_func
  74              	FLASH_OB_OptrConfig:
  75              		@ args = 0, pretend = 0, frame = 0
  76              		@ frame_needed = 0, uses_anonymous_args = 0
  77 0000 30B5     		push	{r4, r5, lr}
  78 0002 044C     		ldr	r4, .L10
  79 0004 236A     		ldr	r3, [r4, #32]
  80 0006 FF25     		movs	r5, #255
  81 0008 2843     		orrs	r0, r5
  82 000a 8343     		bics	r3, r0
  83 000c 0B43     		orrs	r3, r1
  84 000e 1343     		orrs	r3, r2
  85 0010 2362     		str	r3, [r4, #32]
  86              		@ sp needed
  87 0012 30BD     		pop	{r4, r5, pc}
  88              	.L11:
  89              		.align	2
  90              	.L10:
  91 0014 00200240 		.word	1073881088
  93              		.section	.text.FLASH_OB_PCROP1AConfig,"ax",%progbits
  94              		.align	1
  95              		.syntax unified
  96              		.code	16
  97              		.thumb_func
  99              	FLASH_OB_PCROP1AConfig:
 100              		@ args = 0, pretend = 0, frame = 0
 101              		@ frame_needed = 0, uses_anonymous_args = 0
 102 0000 10B5     		push	{r4, lr}
 103 0002 0C4B     		ldr	r3, .L17
 104 0004 9B6A     		ldr	r3, [r3, #40]
 105 0006 C407     		lsls	r4, r0, #31
 106 0008 0BD5     		bpl	.L13
 107 000a F824     		movs	r4, #248
 108 000c 2406     		lsls	r4, r4, #24
 109 000e A446     		mov	ip, r4
 110 0010 6144     		add	r1, r1, ip
 111 0012 490A     		lsrs	r1, r1, #9
 112 0014 6244     		add	r2, r2, ip
 113 0016 520A     		lsrs	r2, r2, #9
 114 0018 064C     		ldr	r4, .L17
 115 001a 6162     		str	r1, [r4, #36]
 116 001c 3F21     		movs	r1, #63
 117 001e 8B43     		bics	r3, r1
 118 0020 1343     		orrs	r3, r2
 119              	.L13:
 120 0022 0028     		cmp	r0, #0
 121 0024 02DB     		blt	.L16
ARM GAS  /var/folders/3q/0p8b__hx1wx8zj8b56q9glhc0000gn/T//cc9p0LAa.s 			page 3


 122              	.L14:
 123 0026 034A     		ldr	r2, .L17
 124 0028 9362     		str	r3, [r2, #40]
 125              		@ sp needed
 126 002a 10BD     		pop	{r4, pc}
 127              	.L16:
 128 002c 8022     		movs	r2, #128
 129 002e 1206     		lsls	r2, r2, #24
 130 0030 1343     		orrs	r3, r2
 131 0032 F8E7     		b	.L14
 132              	.L18:
 133              		.align	2
 134              	.L17:
 135 0034 00200240 		.word	1073881088
 137              		.section	.text.FLASH_OB_PCROP1BConfig,"ax",%progbits
 138              		.align	1
 139              		.syntax unified
 140              		.code	16
 141              		.thumb_func
 143              	FLASH_OB_PCROP1BConfig:
 144              		@ args = 0, pretend = 0, frame = 0
 145              		@ frame_needed = 0, uses_anonymous_args = 0
 146              		@ link register save eliminated.
 147 0000 F823     		movs	r3, #248
 148 0002 1B06     		lsls	r3, r3, #24
 149 0004 9C46     		mov	ip, r3
 150 0006 6044     		add	r0, r0, ip
 151 0008 400A     		lsrs	r0, r0, #9
 152 000a 6144     		add	r1, r1, ip
 153 000c 490A     		lsrs	r1, r1, #9
 154 000e 024B     		ldr	r3, .L20
 155 0010 5863     		str	r0, [r3, #52]
 156 0012 9963     		str	r1, [r3, #56]
 157              		@ sp needed
 158 0014 7047     		bx	lr
 159              	.L21:
 160 0016 C046     		.align	2
 161              	.L20:
 162 0018 00200240 		.word	1073881088
 164              		.section	.text.FLASH_OB_SecMemConfig,"ax",%progbits
 165              		.align	1
 166              		.syntax unified
 167              		.code	16
 168              		.thumb_func
 170              	FLASH_OB_SecMemConfig:
 171              		@ args = 0, pretend = 0, frame = 0
 172              		@ frame_needed = 0, uses_anonymous_args = 0
 173 0000 30B5     		push	{r4, r5, lr}
 174 0002 044C     		ldr	r4, .L23
 175 0004 8022     		movs	r2, #128
 176 0006 A358     		ldr	r3, [r4, r2]
 177 0008 034D     		ldr	r5, .L23+4
 178 000a 2B40     		ands	r3, r5
 179 000c 0343     		orrs	r3, r0
 180 000e 0B43     		orrs	r3, r1
 181 0010 A350     		str	r3, [r4, r2]
 182              		@ sp needed
ARM GAS  /var/folders/3q/0p8b__hx1wx8zj8b56q9glhc0000gn/T//cc9p0LAa.s 			page 4


 183 0012 30BD     		pop	{r4, r5, pc}
 184              	.L24:
 185              		.align	2
 186              	.L23:
 187 0014 00200240 		.word	1073881088
 188 0018 E0FFFEFF 		.word	-65568
 190              		.section	.text.FLASH_OB_GetWRP,"ax",%progbits
 191              		.align	1
 192              		.syntax unified
 193              		.code	16
 194              		.thumb_func
 196              	FLASH_OB_GetWRP:
 197              		@ args = 0, pretend = 0, frame = 0
 198              		@ frame_needed = 0, uses_anonymous_args = 0
 199 0000 10B5     		push	{r4, lr}
 200 0002 0128     		cmp	r0, #1
 201 0004 09D0     		beq	.L28
 202 0006 0A4C     		ldr	r4, .L29
 203 0008 206B     		ldr	r0, [r4, #48]
 204 000a 0F23     		movs	r3, #15
 205 000c 1840     		ands	r0, r3
 206 000e 0860     		str	r0, [r1]
 207 0010 216B     		ldr	r1, [r4, #48]
 208 0012 090C     		lsrs	r1, r1, #16
 209 0014 0B40     		ands	r3, r1
 210 0016 1360     		str	r3, [r2]
 211              	.L25:
 212              		@ sp needed
 213 0018 10BD     		pop	{r4, pc}
 214              	.L28:
 215 001a 054C     		ldr	r4, .L29
 216 001c E06A     		ldr	r0, [r4, #44]
 217 001e 0F23     		movs	r3, #15
 218 0020 1840     		ands	r0, r3
 219 0022 0860     		str	r0, [r1]
 220 0024 E16A     		ldr	r1, [r4, #44]
 221 0026 090C     		lsrs	r1, r1, #16
 222 0028 0B40     		ands	r3, r1
 223 002a 1360     		str	r3, [r2]
 224 002c F4E7     		b	.L25
 225              	.L30:
 226 002e C046     		.align	2
 227              	.L29:
 228 0030 00200240 		.word	1073881088
 230              		.section	.text.FLASH_OB_GetRDP,"ax",%progbits
 231              		.align	1
 232              		.syntax unified
 233              		.code	16
 234              		.thumb_func
 236              	FLASH_OB_GetRDP:
 237              		@ args = 0, pretend = 0, frame = 0
 238              		@ frame_needed = 0, uses_anonymous_args = 0
 239              		@ link register save eliminated.
 240 0000 044B     		ldr	r3, .L34
 241 0002 1B6A     		ldr	r3, [r3, #32]
 242 0004 FF20     		movs	r0, #255
 243 0006 1840     		ands	r0, r3
ARM GAS  /var/folders/3q/0p8b__hx1wx8zj8b56q9glhc0000gn/T//cc9p0LAa.s 			page 5


 244 0008 AA28     		cmp	r0, #170
 245 000a 02D0     		beq	.L31
 246 000c CC28     		cmp	r0, #204
 247 000e 00D0     		beq	.L31
 248 0010 BB20     		movs	r0, #187
 249              	.L31:
 250              		@ sp needed
 251 0012 7047     		bx	lr
 252              	.L35:
 253              		.align	2
 254              	.L34:
 255 0014 00200240 		.word	1073881088
 257              		.section	.text.FLASH_OB_GetUser,"ax",%progbits
 258              		.align	1
 259              		.syntax unified
 260              		.code	16
 261              		.thumb_func
 263              	FLASH_OB_GetUser:
 264              		@ args = 0, pretend = 0, frame = 0
 265              		@ frame_needed = 0, uses_anonymous_args = 0
 266              		@ link register save eliminated.
 267 0000 024B     		ldr	r3, .L37
 268 0002 186A     		ldr	r0, [r3, #32]
 269 0004 024B     		ldr	r3, .L37+4
 270 0006 1840     		ands	r0, r3
 271              		@ sp needed
 272 0008 7047     		bx	lr
 273              	.L38:
 274 000a C046     		.align	2
 275              	.L37:
 276 000c 00200240 		.word	1073881088
 277 0010 00FFEF3F 		.word	1072692992
 279              		.section	.text.FLASH_OB_GetPCROP1A,"ax",%progbits
 280              		.align	1
 281              		.syntax unified
 282              		.code	16
 283              		.thumb_func
 285              	FLASH_OB_GetPCROP1A:
 286              		@ args = 0, pretend = 0, frame = 0
 287              		@ frame_needed = 0, uses_anonymous_args = 0
 288 0000 70B5     		push	{r4, r5, r6, lr}
 289 0002 0E4D     		ldr	r5, .L40
 290 0004 6B6A     		ldr	r3, [r5, #36]
 291 0006 5B02     		lsls	r3, r3, #9
 292 0008 FC24     		movs	r4, #252
 293 000a E401     		lsls	r4, r4, #7
 294 000c 2340     		ands	r3, r4
 295 000e 0B60     		str	r3, [r1]
 296 0010 8026     		movs	r6, #128
 297 0012 3605     		lsls	r6, r6, #20
 298 0014 B446     		mov	ip, r6
 299 0016 6344     		add	r3, r3, ip
 300 0018 0B60     		str	r3, [r1]
 301 001a A96A     		ldr	r1, [r5, #40]
 302 001c 4B02     		lsls	r3, r1, #9
 303 001e 2340     		ands	r3, r4
 304 0020 1360     		str	r3, [r2]
ARM GAS  /var/folders/3q/0p8b__hx1wx8zj8b56q9glhc0000gn/T//cc9p0LAa.s 			page 6


 305 0022 074C     		ldr	r4, .L40+4
 306 0024 A446     		mov	ip, r4
 307 0026 6344     		add	r3, r3, ip
 308 0028 1360     		str	r3, [r2]
 309 002a 0368     		ldr	r3, [r0]
 310 002c 5B00     		lsls	r3, r3, #1
 311 002e 5B08     		lsrs	r3, r3, #1
 312 0030 0360     		str	r3, [r0]
 313 0032 C90F     		lsrs	r1, r1, #31
 314 0034 C907     		lsls	r1, r1, #31
 315 0036 0B43     		orrs	r3, r1
 316 0038 0360     		str	r3, [r0]
 317              		@ sp needed
 318 003a 70BD     		pop	{r4, r5, r6, pc}
 319              	.L41:
 320              		.align	2
 321              	.L40:
 322 003c 00200240 		.word	1073881088
 323 0040 FF010008 		.word	134218239
 325              		.section	.text.FLASH_OB_GetPCROP1B,"ax",%progbits
 326              		.align	1
 327              		.syntax unified
 328              		.code	16
 329              		.thumb_func
 331              	FLASH_OB_GetPCROP1B:
 332              		@ args = 0, pretend = 0, frame = 0
 333              		@ frame_needed = 0, uses_anonymous_args = 0
 334 0000 30B5     		push	{r4, r5, lr}
 335 0002 0A4C     		ldr	r4, .L43
 336 0004 636B     		ldr	r3, [r4, #52]
 337 0006 5B02     		lsls	r3, r3, #9
 338 0008 FC22     		movs	r2, #252
 339 000a D201     		lsls	r2, r2, #7
 340 000c 1340     		ands	r3, r2
 341 000e 0360     		str	r3, [r0]
 342 0010 8025     		movs	r5, #128
 343 0012 2D05     		lsls	r5, r5, #20
 344 0014 AC46     		mov	ip, r5
 345 0016 6344     		add	r3, r3, ip
 346 0018 0360     		str	r3, [r0]
 347 001a A36B     		ldr	r3, [r4, #56]
 348 001c 5B02     		lsls	r3, r3, #9
 349 001e 1340     		ands	r3, r2
 350 0020 0B60     		str	r3, [r1]
 351 0022 034A     		ldr	r2, .L43+4
 352 0024 9446     		mov	ip, r2
 353 0026 6344     		add	r3, r3, ip
 354 0028 0B60     		str	r3, [r1]
 355              		@ sp needed
 356 002a 30BD     		pop	{r4, r5, pc}
 357              	.L44:
 358              		.align	2
 359              	.L43:
 360 002c 00200240 		.word	1073881088
 361 0030 FF010008 		.word	134218239
 363              		.section	.text.FLASH_OB_GetSecMem,"ax",%progbits
 364              		.align	1
ARM GAS  /var/folders/3q/0p8b__hx1wx8zj8b56q9glhc0000gn/T//cc9p0LAa.s 			page 7


 365              		.syntax unified
 366              		.code	16
 367              		.thumb_func
 369              	FLASH_OB_GetSecMem:
 370              		@ args = 0, pretend = 0, frame = 0
 371              		@ frame_needed = 0, uses_anonymous_args = 0
 372              		@ link register save eliminated.
 373 0000 054A     		ldr	r2, .L46
 374 0002 8023     		movs	r3, #128
 375 0004 D258     		ldr	r2, [r2, r3]
 376 0006 8023     		movs	r3, #128
 377 0008 5B02     		lsls	r3, r3, #9
 378 000a 1340     		ands	r3, r2
 379 000c 0360     		str	r3, [r0]
 380 000e 1F23     		movs	r3, #31
 381 0010 1340     		ands	r3, r2
 382 0012 0B60     		str	r3, [r1]
 383              		@ sp needed
 384 0014 7047     		bx	lr
 385              	.L47:
 386 0016 C046     		.align	2
 387              	.L46:
 388 0018 00200240 		.word	1073881088
 390              		.section	.text.HAL_FLASHEx_OBProgram,"ax",%progbits
 391              		.align	1
 392              		.global	HAL_FLASHEx_OBProgram
 393              		.syntax unified
 394              		.code	16
 395              		.thumb_func
 397              	HAL_FLASHEx_OBProgram:
 398              		@ args = 0, pretend = 0, frame = 0
 399              		@ frame_needed = 0, uses_anonymous_args = 0
 400 0000 10B5     		push	{r4, lr}
 401 0002 0400     		movs	r4, r0
 402 0004 334B     		ldr	r3, .L71
 403 0006 1B78     		ldrb	r3, [r3]
 404 0008 012B     		cmp	r3, #1
 405 000a 60D0     		beq	.L58
 406 000c 314B     		ldr	r3, .L71
 407 000e 0122     		movs	r2, #1
 408 0010 1A70     		strb	r2, [r3]
 409 0012 0021     		movs	r1, #0
 410 0014 5960     		str	r1, [r3, #4]
 411 0016 0368     		ldr	r3, [r0]
 412 0018 1A42     		tst	r2, r3
 413 001a 1FD1     		bne	.L63
 414              	.L50:
 415 001c 2268     		ldr	r2, [r4]
 416 001e 0623     		movs	r3, #6
 417 0020 1340     		ands	r3, r2
 418 0022 062B     		cmp	r3, #6
 419 0024 20D0     		beq	.L64
 420 0026 9307     		lsls	r3, r2, #30
 421 0028 24D4     		bmi	.L65
 422 002a 5207     		lsls	r2, r2, #29
 423 002c 29D4     		bmi	.L66
 424              	.L52:
ARM GAS  /var/folders/3q/0p8b__hx1wx8zj8b56q9glhc0000gn/T//cc9p0LAa.s 			page 8


 425 002e 2368     		ldr	r3, [r4]
 426 0030 1B07     		lsls	r3, r3, #28
 427 0032 06D5     		bpl	.L54
 428 0034 E069     		ldr	r0, [r4, #28]
 429 0036 284B     		ldr	r3, .L71+4
 430 0038 1842     		tst	r0, r3
 431 003a 2AD1     		bne	.L67
 432              	.L55:
 433 003c E369     		ldr	r3, [r4, #28]
 434 003e 9B07     		lsls	r3, r3, #30
 435 0040 2CD4     		bmi	.L68
 436              	.L54:
 437 0042 2368     		ldr	r3, [r4]
 438 0044 DB06     		lsls	r3, r3, #27
 439 0046 2ED4     		bmi	.L69
 440              	.L56:
 441 0048 FA20     		movs	r0, #250
 442 004a 8000     		lsls	r0, r0, #2
 443 004c FFF7FEFF 		bl	FLASH_WaitForLastOperation
 444 0050 0028     		cmp	r0, #0
 445 0052 2DD0     		beq	.L70
 446              	.L57:
 447 0054 1F4B     		ldr	r3, .L71
 448 0056 0022     		movs	r2, #0
 449 0058 1A70     		strb	r2, [r3]
 450              	.L49:
 451              		@ sp needed
 452 005a 10BD     		pop	{r4, pc}
 453              	.L63:
 454 005c C268     		ldr	r2, [r0, #12]
 455 005e 8168     		ldr	r1, [r0, #8]
 456 0060 4068     		ldr	r0, [r0, #4]
 457 0062 FFF7FEFF 		bl	FLASH_OB_WRPConfig
 458 0066 D9E7     		b	.L50
 459              	.L64:
 460 0068 2269     		ldr	r2, [r4, #16]
 461 006a A169     		ldr	r1, [r4, #24]
 462 006c 6069     		ldr	r0, [r4, #20]
 463 006e FFF7FEFF 		bl	FLASH_OB_OptrConfig
 464 0072 DCE7     		b	.L52
 465              	.L65:
 466 0074 FFF7FEFF 		bl	FLASH_OB_GetUser
 467 0078 2269     		ldr	r2, [r4, #16]
 468 007a 0100     		movs	r1, r0
 469 007c FFF7FEFF 		bl	FLASH_OB_OptrConfig
 470 0080 D5E7     		b	.L52
 471              	.L66:
 472 0082 FFF7FEFF 		bl	FLASH_OB_GetRDP
 473 0086 0200     		movs	r2, r0
 474 0088 A169     		ldr	r1, [r4, #24]
 475 008a 6069     		ldr	r0, [r4, #20]
 476 008c FFF7FEFF 		bl	FLASH_OB_OptrConfig
 477 0090 CDE7     		b	.L52
 478              	.L67:
 479 0092 626A     		ldr	r2, [r4, #36]
 480 0094 216A     		ldr	r1, [r4, #32]
 481 0096 FFF7FEFF 		bl	FLASH_OB_PCROP1AConfig
ARM GAS  /var/folders/3q/0p8b__hx1wx8zj8b56q9glhc0000gn/T//cc9p0LAa.s 			page 9


 482 009a CFE7     		b	.L55
 483              	.L68:
 484 009c E16A     		ldr	r1, [r4, #44]
 485 009e A06A     		ldr	r0, [r4, #40]
 486 00a0 FFF7FEFF 		bl	FLASH_OB_PCROP1BConfig
 487 00a4 CDE7     		b	.L54
 488              	.L69:
 489 00a6 616B     		ldr	r1, [r4, #52]
 490 00a8 206B     		ldr	r0, [r4, #48]
 491 00aa FFF7FEFF 		bl	FLASH_OB_SecMemConfig
 492 00ae CBE7     		b	.L56
 493              	.L70:
 494 00b0 0A4C     		ldr	r4, .L71+8
 495 00b2 6269     		ldr	r2, [r4, #20]
 496 00b4 8023     		movs	r3, #128
 497 00b6 9B02     		lsls	r3, r3, #10
 498 00b8 1343     		orrs	r3, r2
 499 00ba 6361     		str	r3, [r4, #20]
 500 00bc FA30     		adds	r0, r0, #250
 501 00be 8000     		lsls	r0, r0, #2
 502 00c0 FFF7FEFF 		bl	FLASH_WaitForLastOperation
 503 00c4 6369     		ldr	r3, [r4, #20]
 504 00c6 064A     		ldr	r2, .L71+12
 505 00c8 1340     		ands	r3, r2
 506 00ca 6361     		str	r3, [r4, #20]
 507 00cc C2E7     		b	.L57
 508              	.L58:
 509 00ce 0220     		movs	r0, #2
 510 00d0 C3E7     		b	.L49
 511              	.L72:
 512 00d2 C046     		.align	2
 513              	.L71:
 514 00d4 00000000 		.word	pFlash
 515 00d8 01000080 		.word	-2147483647
 516 00dc 00200240 		.word	1073881088
 517 00e0 FFFFFDFF 		.word	-131073
 519              		.section	.text.HAL_FLASHEx_OBGetConfig,"ax",%progbits
 520              		.align	1
 521              		.global	HAL_FLASHEx_OBGetConfig
 522              		.syntax unified
 523              		.code	16
 524              		.thumb_func
 526              	HAL_FLASHEx_OBGetConfig:
 527              		@ args = 0, pretend = 0, frame = 0
 528              		@ frame_needed = 0, uses_anonymous_args = 0
 529 0000 10B5     		push	{r4, lr}
 530 0002 0400     		movs	r4, r0
 531 0004 0723     		movs	r3, #7
 532 0006 0360     		str	r3, [r0]
 533 0008 0200     		movs	r2, r0
 534 000a 0C32     		adds	r2, r2, #12
 535 000c 0100     		movs	r1, r0
 536 000e 0831     		adds	r1, r1, #8
 537 0010 4068     		ldr	r0, [r0, #4]
 538 0012 FFF7FEFF 		bl	FLASH_OB_GetWRP
 539 0016 FFF7FEFF 		bl	FLASH_OB_GetRDP
 540 001a 2061     		str	r0, [r4, #16]
ARM GAS  /var/folders/3q/0p8b__hx1wx8zj8b56q9glhc0000gn/T//cc9p0LAa.s 			page 10


 541 001c FFF7FEFF 		bl	FLASH_OB_GetUser
 542 0020 A061     		str	r0, [r4, #24]
 543 0022 0D4B     		ldr	r3, .L74
 544 0024 6361     		str	r3, [r4, #20]
 545 0026 2200     		movs	r2, r4
 546 0028 2432     		adds	r2, r2, #36
 547 002a 2100     		movs	r1, r4
 548 002c 2031     		adds	r1, r1, #32
 549 002e 2000     		movs	r0, r4
 550 0030 1C30     		adds	r0, r0, #28
 551 0032 FFF7FEFF 		bl	FLASH_OB_GetPCROP1A
 552 0036 2100     		movs	r1, r4
 553 0038 2C31     		adds	r1, r1, #44
 554 003a 2000     		movs	r0, r4
 555 003c 2830     		adds	r0, r0, #40
 556 003e FFF7FEFF 		bl	FLASH_OB_GetPCROP1B
 557 0042 E369     		ldr	r3, [r4, #28]
 558 0044 0322     		movs	r2, #3
 559 0046 1343     		orrs	r3, r2
 560 0048 E361     		str	r3, [r4, #28]
 561 004a 2100     		movs	r1, r4
 562 004c 3431     		adds	r1, r1, #52
 563 004e 2000     		movs	r0, r4
 564 0050 3030     		adds	r0, r0, #48
 565 0052 FFF7FEFF 		bl	FLASH_OB_GetSecMem
 566              		@ sp needed
 567 0056 10BD     		pop	{r4, pc}
 568              	.L75:
 569              		.align	2
 570              	.L74:
 571 0058 00FFEF3F 		.word	1072692992
 573              		.section	.text.HAL_FLASHEx_EnableDebugger,"ax",%progbits
 574              		.align	1
 575              		.global	HAL_FLASHEx_EnableDebugger
 576              		.syntax unified
 577              		.code	16
 578              		.thumb_func
 580              	HAL_FLASHEx_EnableDebugger:
 581              		@ args = 0, pretend = 0, frame = 0
 582              		@ frame_needed = 0, uses_anonymous_args = 0
 583              		@ link register save eliminated.
 584 0000 034A     		ldr	r2, .L77
 585 0002 1168     		ldr	r1, [r2]
 586 0004 8023     		movs	r3, #128
 587 0006 DB02     		lsls	r3, r3, #11
 588 0008 0B43     		orrs	r3, r1
 589 000a 1360     		str	r3, [r2]
 590              		@ sp needed
 591 000c 7047     		bx	lr
 592              	.L78:
 593 000e C046     		.align	2
 594              	.L77:
 595 0010 00200240 		.word	1073881088
 597              		.section	.text.HAL_FLASHEx_DisableDebugger,"ax",%progbits
 598              		.align	1
 599              		.global	HAL_FLASHEx_DisableDebugger
 600              		.syntax unified
ARM GAS  /var/folders/3q/0p8b__hx1wx8zj8b56q9glhc0000gn/T//cc9p0LAa.s 			page 11


 601              		.code	16
 602              		.thumb_func
 604              	HAL_FLASHEx_DisableDebugger:
 605              		@ args = 0, pretend = 0, frame = 0
 606              		@ frame_needed = 0, uses_anonymous_args = 0
 607              		@ link register save eliminated.
 608 0000 024A     		ldr	r2, .L80
 609 0002 1368     		ldr	r3, [r2]
 610 0004 0249     		ldr	r1, .L80+4
 611 0006 0B40     		ands	r3, r1
 612 0008 1360     		str	r3, [r2]
 613              		@ sp needed
 614 000a 7047     		bx	lr
 615              	.L81:
 616              		.align	2
 617              	.L80:
 618 000c 00200240 		.word	1073881088
 619 0010 FFFFFBFF 		.word	-262145
 621              		.section	.text.HAL_FLASHEx_FlashEmptyCheck,"ax",%progbits
 622              		.align	1
 623              		.global	HAL_FLASHEx_FlashEmptyCheck
 624              		.syntax unified
 625              		.code	16
 626              		.thumb_func
 628              	HAL_FLASHEx_FlashEmptyCheck:
 629              		@ args = 0, pretend = 0, frame = 0
 630              		@ frame_needed = 0, uses_anonymous_args = 0
 631              		@ link register save eliminated.
 632 0000 024B     		ldr	r3, .L83
 633 0002 1868     		ldr	r0, [r3]
 634 0004 8023     		movs	r3, #128
 635 0006 5B02     		lsls	r3, r3, #9
 636 0008 1840     		ands	r0, r3
 637              		@ sp needed
 638 000a 7047     		bx	lr
 639              	.L84:
 640              		.align	2
 641              	.L83:
 642 000c 00200240 		.word	1073881088
 644              		.section	.text.HAL_FLASHEx_ForceFlashEmpty,"ax",%progbits
 645              		.align	1
 646              		.global	HAL_FLASHEx_ForceFlashEmpty
 647              		.syntax unified
 648              		.code	16
 649              		.thumb_func
 651              	HAL_FLASHEx_ForceFlashEmpty:
 652              		@ args = 0, pretend = 0, frame = 0
 653              		@ frame_needed = 0, uses_anonymous_args = 0
 654              		@ link register save eliminated.
 655 0000 034A     		ldr	r2, .L86
 656 0002 1368     		ldr	r3, [r2]
 657 0004 0349     		ldr	r1, .L86+4
 658 0006 0B40     		ands	r3, r1
 659 0008 0343     		orrs	r3, r0
 660 000a 1360     		str	r3, [r2]
 661              		@ sp needed
 662 000c 7047     		bx	lr
ARM GAS  /var/folders/3q/0p8b__hx1wx8zj8b56q9glhc0000gn/T//cc9p0LAa.s 			page 12


 663              	.L87:
 664 000e C046     		.align	2
 665              	.L86:
 666 0010 00200240 		.word	1073881088
 667 0014 FFFFFEFF 		.word	-65537
 669              		.section	.text.HAL_FLASHEx_EnableSecMemProtection,"ax",%progbits
 670              		.align	1
 671              		.global	HAL_FLASHEx_EnableSecMemProtection
 672              		.syntax unified
 673              		.code	16
 674              		.thumb_func
 676              	HAL_FLASHEx_EnableSecMemProtection:
 677              		@ args = 0, pretend = 0, frame = 0
 678              		@ frame_needed = 0, uses_anonymous_args = 0
 679              		@ link register save eliminated.
 680 0000 034A     		ldr	r2, .L89
 681 0002 5169     		ldr	r1, [r2, #20]
 682 0004 8023     		movs	r3, #128
 683 0006 5B05     		lsls	r3, r3, #21
 684 0008 0B43     		orrs	r3, r1
 685 000a 5361     		str	r3, [r2, #20]
 686              		@ sp needed
 687 000c 7047     		bx	lr
 688              	.L90:
 689 000e C046     		.align	2
 690              	.L89:
 691 0010 00200240 		.word	1073881088
 693              		.section	.text.FLASH_PageErase,"ax",%progbits
 694              		.align	1
 695              		.global	FLASH_PageErase
 696              		.syntax unified
 697              		.code	16
 698              		.thumb_func
 700              	FLASH_PageErase:
 701              		@ args = 0, pretend = 0, frame = 0
 702              		@ frame_needed = 0, uses_anonymous_args = 0
 703              		@ link register save eliminated.
 704 0000 044A     		ldr	r2, .L92
 705 0002 5369     		ldr	r3, [r2, #20]
 706 0004 7821     		movs	r1, #120
 707 0006 8B43     		bics	r3, r1
 708 0008 C000     		lsls	r0, r0, #3
 709 000a 1843     		orrs	r0, r3
 710 000c 024B     		ldr	r3, .L92+4
 711 000e 0343     		orrs	r3, r0
 712 0010 5361     		str	r3, [r2, #20]
 713              		@ sp needed
 714 0012 7047     		bx	lr
 715              	.L93:
 716              		.align	2
 717              	.L92:
 718 0014 00200240 		.word	1073881088
 719 0018 02000100 		.word	65538
 721              		.section	.text.HAL_FLASHEx_Erase,"ax",%progbits
 722              		.align	1
 723              		.global	HAL_FLASHEx_Erase
 724              		.syntax unified
ARM GAS  /var/folders/3q/0p8b__hx1wx8zj8b56q9glhc0000gn/T//cc9p0LAa.s 			page 13


 725              		.code	16
 726              		.thumb_func
 728              	HAL_FLASHEx_Erase:
 729              		@ args = 0, pretend = 0, frame = 0
 730              		@ frame_needed = 0, uses_anonymous_args = 0
 731 0000 70B5     		push	{r4, r5, r6, lr}
 732 0002 0500     		movs	r5, r0
 733 0004 0E00     		movs	r6, r1
 734 0006 1C4B     		ldr	r3, .L105
 735 0008 1B78     		ldrb	r3, [r3]
 736 000a 012B     		cmp	r3, #1
 737 000c 32D0     		beq	.L102
 738 000e 1A4B     		ldr	r3, .L105
 739 0010 0122     		movs	r2, #1
 740 0012 1A70     		strb	r2, [r3]
 741 0014 0022     		movs	r2, #0
 742 0016 5A60     		str	r2, [r3, #4]
 743 0018 FA20     		movs	r0, #250
 744 001a 8000     		lsls	r0, r0, #2
 745 001c FFF7FEFF 		bl	FLASH_WaitForLastOperation
 746 0020 0028     		cmp	r0, #0
 747 0022 23D1     		bne	.L96
 748 0024 2B68     		ldr	r3, [r5]
 749 0026 042B     		cmp	r3, #4
 750 0028 13D0     		beq	.L103
 751 002a 0123     		movs	r3, #1
 752 002c 5B42     		rsbs	r3, r3, #0
 753 002e 3360     		str	r3, [r6]
 754 0030 6C68     		ldr	r4, [r5, #4]
 755              	.L98:
 756 0032 6B68     		ldr	r3, [r5, #4]
 757 0034 AA68     		ldr	r2, [r5, #8]
 758 0036 9B18     		adds	r3, r3, r2
 759 0038 A342     		cmp	r3, r4
 760 003a 12D9     		bls	.L100
 761 003c 2000     		movs	r0, r4
 762 003e FFF7FEFF 		bl	FLASH_PageErase
 763 0042 FA20     		movs	r0, #250
 764 0044 8000     		lsls	r0, r0, #2
 765 0046 FFF7FEFF 		bl	FLASH_WaitForLastOperation
 766 004a 0028     		cmp	r0, #0
 767 004c 08D1     		bne	.L104
 768 004e 0134     		adds	r4, r4, #1
 769 0050 EFE7     		b	.L98
 770              	.L103:
 771 0052 FFF7FEFF 		bl	FLASH_MassErase
 772 0056 FA20     		movs	r0, #250
 773 0058 8000     		lsls	r0, r0, #2
 774 005a FFF7FEFF 		bl	FLASH_WaitForLastOperation
 775 005e 05E0     		b	.L96
 776              	.L104:
 777 0060 3460     		str	r4, [r6]
 778              	.L100:
 779 0062 064A     		ldr	r2, .L105+4
 780 0064 5369     		ldr	r3, [r2, #20]
 781 0066 0221     		movs	r1, #2
 782 0068 8B43     		bics	r3, r1
ARM GAS  /var/folders/3q/0p8b__hx1wx8zj8b56q9glhc0000gn/T//cc9p0LAa.s 			page 14


 783 006a 5361     		str	r3, [r2, #20]
 784              	.L96:
 785 006c 024B     		ldr	r3, .L105
 786 006e 0022     		movs	r2, #0
 787 0070 1A70     		strb	r2, [r3]
 788              	.L95:
 789              		@ sp needed
 790 0072 70BD     		pop	{r4, r5, r6, pc}
 791              	.L102:
 792 0074 0220     		movs	r0, #2
 793 0076 FCE7     		b	.L95
 794              	.L106:
 795              		.align	2
 796              	.L105:
 797 0078 00000000 		.word	pFlash
 798 007c 00200240 		.word	1073881088
 800              		.section	.text.HAL_FLASHEx_Erase_IT,"ax",%progbits
 801              		.align	1
 802              		.global	HAL_FLASHEx_Erase_IT
 803              		.syntax unified
 804              		.code	16
 805              		.thumb_func
 807              	HAL_FLASHEx_Erase_IT:
 808              		@ args = 0, pretend = 0, frame = 0
 809              		@ frame_needed = 0, uses_anonymous_args = 0
 810 0000 70B5     		push	{r4, r5, r6, lr}
 811 0002 0400     		movs	r4, r0
 812 0004 174B     		ldr	r3, .L113
 813 0006 1B78     		ldrb	r3, [r3]
 814 0008 012B     		cmp	r3, #1
 815 000a 28D0     		beq	.L111
 816 000c 154B     		ldr	r3, .L113
 817 000e 0122     		movs	r2, #1
 818 0010 1A70     		strb	r2, [r3]
 819 0012 0022     		movs	r2, #0
 820 0014 5A60     		str	r2, [r3, #4]
 821 0016 0268     		ldr	r2, [r0]
 822 0018 9A60     		str	r2, [r3, #8]
 823 001a FA20     		movs	r0, #250
 824 001c 8000     		lsls	r0, r0, #2
 825 001e FFF7FEFF 		bl	FLASH_WaitForLastOperation
 826 0022 051E     		subs	r5, r0, #0
 827 0024 04D0     		beq	.L109
 828 0026 0F4B     		ldr	r3, .L113
 829 0028 0022     		movs	r2, #0
 830 002a 1A70     		strb	r2, [r3]
 831              	.L108:
 832 002c 2800     		movs	r0, r5
 833              		@ sp needed
 834 002e 70BD     		pop	{r4, r5, r6, pc}
 835              	.L109:
 836 0030 0D4A     		ldr	r2, .L113+4
 837 0032 5169     		ldr	r1, [r2, #20]
 838 0034 C023     		movs	r3, #192
 839 0036 9B04     		lsls	r3, r3, #18
 840 0038 0B43     		orrs	r3, r1
 841 003a 5361     		str	r3, [r2, #20]
ARM GAS  /var/folders/3q/0p8b__hx1wx8zj8b56q9glhc0000gn/T//cc9p0LAa.s 			page 15


 842 003c 2368     		ldr	r3, [r4]
 843 003e 042B     		cmp	r3, #4
 844 0040 07D0     		beq	.L112
 845 0042 A268     		ldr	r2, [r4, #8]
 846 0044 074B     		ldr	r3, .L113
 847 0046 5A61     		str	r2, [r3, #20]
 848 0048 6068     		ldr	r0, [r4, #4]
 849 004a 1861     		str	r0, [r3, #16]
 850 004c FFF7FEFF 		bl	FLASH_PageErase
 851 0050 ECE7     		b	.L108
 852              	.L112:
 853 0052 044B     		ldr	r3, .L113
 854 0054 0022     		movs	r2, #0
 855 0056 1A61     		str	r2, [r3, #16]
 856 0058 FFF7FEFF 		bl	FLASH_MassErase
 857 005c E6E7     		b	.L108
 858              	.L111:
 859 005e 0225     		movs	r5, #2
 860 0060 E4E7     		b	.L108
 861              	.L114:
 862 0062 C046     		.align	2
 863              	.L113:
 864 0064 00000000 		.word	pFlash
 865 0068 00200240 		.word	1073881088
 867              		.section	.text.FLASH_FlushCaches,"ax",%progbits
 868              		.align	1
 869              		.global	FLASH_FlushCaches
 870              		.syntax unified
 871              		.code	16
 872              		.thumb_func
 874              	FLASH_FlushCaches:
 875              		@ args = 0, pretend = 0, frame = 0
 876              		@ frame_needed = 0, uses_anonymous_args = 0
 877              		@ link register save eliminated.
 878 0000 0B4B     		ldr	r3, .L118
 879 0002 1B68     		ldr	r3, [r3]
 880 0004 9B05     		lsls	r3, r3, #22
 881 0006 12D5     		bpl	.L115
 882 0008 094B     		ldr	r3, .L118
 883 000a 1A68     		ldr	r2, [r3]
 884 000c 0949     		ldr	r1, .L118+4
 885 000e 0A40     		ands	r2, r1
 886 0010 1A60     		str	r2, [r3]
 887 0012 1968     		ldr	r1, [r3]
 888 0014 8022     		movs	r2, #128
 889 0016 1201     		lsls	r2, r2, #4
 890 0018 0A43     		orrs	r2, r1
 891 001a 1A60     		str	r2, [r3]
 892 001c 1A68     		ldr	r2, [r3]
 893 001e 0649     		ldr	r1, .L118+8
 894 0020 0A40     		ands	r2, r1
 895 0022 1A60     		str	r2, [r3]
 896 0024 1968     		ldr	r1, [r3]
 897 0026 8022     		movs	r2, #128
 898 0028 9200     		lsls	r2, r2, #2
 899 002a 0A43     		orrs	r2, r1
 900 002c 1A60     		str	r2, [r3]
ARM GAS  /var/folders/3q/0p8b__hx1wx8zj8b56q9glhc0000gn/T//cc9p0LAa.s 			page 16


 901              	.L115:
 902              		@ sp needed
 903 002e 7047     		bx	lr
 904              	.L119:
 905              		.align	2
 906              	.L118:
 907 0030 00200240 		.word	1073881088
 908 0034 FFFDFFFF 		.word	-513
 909 0038 FFF7FFFF 		.word	-2049
 911              		.ident	"GCC: (xPack GNU Arm Embedded GCC arm64) 14.2.1 20241119"
ARM GAS  /var/folders/3q/0p8b__hx1wx8zj8b56q9glhc0000gn/T//cc9p0LAa.s 			page 17


DEFINED SYMBOLS
                            *ABS*:00000000 stm32c0xx_hal_flash_ex.c
/var/folders/3q/0p8b__hx1wx8zj8b56q9glhc0000gn/T//cc9p0LAa.s:16     .text.FLASH_MassErase:00000000 $t
/var/folders/3q/0p8b__hx1wx8zj8b56q9glhc0000gn/T//cc9p0LAa.s:21     .text.FLASH_MassErase:00000000 FLASH_MassErase
/var/folders/3q/0p8b__hx1wx8zj8b56q9glhc0000gn/T//cc9p0LAa.s:35     .text.FLASH_MassErase:0000000c $d
/var/folders/3q/0p8b__hx1wx8zj8b56q9glhc0000gn/T//cc9p0LAa.s:39     .text.FLASH_OB_WRPConfig:00000000 $t
/var/folders/3q/0p8b__hx1wx8zj8b56q9glhc0000gn/T//cc9p0LAa.s:44     .text.FLASH_OB_WRPConfig:00000000 FLASH_OB_WRPConfig
/var/folders/3q/0p8b__hx1wx8zj8b56q9glhc0000gn/T//cc9p0LAa.s:66     .text.FLASH_OB_WRPConfig:00000018 $d
/var/folders/3q/0p8b__hx1wx8zj8b56q9glhc0000gn/T//cc9p0LAa.s:69     .text.FLASH_OB_OptrConfig:00000000 $t
/var/folders/3q/0p8b__hx1wx8zj8b56q9glhc0000gn/T//cc9p0LAa.s:74     .text.FLASH_OB_OptrConfig:00000000 FLASH_OB_OptrConfig
/var/folders/3q/0p8b__hx1wx8zj8b56q9glhc0000gn/T//cc9p0LAa.s:91     .text.FLASH_OB_OptrConfig:00000014 $d
/var/folders/3q/0p8b__hx1wx8zj8b56q9glhc0000gn/T//cc9p0LAa.s:94     .text.FLASH_OB_PCROP1AConfig:00000000 $t
/var/folders/3q/0p8b__hx1wx8zj8b56q9glhc0000gn/T//cc9p0LAa.s:99     .text.FLASH_OB_PCROP1AConfig:00000000 FLASH_OB_PCROP1AConfig
/var/folders/3q/0p8b__hx1wx8zj8b56q9glhc0000gn/T//cc9p0LAa.s:135    .text.FLASH_OB_PCROP1AConfig:00000034 $d
/var/folders/3q/0p8b__hx1wx8zj8b56q9glhc0000gn/T//cc9p0LAa.s:138    .text.FLASH_OB_PCROP1BConfig:00000000 $t
/var/folders/3q/0p8b__hx1wx8zj8b56q9glhc0000gn/T//cc9p0LAa.s:143    .text.FLASH_OB_PCROP1BConfig:00000000 FLASH_OB_PCROP1BConfig
/var/folders/3q/0p8b__hx1wx8zj8b56q9glhc0000gn/T//cc9p0LAa.s:162    .text.FLASH_OB_PCROP1BConfig:00000018 $d
/var/folders/3q/0p8b__hx1wx8zj8b56q9glhc0000gn/T//cc9p0LAa.s:165    .text.FLASH_OB_SecMemConfig:00000000 $t
/var/folders/3q/0p8b__hx1wx8zj8b56q9glhc0000gn/T//cc9p0LAa.s:170    .text.FLASH_OB_SecMemConfig:00000000 FLASH_OB_SecMemConfig
/var/folders/3q/0p8b__hx1wx8zj8b56q9glhc0000gn/T//cc9p0LAa.s:187    .text.FLASH_OB_SecMemConfig:00000014 $d
/var/folders/3q/0p8b__hx1wx8zj8b56q9glhc0000gn/T//cc9p0LAa.s:191    .text.FLASH_OB_GetWRP:00000000 $t
/var/folders/3q/0p8b__hx1wx8zj8b56q9glhc0000gn/T//cc9p0LAa.s:196    .text.FLASH_OB_GetWRP:00000000 FLASH_OB_GetWRP
/var/folders/3q/0p8b__hx1wx8zj8b56q9glhc0000gn/T//cc9p0LAa.s:228    .text.FLASH_OB_GetWRP:00000030 $d
/var/folders/3q/0p8b__hx1wx8zj8b56q9glhc0000gn/T//cc9p0LAa.s:231    .text.FLASH_OB_GetRDP:00000000 $t
/var/folders/3q/0p8b__hx1wx8zj8b56q9glhc0000gn/T//cc9p0LAa.s:236    .text.FLASH_OB_GetRDP:00000000 FLASH_OB_GetRDP
/var/folders/3q/0p8b__hx1wx8zj8b56q9glhc0000gn/T//cc9p0LAa.s:255    .text.FLASH_OB_GetRDP:00000014 $d
/var/folders/3q/0p8b__hx1wx8zj8b56q9glhc0000gn/T//cc9p0LAa.s:258    .text.FLASH_OB_GetUser:00000000 $t
/var/folders/3q/0p8b__hx1wx8zj8b56q9glhc0000gn/T//cc9p0LAa.s:263    .text.FLASH_OB_GetUser:00000000 FLASH_OB_GetUser
/var/folders/3q/0p8b__hx1wx8zj8b56q9glhc0000gn/T//cc9p0LAa.s:276    .text.FLASH_OB_GetUser:0000000c $d
/var/folders/3q/0p8b__hx1wx8zj8b56q9glhc0000gn/T//cc9p0LAa.s:280    .text.FLASH_OB_GetPCROP1A:00000000 $t
/var/folders/3q/0p8b__hx1wx8zj8b56q9glhc0000gn/T//cc9p0LAa.s:285    .text.FLASH_OB_GetPCROP1A:00000000 FLASH_OB_GetPCROP1A
/var/folders/3q/0p8b__hx1wx8zj8b56q9glhc0000gn/T//cc9p0LAa.s:322    .text.FLASH_OB_GetPCROP1A:0000003c $d
/var/folders/3q/0p8b__hx1wx8zj8b56q9glhc0000gn/T//cc9p0LAa.s:326    .text.FLASH_OB_GetPCROP1B:00000000 $t
/var/folders/3q/0p8b__hx1wx8zj8b56q9glhc0000gn/T//cc9p0LAa.s:331    .text.FLASH_OB_GetPCROP1B:00000000 FLASH_OB_GetPCROP1B
/var/folders/3q/0p8b__hx1wx8zj8b56q9glhc0000gn/T//cc9p0LAa.s:360    .text.FLASH_OB_GetPCROP1B:0000002c $d
/var/folders/3q/0p8b__hx1wx8zj8b56q9glhc0000gn/T//cc9p0LAa.s:364    .text.FLASH_OB_GetSecMem:00000000 $t
/var/folders/3q/0p8b__hx1wx8zj8b56q9glhc0000gn/T//cc9p0LAa.s:369    .text.FLASH_OB_GetSecMem:00000000 FLASH_OB_GetSecMem
/var/folders/3q/0p8b__hx1wx8zj8b56q9glhc0000gn/T//cc9p0LAa.s:388    .text.FLASH_OB_GetSecMem:00000018 $d
/var/folders/3q/0p8b__hx1wx8zj8b56q9glhc0000gn/T//cc9p0LAa.s:391    .text.HAL_FLASHEx_OBProgram:00000000 $t
/var/folders/3q/0p8b__hx1wx8zj8b56q9glhc0000gn/T//cc9p0LAa.s:397    .text.HAL_FLASHEx_OBProgram:00000000 HAL_FLASHEx_OBProgram
/var/folders/3q/0p8b__hx1wx8zj8b56q9glhc0000gn/T//cc9p0LAa.s:514    .text.HAL_FLASHEx_OBProgram:000000d4 $d
/var/folders/3q/0p8b__hx1wx8zj8b56q9glhc0000gn/T//cc9p0LAa.s:520    .text.HAL_FLASHEx_OBGetConfig:00000000 $t
/var/folders/3q/0p8b__hx1wx8zj8b56q9glhc0000gn/T//cc9p0LAa.s:526    .text.HAL_FLASHEx_OBGetConfig:00000000 HAL_FLASHEx_OBGetConfig
/var/folders/3q/0p8b__hx1wx8zj8b56q9glhc0000gn/T//cc9p0LAa.s:571    .text.HAL_FLASHEx_OBGetConfig:00000058 $d
/var/folders/3q/0p8b__hx1wx8zj8b56q9glhc0000gn/T//cc9p0LAa.s:574    .text.HAL_FLASHEx_EnableDebugger:00000000 $t
/var/folders/3q/0p8b__hx1wx8zj8b56q9glhc0000gn/T//cc9p0LAa.s:580    .text.HAL_FLASHEx_EnableDebugger:00000000 HAL_FLASHEx_EnableDebugger
/var/folders/3q/0p8b__hx1wx8zj8b56q9glhc0000gn/T//cc9p0LAa.s:595    .text.HAL_FLASHEx_EnableDebugger:00000010 $d
/var/folders/3q/0p8b__hx1wx8zj8b56q9glhc0000gn/T//cc9p0LAa.s:598    .text.HAL_FLASHEx_DisableDebugger:00000000 $t
/var/folders/3q/0p8b__hx1wx8zj8b56q9glhc0000gn/T//cc9p0LAa.s:604    .text.HAL_FLASHEx_DisableDebugger:00000000 HAL_FLASHEx_DisableDebugger
/var/folders/3q/0p8b__hx1wx8zj8b56q9glhc0000gn/T//cc9p0LAa.s:618    .text.HAL_FLASHEx_DisableDebugger:0000000c $d
/var/folders/3q/0p8b__hx1wx8zj8b56q9glhc0000gn/T//cc9p0LAa.s:622    .text.HAL_FLASHEx_FlashEmptyCheck:00000000 $t
/var/folders/3q/0p8b__hx1wx8zj8b56q9glhc0000gn/T//cc9p0LAa.s:628    .text.HAL_FLASHEx_FlashEmptyCheck:00000000 HAL_FLASHEx_FlashEmptyCheck
/var/folders/3q/0p8b__hx1wx8zj8b56q9glhc0000gn/T//cc9p0LAa.s:642    .text.HAL_FLASHEx_FlashEmptyCheck:0000000c $d
/var/folders/3q/0p8b__hx1wx8zj8b56q9glhc0000gn/T//cc9p0LAa.s:645    .text.HAL_FLASHEx_ForceFlashEmpty:00000000 $t
/var/folders/3q/0p8b__hx1wx8zj8b56q9glhc0000gn/T//cc9p0LAa.s:651    .text.HAL_FLASHEx_ForceFlashEmpty:00000000 HAL_FLASHEx_ForceFlashEmpty
/var/folders/3q/0p8b__hx1wx8zj8b56q9glhc0000gn/T//cc9p0LAa.s:666    .text.HAL_FLASHEx_ForceFlashEmpty:00000010 $d
/var/folders/3q/0p8b__hx1wx8zj8b56q9glhc0000gn/T//cc9p0LAa.s:670    .text.HAL_FLASHEx_EnableSecMemProtection:00000000 $t
ARM GAS  /var/folders/3q/0p8b__hx1wx8zj8b56q9glhc0000gn/T//cc9p0LAa.s 			page 18


/var/folders/3q/0p8b__hx1wx8zj8b56q9glhc0000gn/T//cc9p0LAa.s:676    .text.HAL_FLASHEx_EnableSecMemProtection:00000000 HAL_FLASHEx_EnableSecMemProtection
/var/folders/3q/0p8b__hx1wx8zj8b56q9glhc0000gn/T//cc9p0LAa.s:691    .text.HAL_FLASHEx_EnableSecMemProtection:00000010 $d
/var/folders/3q/0p8b__hx1wx8zj8b56q9glhc0000gn/T//cc9p0LAa.s:694    .text.FLASH_PageErase:00000000 $t
/var/folders/3q/0p8b__hx1wx8zj8b56q9glhc0000gn/T//cc9p0LAa.s:700    .text.FLASH_PageErase:00000000 FLASH_PageErase
/var/folders/3q/0p8b__hx1wx8zj8b56q9glhc0000gn/T//cc9p0LAa.s:718    .text.FLASH_PageErase:00000014 $d
/var/folders/3q/0p8b__hx1wx8zj8b56q9glhc0000gn/T//cc9p0LAa.s:722    .text.HAL_FLASHEx_Erase:00000000 $t
/var/folders/3q/0p8b__hx1wx8zj8b56q9glhc0000gn/T//cc9p0LAa.s:728    .text.HAL_FLASHEx_Erase:00000000 HAL_FLASHEx_Erase
/var/folders/3q/0p8b__hx1wx8zj8b56q9glhc0000gn/T//cc9p0LAa.s:797    .text.HAL_FLASHEx_Erase:00000078 $d
/var/folders/3q/0p8b__hx1wx8zj8b56q9glhc0000gn/T//cc9p0LAa.s:801    .text.HAL_FLASHEx_Erase_IT:00000000 $t
/var/folders/3q/0p8b__hx1wx8zj8b56q9glhc0000gn/T//cc9p0LAa.s:807    .text.HAL_FLASHEx_Erase_IT:00000000 HAL_FLASHEx_Erase_IT
/var/folders/3q/0p8b__hx1wx8zj8b56q9glhc0000gn/T//cc9p0LAa.s:864    .text.HAL_FLASHEx_Erase_IT:00000064 $d
/var/folders/3q/0p8b__hx1wx8zj8b56q9glhc0000gn/T//cc9p0LAa.s:868    .text.FLASH_FlushCaches:00000000 $t
/var/folders/3q/0p8b__hx1wx8zj8b56q9glhc0000gn/T//cc9p0LAa.s:874    .text.FLASH_FlushCaches:00000000 FLASH_FlushCaches
/var/folders/3q/0p8b__hx1wx8zj8b56q9glhc0000gn/T//cc9p0LAa.s:907    .text.FLASH_FlushCaches:00000030 $d

UNDEFINED SYMBOLS
FLASH_WaitForLastOperation
pFlash
