ARM GAS  /var/folders/3q/0p8b__hx1wx8zj8b56q9glhc0000gn/T//ccKlxJ1e.s 			page 1


   1              		.cpu cortex-m0plus
   2              		.arch armv6s-m
   3              		.fpu softvfp
   4              		.eabi_attribute 20, 1
   5              		.eabi_attribute 21, 1
   6              		.eabi_attribute 23, 3
   7              		.eabi_attribute 24, 1
   8              		.eabi_attribute 25, 1
   9              		.eabi_attribute 26, 1
  10              		.eabi_attribute 30, 1
  11              		.eabi_attribute 34, 0
  12              		.eabi_attribute 18, 4
  13              		.file	"sysmem.c"
  14              		.text
  15              		.section	.text._sbrk,"ax",%progbits
  16              		.align	1
  17              		.global	_sbrk
  18              		.syntax unified
  19              		.code	16
  20              		.thumb_func
  22              	_sbrk:
  23              		@ args = 0, pretend = 0, frame = 0
  24              		@ frame_needed = 0, uses_anonymous_args = 0
  25 0000 10B5     		push	{r4, lr}
  26 0002 0300     		movs	r3, r0
  27 0004 0C4A     		ldr	r2, .L7
  28 0006 0D49     		ldr	r1, .L7+4
  29 0008 521A     		subs	r2, r2, r1
  30 000a 0D49     		ldr	r1, .L7+8
  31 000c 0968     		ldr	r1, [r1]
  32 000e 0029     		cmp	r1, #0
  33 0010 07D0     		beq	.L5
  34              	.L2:
  35 0012 0B49     		ldr	r1, .L7+8
  36 0014 0868     		ldr	r0, [r1]
  37 0016 C318     		adds	r3, r0, r3
  38 0018 9342     		cmp	r3, r2
  39 001a 06D8     		bhi	.L6
  40 001c 084A     		ldr	r2, .L7+8
  41 001e 1360     		str	r3, [r2]
  42              	.L1:
  43              		@ sp needed
  44 0020 10BD     		pop	{r4, pc}
  45              	.L5:
  46 0022 0749     		ldr	r1, .L7+8
  47 0024 0748     		ldr	r0, .L7+12
  48 0026 0860     		str	r0, [r1]
  49 0028 F3E7     		b	.L2
  50              	.L6:
  51 002a FFF7FEFF 		bl	__errno
  52 002e 0C23     		movs	r3, #12
  53 0030 0360     		str	r3, [r0]
  54 0032 0120     		movs	r0, #1
  55 0034 4042     		rsbs	r0, r0, #0
  56 0036 F3E7     		b	.L1
  57              	.L8:
  58              		.align	2
ARM GAS  /var/folders/3q/0p8b__hx1wx8zj8b56q9glhc0000gn/T//ccKlxJ1e.s 			page 2


  59              	.L7:
  60 0038 00000000 		.word	_estack
  61 003c 00000000 		.word	_Min_Stack_Size
  62 0040 00000000 		.word	__sbrk_heap_end
  63 0044 00000000 		.word	_end
  65              		.section	.bss.__sbrk_heap_end,"aw",%nobits
  66              		.align	2
  69              	__sbrk_heap_end:
  70 0000 00000000 		.space	4
  71              		.ident	"GCC: (xPack GNU Arm Embedded GCC arm64) 14.2.1 20241119"
ARM GAS  /var/folders/3q/0p8b__hx1wx8zj8b56q9glhc0000gn/T//ccKlxJ1e.s 			page 3


DEFINED SYMBOLS
                            *ABS*:00000000 sysmem.c
/var/folders/3q/0p8b__hx1wx8zj8b56q9glhc0000gn/T//ccKlxJ1e.s:16     .text._sbrk:00000000 $t
/var/folders/3q/0p8b__hx1wx8zj8b56q9glhc0000gn/T//ccKlxJ1e.s:22     .text._sbrk:00000000 _sbrk
/var/folders/3q/0p8b__hx1wx8zj8b56q9glhc0000gn/T//ccKlxJ1e.s:60     .text._sbrk:00000038 $d
/var/folders/3q/0p8b__hx1wx8zj8b56q9glhc0000gn/T//ccKlxJ1e.s:69     .bss.__sbrk_heap_end:00000000 __sbrk_heap_end
/var/folders/3q/0p8b__hx1wx8zj8b56q9glhc0000gn/T//ccKlxJ1e.s:66     .bss.__sbrk_heap_end:00000000 $d

UNDEFINED SYMBOLS
__errno
_estack
_Min_Stack_Size
_end
