ARM GAS  /var/folders/3q/0p8b__hx1wx8zj8b56q9glhc0000gn/T//ccdnTjni.s 			page 1


   1              		.cpu cortex-m0plus
   2              		.arch armv6s-m
   3              		.fpu softvfp
   4              		.eabi_attribute 20, 1
   5              		.eabi_attribute 21, 1
   6              		.eabi_attribute 23, 3
   7              		.eabi_attribute 24, 1
   8              		.eabi_attribute 25, 1
   9              		.eabi_attribute 26, 1
  10              		.eabi_attribute 30, 1
  11              		.eabi_attribute 34, 0
  12              		.eabi_attribute 18, 4
  13              		.file	"system_stm32c0xx.c"
  14              		.text
  15              		.section	.text.SystemInit,"ax",%progbits
  16              		.align	1
  17              		.global	SystemInit
  18              		.syntax unified
  19              		.code	16
  20              		.thumb_func
  22              	SystemInit:
  23              		@ args = 0, pretend = 0, frame = 0
  24              		@ frame_needed = 0, uses_anonymous_args = 0
  25              		@ link register save eliminated.
  26 0000 024B     		ldr	r3, .L2
  27 0002 8022     		movs	r2, #128
  28 0004 1205     		lsls	r2, r2, #20
  29 0006 9A60     		str	r2, [r3, #8]
  30              		@ sp needed
  31 0008 7047     		bx	lr
  32              	.L3:
  33 000a C046     		.align	2
  34              	.L2:
  35 000c 00ED00E0 		.word	-536810240
  37              		.section	.text.SystemCoreClockUpdate,"ax",%progbits
  38              		.align	1
  39              		.global	SystemCoreClockUpdate
  40              		.syntax unified
  41              		.code	16
  42              		.thumb_func
  44              	SystemCoreClockUpdate:
  45              		@ args = 0, pretend = 0, frame = 0
  46              		@ frame_needed = 0, uses_anonymous_args = 0
  47              		@ link register save eliminated.
  48 0000 164B     		ldr	r3, .L9
  49 0002 9A68     		ldr	r2, [r3, #8]
  50 0004 3823     		movs	r3, #56
  51 0006 1340     		ands	r3, r2
  52 0008 182B     		cmp	r3, #24
  53 000a 13D0     		beq	.L5
  54 000c 202B     		cmp	r3, #32
  55 000e 16D0     		beq	.L6
  56 0010 082B     		cmp	r3, #8
  57 0012 19D1     		bne	.L7
  58 0014 124B     		ldr	r3, .L9+4
  59 0016 134A     		ldr	r2, .L9+8
  60 0018 1A60     		str	r2, [r3]
ARM GAS  /var/folders/3q/0p8b__hx1wx8zj8b56q9glhc0000gn/T//ccdnTjni.s 			page 2


  61              	.L8:
  62 001a 104B     		ldr	r3, .L9
  63 001c 9A68     		ldr	r2, [r3, #8]
  64 001e 120A     		lsrs	r2, r2, #8
  65 0020 0F23     		movs	r3, #15
  66 0022 1340     		ands	r3, r2
  67 0024 104A     		ldr	r2, .L9+12
  68 0026 9B00     		lsls	r3, r3, #2
  69 0028 9958     		ldr	r1, [r3, r2]
  70 002a 0D4A     		ldr	r2, .L9+4
  71 002c 1368     		ldr	r3, [r2]
  72 002e CB40     		lsrs	r3, r3, r1
  73 0030 1360     		str	r3, [r2]
  74              		@ sp needed
  75 0032 7047     		bx	lr
  76              	.L5:
  77 0034 0A4B     		ldr	r3, .L9+4
  78 0036 FA22     		movs	r2, #250
  79 0038 D201     		lsls	r2, r2, #7
  80 003a 1A60     		str	r2, [r3]
  81 003c EDE7     		b	.L8
  82              	.L6:
  83 003e 084B     		ldr	r3, .L9+4
  84 0040 8022     		movs	r2, #128
  85 0042 1202     		lsls	r2, r2, #8
  86 0044 1A60     		str	r2, [r3]
  87 0046 E8E7     		b	.L8
  88              	.L7:
  89 0048 044B     		ldr	r3, .L9
  90 004a 1B68     		ldr	r3, [r3]
  91 004c DB0A     		lsrs	r3, r3, #11
  92 004e 0722     		movs	r2, #7
  93 0050 1A40     		ands	r2, r3
  94 0052 044B     		ldr	r3, .L9+8
  95 0054 D340     		lsrs	r3, r3, r2
  96 0056 024A     		ldr	r2, .L9+4
  97 0058 1360     		str	r3, [r2]
  98 005a DEE7     		b	.L8
  99              	.L10:
 100              		.align	2
 101              	.L9:
 102 005c 00100240 		.word	1073876992
 103 0060 00000000 		.word	SystemCoreClock
 104 0064 006CDC02 		.word	48000000
 105 0068 00000000 		.word	AHBPrescTable
 107              		.global	APBPrescTable
 108              		.section	.rodata.APBPrescTable,"a"
 109              		.align	2
 112              	APBPrescTable:
 113 0000 00000000 		.word	0
 114 0004 00000000 		.word	0
 115 0008 00000000 		.word	0
 116 000c 00000000 		.word	0
 117 0010 01000000 		.word	1
 118 0014 02000000 		.word	2
 119 0018 03000000 		.word	3
 120 001c 04000000 		.word	4
ARM GAS  /var/folders/3q/0p8b__hx1wx8zj8b56q9glhc0000gn/T//ccdnTjni.s 			page 3


 121              		.global	AHBPrescTable
 122              		.section	.rodata.AHBPrescTable,"a"
 123              		.align	2
 126              	AHBPrescTable:
 127 0000 00000000 		.word	0
 128 0004 00000000 		.word	0
 129 0008 00000000 		.word	0
 130 000c 00000000 		.word	0
 131 0010 00000000 		.word	0
 132 0014 00000000 		.word	0
 133 0018 00000000 		.word	0
 134 001c 00000000 		.word	0
 135 0020 01000000 		.word	1
 136 0024 02000000 		.word	2
 137 0028 03000000 		.word	3
 138 002c 04000000 		.word	4
 139 0030 06000000 		.word	6
 140 0034 07000000 		.word	7
 141 0038 08000000 		.word	8
 142 003c 09000000 		.word	9
 143              		.global	SystemCoreClock
 144              		.section	.data.SystemCoreClock,"aw"
 145              		.align	2
 148              	SystemCoreClock:
 149 0000 001BB700 		.word	12000000
 150              		.ident	"GCC: (xPack GNU Arm Embedded GCC arm64) 14.2.1 20241119"
ARM GAS  /var/folders/3q/0p8b__hx1wx8zj8b56q9glhc0000gn/T//ccdnTjni.s 			page 4


DEFINED SYMBOLS
                            *ABS*:00000000 system_stm32c0xx.c
/var/folders/3q/0p8b__hx1wx8zj8b56q9glhc0000gn/T//ccdnTjni.s:16     .text.SystemInit:00000000 $t
/var/folders/3q/0p8b__hx1wx8zj8b56q9glhc0000gn/T//ccdnTjni.s:22     .text.SystemInit:00000000 SystemInit
/var/folders/3q/0p8b__hx1wx8zj8b56q9glhc0000gn/T//ccdnTjni.s:35     .text.SystemInit:0000000c $d
/var/folders/3q/0p8b__hx1wx8zj8b56q9glhc0000gn/T//ccdnTjni.s:38     .text.SystemCoreClockUpdate:00000000 $t
/var/folders/3q/0p8b__hx1wx8zj8b56q9glhc0000gn/T//ccdnTjni.s:44     .text.SystemCoreClockUpdate:00000000 SystemCoreClockUpdate
/var/folders/3q/0p8b__hx1wx8zj8b56q9glhc0000gn/T//ccdnTjni.s:102    .text.SystemCoreClockUpdate:0000005c $d
/var/folders/3q/0p8b__hx1wx8zj8b56q9glhc0000gn/T//ccdnTjni.s:148    .data.SystemCoreClock:00000000 SystemCoreClock
/var/folders/3q/0p8b__hx1wx8zj8b56q9glhc0000gn/T//ccdnTjni.s:126    .rodata.AHBPrescTable:00000000 AHBPrescTable
/var/folders/3q/0p8b__hx1wx8zj8b56q9glhc0000gn/T//ccdnTjni.s:112    .rodata.APBPrescTable:00000000 APBPrescTable
/var/folders/3q/0p8b__hx1wx8zj8b56q9glhc0000gn/T//ccdnTjni.s:109    .rodata.APBPrescTable:00000000 $d
/var/folders/3q/0p8b__hx1wx8zj8b56q9glhc0000gn/T//ccdnTjni.s:123    .rodata.AHBPrescTable:00000000 $d
/var/folders/3q/0p8b__hx1wx8zj8b56q9glhc0000gn/T//ccdnTjni.s:145    .data.SystemCoreClock:00000000 $d

NO UNDEFINED SYMBOLS
